#
# There is insufficient memory for the Java Runtime Environment to continue.
# Native memory allocation (mmap) failed to map 112197632 bytes for G1 virtual space
# Possible reasons:
#   The system is out of physical RAM or swap space
#   The process is running with CompressedOops enabled, and the Java Heap may be blocking the growth of the native heap
# Possible solutions:
#   Reduce memory load on the system
#   Increase physical memory or swap space
#   Check if swap backing store is full
#   Decrease Java heap size (-Xmx/-Xms)
#   Decrease number of Java threads
#   Decrease Java thread stack sizes (-Xss)
#   Set larger code cache with -XX:ReservedCodeCacheSize=
#   JVM is running with Unscaled Compressed Oops mode in which the Java heap is
#     placed in the first 4GB address space. The Java Heap base address is the
#     maximum limit for the native heap growth. Please use -XX:HeapBaseMinAddress
#     to set the Java Heap base and to place the Java Heap above 4GB virtual address.
# This output file may be truncated or incomplete.
#
#  Out of Memory Error (os_windows.cpp:3769), pid=11788, tid=25104
#
# JRE version: OpenJDK Runtime Environment (17.0.6) (build 17.0.6+0-b2043.56-9586694)
# Java VM: OpenJDK 64-Bit Server VM (17.0.6+0-b2043.56-9586694, mixed mode, tiered, compressed oops, compressed class ptrs, g1 gc, windows-amd64)
# No core dump will be written. Minidumps are not enabled by default on client versions of Windows
#

---------------  S U M M A R Y ------------

Command Line: --add-opens=java.base/java.util=ALL-UNNAMED --add-opens=java.base/java.lang=ALL-UNNAMED --add-opens=java.base/java.lang.invoke=ALL-UNNAMED --add-opens=java.prefs/java.util.prefs=ALL-UNNAMED --add-opens=java.base/java.nio.charset=ALL-UNNAMED --add-opens=java.base/java.net=ALL-UNNAMED --add-opens=java.base/java.util.concurrent.atomic=ALL-UNNAMED -Xmx2048m -Dfile.encoding=UTF-8 -Duser.country=US -Duser.language=en -Duser.variant org.gradle.launcher.daemon.bootstrap.GradleDaemon 8.0

Host: AMD Ryzen 5 3550H with Radeon Vega Mobile Gfx  , 8 cores, 5G,  Windows 10 , 64 bit Build 19041 (10.0.19041.3155)
Time: Sun Aug 13 17:22:16 2023 India Standard Time elapsed time: 26.827649 seconds (0d 0h 0m 26s)

---------------  T H R E A D  ---------------

Current thread (0x00000156497abe10):  VMThread "VM Thread" [stack: 0x0000002bca700000,0x0000002bca800000] [id=25104]

Stack: [0x0000002bca700000,0x0000002bca800000]
Native frames: (J=compiled Java code, j=interpreted, Vv=VM code, C=native code)
V  [jvm.dll+0x683b4a]
V  [jvm.dll+0x842654]
V  [jvm.dll+0x843dfe]
V  [jvm.dll+0x844463]
V  [jvm.dll+0x249b75]
V  [jvm.dll+0x680a19]
V  [jvm.dll+0x674f0a]
V  [jvm.dll+0x309acb]
V  [jvm.dll+0x310f86]
V  [jvm.dll+0x3608ee]
V  [jvm.dll+0x360b1f]
V  [jvm.dll+0x2dfbf8]
V  [jvm.dll+0x2ddec4]
V  [jvm.dll+0x2dd4cc]
V  [jvm.dll+0x321f3b]
V  [jvm.dll+0x84893b]
V  [jvm.dll+0x849674]
V  [jvm.dll+0x849b8d]
V  [jvm.dll+0x849f64]
V  [jvm.dll+0x84a030]
V  [jvm.dll+0x7f25fa]
V  [jvm.dll+0x682985]
C  [ucrtbase.dll+0x21bb2]
C  [KERNEL32.DLL+0x17614]
C  [ntdll.dll+0x526b1]

VM_Operation (0x0000002bd0ef7eb0): G1CollectForAllocation, mode: safepoint, requested by thread 0x0000015650a514c0


---------------  P R O C E S S  ---------------

Threads class SMR info:
_java_thread_list=0x0000015655af0e50, length=140, elements={
0x000001562f92c5e0, 0x000001564a012250, 0x0000015649780470, 0x00000156497b81d0,
0x00000156497b9ca0, 0x00000156497bc970, 0x00000156497bd230, 0x000001564a033f70,
0x000001564a034480, 0x000001564a037570, 0x000001564a1a9ef0, 0x000001564a1d1010,
0x000001564bb8b850, 0x000001564b888610, 0x000001564cd1f080, 0x000001564d9907e0,
0x000001564c989fc0, 0x000001564d7ac120, 0x000001564d7acac0, 0x000001564d7ad460,
0x000001564d7ab2b0, 0x000001564d7acf90, 0x000001564d7aa910, 0x000001564d7aade0,
0x000001564d7ad930, 0x000001564d7a9f70, 0x000001564d7aa440, 0x000001564d7abc50,
0x000001564d7ac5f0, 0x000001564d775060, 0x000001564d773380, 0x000001564d774b90,
0x000001564d7776e0, 0x000001564d7746c0, 0x000001564d778080, 0x000001564d776870,
0x000001564d778550, 0x000001564d7729e0, 0x000001564d773d20, 0x000001564d775530,
0x000001564d777210, 0x000001564d775a00, 0x000001564d778a20, 0x000001564d772510,
0x000001564d778ef0, 0x000001564d775ed0, 0x000001564d7741f0, 0x000001564d779890,
0x000001564d772040, 0x0000015650811f80, 0x00000156508115e0, 0x00000156508102a0,
0x0000015650810c40, 0x0000015650812920, 0x0000015650811110, 0x0000015650812df0,
0x0000015650812450, 0x00000156508132c0, 0x0000015650810770, 0x0000015650811ab0,
0x000001565080f900, 0x000001565080fdd0, 0x0000015650e0b620, 0x0000015650e0ac80,
0x0000015650e0eb10, 0x0000015650e0e170, 0x0000015650e0b150, 0x0000015650e0baf0,
0x0000015650e0c960, 0x0000015650e0bfc0, 0x0000015650e0d7d0, 0x0000015650e0a2e0,
0x0000015650e0d300, 0x0000015650e0c490, 0x0000015650e07790, 0x0000015650e0a7b0,
0x0000015650e0ce30, 0x0000015650e0e640, 0x0000015650e0dca0, 0x0000015650e08fa0,
0x0000015650e08130, 0x0000015650e0efe0, 0x0000015650e07c60, 0x0000015650e08600,
0x0000015650e08ad0, 0x0000015650e09470, 0x0000015650e09e10, 0x0000015650e09940,
0x0000015650a4f7e0, 0x0000015650a53b40, 0x0000015650a52330, 0x0000015650a51e60,
0x0000015650a4f310, 0x0000015650a514c0, 0x0000015650a54010, 0x0000015650a531a0,
0x0000015650a50b20, 0x0000015650a4ee40, 0x0000015650a50ff0, 0x0000015650a51990,
0x0000015650a55350, 0x0000015650a4fcb0, 0x0000015650a55820, 0x0000015650a52800,
0x0000015650a50180, 0x0000015650a50650, 0x0000015650a4dfd0, 0x0000015650a52cd0,
0x0000015650a4e4a0, 0x0000015650a544e0, 0x0000015650a53670, 0x0000015650a549b0,
0x0000015650a54e80, 0x0000015650a4e970, 0x000001564df87570, 0x000001564df8a590,
0x000001564df86bd0, 0x000001564df87a40, 0x000001564df86700, 0x000001564df84ef0,
0x000001564df84550, 0x000001564df883e0, 0x000001564df870a0, 0x000001564df89bf0,
0x000001564df87f10, 0x000001564df83210, 0x000001564df85890, 0x000001564df8aa60,
0x000001564df836e0, 0x000001564df83bb0, 0x000001564df84a20, 0x000001564df84080,
0x000001564df853c0, 0x000001565466fad0, 0x0000015654670470, 0x000001565466f130,
0x000001564de8fc30, 0x000001564fd7bf80, 0x0000015650b1c160, 0x0000015650b17060
}

Java Threads: ( => current thread )
  0x000001562f92c5e0 JavaThread "main" [_thread_blocked, id=6616, stack(0x0000002bca100000,0x0000002bca200000)]
  0x000001564a012250 JavaThread "Reference Handler" daemon [_thread_blocked, id=25124, stack(0x0000002bca800000,0x0000002bca900000)]
  0x0000015649780470 JavaThread "Finalizer" daemon [_thread_blocked, id=25132, stack(0x0000002bca900000,0x0000002bcaa00000)]
  0x00000156497b81d0 JavaThread "Signal Dispatcher" daemon [_thread_blocked, id=25136, stack(0x0000002bcaa00000,0x0000002bcab00000)]
  0x00000156497b9ca0 JavaThread "Attach Listener" daemon [_thread_blocked, id=25140, stack(0x0000002bcab00000,0x0000002bcac00000)]
  0x00000156497bc970 JavaThread "Service Thread" daemon [_thread_blocked, id=25144, stack(0x0000002bcac00000,0x0000002bcad00000)]
  0x00000156497bd230 JavaThread "Monitor Deflation Thread" daemon [_thread_blocked, id=25148, stack(0x0000002bcad00000,0x0000002bcae00000)]
  0x000001564a033f70 JavaThread "C2 CompilerThread0" daemon [_thread_blocked, id=25152, stack(0x0000002bcae00000,0x0000002bcaf00000)]
  0x000001564a034480 JavaThread "C1 CompilerThread0" daemon [_thread_blocked, id=25156, stack(0x0000002bcaf00000,0x0000002bcb000000)]
  0x000001564a037570 JavaThread "Sweeper thread" daemon [_thread_blocked, id=25160, stack(0x0000002bcb000000,0x0000002bcb100000)]
  0x000001564a1a9ef0 JavaThread "Common-Cleaner" daemon [_thread_blocked, id=25164, stack(0x0000002bcb100000,0x0000002bcb200000)]
  0x000001564a1d1010 JavaThread "Notification Thread" daemon [_thread_blocked, id=16272, stack(0x0000002bcb200000,0x0000002bcb300000)]
  0x000001564bb8b850 JavaThread "Daemon health stats" [_thread_blocked, id=24964, stack(0x0000002bcba00000,0x0000002bcbb00000)]
  0x000001564b888610 JavaThread "Incoming local TCP Connector on port 57218" [_thread_in_native, id=18832, stack(0x0000002bcb900000,0x0000002bcba00000)]
  0x000001564cd1f080 JavaThread "Daemon periodic checks" [_thread_blocked, id=5188, stack(0x0000002bcbb00000,0x0000002bcbc00000)]
  0x000001564d9907e0 JavaThread "Daemon" [_thread_blocked, id=17648, stack(0x0000002bcbd00000,0x0000002bcbe00000)]
  0x000001564c989fc0 JavaThread "Handler for socket connection from /127.0.0.1:57218 to /127.0.0.1:57219" [_thread_in_native, id=18836, stack(0x0000002bcbe00000,0x0000002bcbf00000)]
  0x000001564d7ac120 JavaThread "Cancel handler" [_thread_blocked, id=9732, stack(0x0000002bcbf00000,0x0000002bcc000000)]
  0x000001564d7acac0 JavaThread "Daemon worker" [_thread_blocked, id=24844, stack(0x0000002bcc000000,0x0000002bcc100000)]
  0x000001564d7ad460 JavaThread "Asynchronous log dispatcher for DefaultDaemonConnection: socket connection from /127.0.0.1:57218 to /127.0.0.1:57219" [_thread_blocked, id=18492, stack(0x0000002bcc100000,0x0000002bcc200000)]
  0x000001564d7ab2b0 JavaThread "Stdin handler" [_thread_blocked, id=12048, stack(0x0000002bcc200000,0x0000002bcc300000)]
  0x000001564d7acf90 JavaThread "Daemon client event forwarder" [_thread_blocked, id=24976, stack(0x0000002bcc300000,0x0000002bcc400000)]
  0x000001564d7aa910 JavaThread "Cache worker for journal cache (C:\Users\jaisw\.gradle\caches\journal-1)" [_thread_blocked, id=20444, stack(0x0000002bcc800000,0x0000002bcc900000)]
  0x000001564d7aade0 JavaThread "File lock request listener" [_thread_in_native, id=20136, stack(0x0000002bcc900000,0x0000002bcca00000)]
  0x000001564d7ad930 JavaThread "Cache worker for file hash cache (C:\Users\jaisw\.gradle\caches\8.0\fileHashes)" [_thread_blocked, id=7768, stack(0x0000002bcca00000,0x0000002bccb00000)]
  0x000001564d7a9f70 JavaThread "File watcher server" daemon [_thread_blocked, id=9988, stack(0x0000002bccb00000,0x0000002bccc00000)]
  0x000001564d7aa440 JavaThread "File watcher consumer" daemon [_thread_blocked, id=25032, stack(0x0000002bccc00000,0x0000002bccd00000)]
  0x000001564d7abc50 JavaThread "Cache worker for checksums cache (C:\Users\jaisw\AndroidStudioProjects\NewsWave\.gradle\8.0\checksums)" [_thread_blocked, id=7648, stack(0x0000002bcbc00000,0x0000002bcbd00000)]
  0x000001564d7ac5f0 JavaThread "Cache worker for cache directory md-rule (C:\Users\jaisw\.gradle\caches\8.0\md-rule)" [_thread_blocked, id=25284, stack(0x0000002bccd00000,0x0000002bcce00000)]
  0x000001564d775060 JavaThread "Cache worker for file content cache (C:\Users\jaisw\.gradle\caches\8.0\fileContent)" [_thread_blocked, id=19036, stack(0x0000002bcce00000,0x0000002bccf00000)]
  0x000001564d773380 JavaThread "Cache worker for file hash cache (C:\Users\jaisw\AndroidStudioProjects\NewsWave\.gradle\8.0\fileHashes)" [_thread_blocked, id=24624, stack(0x0000002bccf00000,0x0000002bcd000000)]
  0x000001564d774b90 JavaThread "Cache worker for cache directory md-supplier (C:\Users\jaisw\.gradle\caches\8.0\md-supplier)" [_thread_blocked, id=24632, stack(0x0000002bcd000000,0x0000002bcd100000)]
  0x000001564d7776e0 JavaThread "Cache worker for execution history cache (C:\Users\jaisw\.gradle\caches\8.0\executionHistory)" [_thread_blocked, id=24652, stack(0x0000002bcb500000,0x0000002bcb600000)]
  0x000001564d7746c0 JavaThread "jar transforms" [_thread_blocked, id=24908, stack(0x0000002bcd200000,0x0000002bcd300000)]
  0x000001564d778080 JavaThread "jar transforms Thread 2" [_thread_blocked, id=24696, stack(0x0000002bcd300000,0x0000002bcd400000)]
  0x000001564d776870 JavaThread "jar transforms Thread 3" [_thread_blocked, id=25420, stack(0x0000002bcd500000,0x0000002bcd600000)]
  0x000001564d778550 JavaThread "jar transforms Thread 4" [_thread_blocked, id=8572, stack(0x0000002bcd600000,0x0000002bcd700000)]
  0x000001564d7729e0 JavaThread "Cache worker for dependencies-accessors (C:\Users\jaisw\AndroidStudioProjects\NewsWave\.gradle\8.0\dependencies-accessors)" [_thread_blocked, id=22504, stack(0x0000002bcd700000,0x0000002bcd800000)]
  0x000001564d773d20 JavaThread "jar transforms Thread 5" [_thread_blocked, id=25408, stack(0x0000002bcd800000,0x0000002bcd900000)]
  0x000001564d775530 JavaThread "Cache worker for Build Output Cleanup Cache (C:\Users\jaisw\AndroidStudioProjects\NewsWave\.gradle\buildOutputCleanup)" [_thread_blocked, id=2664, stack(0x0000002bcd100000,0x0000002bcd200000)]
  0x000001564d777210 JavaThread "Unconstrained build operations" [_thread_blocked, id=25412, stack(0x0000002bcd900000,0x0000002bcda00000)]
  0x000001564d775a00 JavaThread "Unconstrained build operations Thread 2" [_thread_blocked, id=25416, stack(0x0000002bcda00000,0x0000002bcdb00000)]
  0x000001564d778a20 JavaThread "Unconstrained build operations Thread 3" [_thread_blocked, id=25276, stack(0x0000002bcdb00000,0x0000002bcdc00000)]
  0x000001564d772510 JavaThread "Unconstrained build operations Thread 4" [_thread_blocked, id=23500, stack(0x0000002bcdc00000,0x0000002bcdd00000)]
  0x000001564d778ef0 JavaThread "Unconstrained build operations Thread 5" [_thread_blocked, id=12796, stack(0x0000002bcdd00000,0x0000002bcde00000)]
  0x000001564d775ed0 JavaThread "Unconstrained build operations Thread 6" [_thread_blocked, id=21512, stack(0x0000002bcde00000,0x0000002bcdf00000)]
  0x000001564d7741f0 JavaThread "Unconstrained build operations Thread 7" [_thread_blocked, id=25272, stack(0x0000002bcdf00000,0x0000002bce000000)]
  0x000001564d779890 JavaThread "Unconstrained build operations Thread 8" [_thread_blocked, id=2764, stack(0x0000002bce000000,0x0000002bce100000)]
  0x000001564d772040 JavaThread "Unconstrained build operations Thread 9" [_thread_blocked, id=21532, stack(0x0000002bce100000,0x0000002bce200000)]
  0x0000015650811f80 JavaThread "Unconstrained build operations Thread 10" [_thread_blocked, id=16388, stack(0x0000002bce200000,0x0000002bce300000)]
  0x00000156508115e0 JavaThread "Unconstrained build operations Thread 11" [_thread_blocked, id=19552, stack(0x0000002bce300000,0x0000002bce400000)]
  0x00000156508102a0 JavaThread "Unconstrained build operations Thread 12" [_thread_blocked, id=11676, stack(0x0000002bce400000,0x0000002bce500000)]
  0x0000015650810c40 JavaThread "Unconstrained build operations Thread 13" [_thread_blocked, id=23148, stack(0x0000002bce500000,0x0000002bce600000)]
  0x0000015650812920 JavaThread "Unconstrained build operations Thread 14" [_thread_blocked, id=12484, stack(0x0000002bce600000,0x0000002bce700000)]
  0x0000015650811110 JavaThread "Unconstrained build operations Thread 15" [_thread_blocked, id=24984, stack(0x0000002bce700000,0x0000002bce800000)]
  0x0000015650812df0 JavaThread "Unconstrained build operations Thread 16" [_thread_blocked, id=25580, stack(0x0000002bce800000,0x0000002bce900000)]
  0x0000015650812450 JavaThread "Unconstrained build operations Thread 17" [_thread_blocked, id=15508, stack(0x0000002bce900000,0x0000002bcea00000)]
  0x00000156508132c0 JavaThread "Unconstrained build operations Thread 18" [_thread_blocked, id=13904, stack(0x0000002bcea00000,0x0000002bceb00000)]
  0x0000015650810770 JavaThread "Unconstrained build operations Thread 19" [_thread_blocked, id=7996, stack(0x0000002bceb00000,0x0000002bcec00000)]
  0x0000015650811ab0 JavaThread "Unconstrained build operations Thread 20" [_thread_blocked, id=18272, stack(0x0000002bcec00000,0x0000002bced00000)]
  0x000001565080f900 JavaThread "Unconstrained build operations Thread 21" [_thread_blocked, id=15864, stack(0x0000002bced00000,0x0000002bcee00000)]
  0x000001565080fdd0 JavaThread "Unconstrained build operations Thread 22" [_thread_blocked, id=19120, stack(0x0000002bcee00000,0x0000002bcef00000)]
  0x0000015650e0b620 JavaThread "Unconstrained build operations Thread 23" [_thread_blocked, id=17652, stack(0x0000002bcef00000,0x0000002bcf000000)]
  0x0000015650e0ac80 JavaThread "Unconstrained build operations Thread 24" [_thread_blocked, id=24092, stack(0x0000002bcf000000,0x0000002bcf100000)]
  0x0000015650e0eb10 JavaThread "Unconstrained build operations Thread 25" [_thread_blocked, id=16048, stack(0x0000002bcf100000,0x0000002bcf200000)]
  0x0000015650e0e170 JavaThread "Unconstrained build operations Thread 26" [_thread_blocked, id=13572, stack(0x0000002bcf200000,0x0000002bcf300000)]
  0x0000015650e0b150 JavaThread "Unconstrained build operations Thread 27" [_thread_blocked, id=19596, stack(0x0000002bcf300000,0x0000002bcf400000)]
  0x0000015650e0baf0 JavaThread "Unconstrained build operations Thread 28" [_thread_blocked, id=13440, stack(0x0000002bcf400000,0x0000002bcf500000)]
  0x0000015650e0c960 JavaThread "Unconstrained build operations Thread 29" [_thread_blocked, id=17524, stack(0x0000002bcf500000,0x0000002bcf600000)]
  0x0000015650e0bfc0 JavaThread "Unconstrained build operations Thread 30" [_thread_blocked, id=18344, stack(0x0000002bcf600000,0x0000002bcf700000)]
  0x0000015650e0d7d0 JavaThread "Unconstrained build operations Thread 31" [_thread_blocked, id=5404, stack(0x0000002bcf700000,0x0000002bcf800000)]
  0x0000015650e0a2e0 JavaThread "Unconstrained build operations Thread 32" [_thread_blocked, id=20144, stack(0x0000002bcf800000,0x0000002bcf900000)]
  0x0000015650e0d300 JavaThread "Unconstrained build operations Thread 33" [_thread_blocked, id=16740, stack(0x0000002bcf900000,0x0000002bcfa00000)]
  0x0000015650e0c490 JavaThread "Unconstrained build operations Thread 34" [_thread_blocked, id=5428, stack(0x0000002bcfa00000,0x0000002bcfb00000)]
  0x0000015650e07790 JavaThread "Unconstrained build operations Thread 35" [_thread_blocked, id=8336, stack(0x0000002bcfb00000,0x0000002bcfc00000)]
  0x0000015650e0a7b0 JavaThread "Unconstrained build operations Thread 36" [_thread_blocked, id=18748, stack(0x0000002bcfc00000,0x0000002bcfd00000)]
  0x0000015650e0ce30 JavaThread "Unconstrained build operations Thread 37" [_thread_blocked, id=22560, stack(0x0000002bcfd00000,0x0000002bcfe00000)]
  0x0000015650e0e640 JavaThread "Unconstrained build operations Thread 38" [_thread_blocked, id=8344, stack(0x0000002bcfe00000,0x0000002bcff00000)]
  0x0000015650e0dca0 JavaThread "Unconstrained build operations Thread 39" [_thread_blocked, id=6480, stack(0x0000002bcff00000,0x0000002bd0000000)]
  0x0000015650e08fa0 JavaThread "Unconstrained build operations Thread 40" [_thread_blocked, id=2296, stack(0x0000002bd0000000,0x0000002bd0100000)]
  0x0000015650e08130 JavaThread "Unconstrained build operations Thread 41" [_thread_blocked, id=25048, stack(0x0000002bd0100000,0x0000002bd0200000)]
  0x0000015650e0efe0 JavaThread "Unconstrained build operations Thread 42" [_thread_blocked, id=25052, stack(0x0000002bd0200000,0x0000002bd0300000)]
  0x0000015650e07c60 JavaThread "Unconstrained build operations Thread 43" [_thread_blocked, id=25060, stack(0x0000002bd0300000,0x0000002bd0400000)]
  0x0000015650e08600 JavaThread "Unconstrained build operations Thread 44" [_thread_blocked, id=25056, stack(0x0000002bd0400000,0x0000002bd0500000)]
  0x0000015650e08ad0 JavaThread "Unconstrained build operations Thread 45" [_thread_blocked, id=12504, stack(0x0000002bd0500000,0x0000002bd0600000)]
  0x0000015650e09470 JavaThread "Unconstrained build operations Thread 46" [_thread_blocked, id=9420, stack(0x0000002bd0600000,0x0000002bd0700000)]
  0x0000015650e09e10 JavaThread "Unconstrained build operations Thread 47" [_thread_blocked, id=1324, stack(0x0000002bd0700000,0x0000002bd0800000)]
  0x0000015650e09940 JavaThread "Unconstrained build operations Thread 48" [_thread_blocked, id=24720, stack(0x0000002bd0800000,0x0000002bd0900000)]
  0x0000015650a4f7e0 JavaThread "Unconstrained build operations Thread 49" [_thread_blocked, id=23680, stack(0x0000002bd0900000,0x0000002bd0a00000)]
  0x0000015650a53b40 JavaThread "Unconstrained build operations Thread 50" [_thread_blocked, id=22756, stack(0x0000002bd0a00000,0x0000002bd0b00000)]
  0x0000015650a52330 JavaThread "Unconstrained build operations Thread 51" [_thread_blocked, id=22768, stack(0x0000002bd0b00000,0x0000002bd0c00000)]
  0x0000015650a51e60 JavaThread "Unconstrained build operations Thread 52" [_thread_blocked, id=15668, stack(0x0000002bd0c00000,0x0000002bd0d00000)]
  0x0000015650a4f310 JavaThread "Unconstrained build operations Thread 53" [_thread_blocked, id=14884, stack(0x0000002bd0d00000,0x0000002bd0e00000)]
  0x0000015650a514c0 JavaThread "Unconstrained build operations Thread 54" [_thread_blocked, id=23044, stack(0x0000002bd0e00000,0x0000002bd0f00000)]
  0x0000015650a54010 JavaThread "Unconstrained build operations Thread 55" [_thread_blocked, id=6308, stack(0x0000002bd0f00000,0x0000002bd1000000)]
  0x0000015650a531a0 JavaThread "Unconstrained build operations Thread 56" [_thread_blocked, id=24944, stack(0x0000002bd1000000,0x0000002bd1100000)]
  0x0000015650a50b20 JavaThread "Unconstrained build operations Thread 57" [_thread_blocked, id=24936, stack(0x0000002bd1100000,0x0000002bd1200000)]
  0x0000015650a4ee40 JavaThread "Unconstrained build operations Thread 58" [_thread_blocked, id=24932, stack(0x0000002bd1200000,0x0000002bd1300000)]
  0x0000015650a50ff0 JavaThread "Unconstrained build operations Thread 59" [_thread_blocked, id=24924, stack(0x0000002bd1300000,0x0000002bd1400000)]
  0x0000015650a51990 JavaThread "Unconstrained build operations Thread 60" [_thread_blocked, id=24920, stack(0x0000002bd1400000,0x0000002bd1500000)]
  0x0000015650a55350 JavaThread "Unconstrained build operations Thread 61" [_thread_blocked, id=24940, stack(0x0000002bd1500000,0x0000002bd1600000)]
  0x0000015650a4fcb0 JavaThread "Unconstrained build operations Thread 62" [_thread_blocked, id=24960, stack(0x0000002bd1600000,0x0000002bd1700000)]
  0x0000015650a55820 JavaThread "Unconstrained build operations Thread 63" [_thread_blocked, id=24928, stack(0x0000002bd1700000,0x0000002bd1800000)]
  0x0000015650a52800 JavaThread "Unconstrained build operations Thread 64" [_thread_blocked, id=22332, stack(0x0000002bd1800000,0x0000002bd1900000)]
  0x0000015650a50180 JavaThread "Unconstrained build operations Thread 65" [_thread_blocked, id=25116, stack(0x0000002bd1900000,0x0000002bd1a00000)]
  0x0000015650a50650 JavaThread "Unconstrained build operations Thread 66" [_thread_blocked, id=25096, stack(0x0000002bd1a00000,0x0000002bd1b00000)]
  0x0000015650a4dfd0 JavaThread "Unconstrained build operations Thread 67" [_thread_blocked, id=25108, stack(0x0000002bd1b00000,0x0000002bd1c00000)]
  0x0000015650a52cd0 JavaThread "Unconstrained build operations Thread 68" [_thread_blocked, id=19960, stack(0x0000002bd1c00000,0x0000002bd1d00000)]
  0x0000015650a4e4a0 JavaThread "Unconstrained build operations Thread 69" [_thread_blocked, id=16468, stack(0x0000002bd1d00000,0x0000002bd1e00000)]
  0x0000015650a544e0 JavaThread "Unconstrained build operations Thread 70" [_thread_blocked, id=24876, stack(0x0000002bd1e00000,0x0000002bd1f00000)]
  0x0000015650a53670 JavaThread "Unconstrained build operations Thread 71" [_thread_blocked, id=24672, stack(0x0000002bd1f00000,0x0000002bd2000000)]
  0x0000015650a549b0 JavaThread "Unconstrained build operations Thread 72" [_thread_blocked, id=16484, stack(0x0000002bd2000000,0x0000002bd2100000)]
  0x0000015650a54e80 JavaThread "Unconstrained build operations Thread 73" [_thread_blocked, id=19424, stack(0x0000002bd2100000,0x0000002bd2200000)]
  0x0000015650a4e970 JavaThread "Unconstrained build operations Thread 74" [_thread_blocked, id=16836, stack(0x0000002bd2200000,0x0000002bd2300000)]
  0x000001564df87570 JavaThread "Unconstrained build operations Thread 75" [_thread_blocked, id=11244, stack(0x0000002bd2300000,0x0000002bd2400000)]
  0x000001564df8a590 JavaThread "Unconstrained build operations Thread 76" [_thread_blocked, id=24828, stack(0x0000002bd2400000,0x0000002bd2500000)]
  0x000001564df86bd0 JavaThread "Unconstrained build operations Thread 77" [_thread_blocked, id=21072, stack(0x0000002bd2500000,0x0000002bd2600000)]
  0x000001564df87a40 JavaThread "Unconstrained build operations Thread 78" [_thread_blocked, id=25128, stack(0x0000002bd2600000,0x0000002bd2700000)]
  0x000001564df86700 JavaThread "Unconstrained build operations Thread 79" [_thread_blocked, id=24820, stack(0x0000002bd2700000,0x0000002bd2800000)]
  0x000001564df84ef0 JavaThread "Unconstrained build operations Thread 80" [_thread_blocked, id=8528, stack(0x0000002bd2800000,0x0000002bd2900000)]
  0x000001564df84550 JavaThread "jar transforms Thread 6" [_thread_blocked, id=24748, stack(0x0000002bd2900000,0x0000002bd2a00000)]
  0x000001564df883e0 JavaThread "jar transforms Thread 7" [_thread_blocked, id=15724, stack(0x0000002bd2a00000,0x0000002bd2b00000)]
  0x000001564df870a0 JavaThread "jar transforms Thread 8" [_thread_blocked, id=7064, stack(0x0000002bd2b00000,0x0000002bd2c00000)]
  0x000001564df89bf0 JavaThread "build event listener" [_thread_blocked, id=25180, stack(0x0000002bd2c00000,0x0000002bd2d00000)]
  0x000001564df87f10 JavaThread "Memory manager" [_thread_blocked, id=25404, stack(0x0000002bd2d00000,0x0000002bd2e00000)]
  0x000001564df83210 JavaThread "pool-3-thread-1" [_thread_blocked, id=24956, stack(0x0000002bd3200000,0x0000002bd3300000)]
  0x000001564df85890 JavaThread "build event listener" [_thread_blocked, id=17832, stack(0x0000002bd3300000,0x0000002bd3400000)]
  0x000001564df8aa60 JavaThread "included builds" [_thread_blocked, id=12760, stack(0x0000002bd3400000,0x0000002bd3500000)]
  0x000001564df836e0 JavaThread "Execution worker" [_thread_blocked, id=13988, stack(0x0000002bd3500000,0x0000002bd3600000)]
  0x000001564df83bb0 JavaThread "Execution worker Thread 2" [_thread_blocked, id=25448, stack(0x0000002bd3600000,0x0000002bd3700000)]
  0x000001564df84a20 JavaThread "Execution worker Thread 3" [_thread_blocked, id=25456, stack(0x0000002bd3700000,0x0000002bd3800000)]
  0x000001564df84080 JavaThread "Execution worker Thread 4" [_thread_blocked, id=25460, stack(0x0000002bd3800000,0x0000002bd3900000)]
  0x000001564df853c0 JavaThread "Execution worker Thread 5" [_thread_blocked, id=25396, stack(0x0000002bd3900000,0x0000002bd3a00000)]
  0x000001565466fad0 JavaThread "Execution worker Thread 6" [_thread_blocked, id=23832, stack(0x0000002bd3a00000,0x0000002bd3b00000)]
  0x0000015654670470 JavaThread "Execution worker Thread 7" [_thread_blocked, id=24916, stack(0x0000002bd3b00000,0x0000002bd3c00000)]
  0x000001565466f130 JavaThread "Cache worker for execution history cache (C:\Users\jaisw\AndroidStudioProjects\NewsWave\.gradle\8.0\executionHistory)" [_thread_blocked, id=22300, stack(0x0000002bd3c00000,0x0000002bd3d00000)]
  0x000001564de8fc30 JavaThread "WorkerExecutor Queue" [_thread_blocked, id=14136, stack(0x0000002bd2e00000,0x0000002bd2f00000)]
  0x000001564fd7bf80 JavaThread "WorkerExecutor Queue Thread 2" [_thread_blocked, id=11272, stack(0x0000002bd3d00000,0x0000002bd3e00000)]
  0x0000015650b1c160 JavaThread "C2 CompilerThread1" daemon [_thread_blocked, id=20812, stack(0x0000002bcd400000,0x0000002bcd500000)]
  0x0000015650b17060 JavaThread "C2 CompilerThread2" daemon [_thread_blocked, id=25380, stack(0x0000002bd3e00000,0x0000002bd3f00000)]

Other Threads:
=>0x00000156497abe10 VMThread "VM Thread" [stack: 0x0000002bca700000,0x0000002bca800000] [id=25104]
  0x000001564a1d3900 WatcherThread [stack: 0x0000002bcb300000,0x0000002bcb400000] [id=21808]
  0x000001562f98aff0 GCTaskThread "GC Thread#0" [stack: 0x0000002bca200000,0x0000002bca300000] [id=25036]
  0x000001564aa83470 GCTaskThread "GC Thread#1" [stack: 0x0000002bcb600000,0x0000002bcb700000] [id=25304]
  0x000001564a5a3990 GCTaskThread "GC Thread#2" [stack: 0x0000002bcb700000,0x0000002bcb800000] [id=18180]
  0x000001564a5a3c40 GCTaskThread "GC Thread#3" [stack: 0x0000002bcb800000,0x0000002bcb900000] [id=25588]
  0x000001564b5c6070 GCTaskThread "GC Thread#4" [stack: 0x0000002bcb400000,0x0000002bcb500000] [id=12348]
  0x000001564cbb6bd0 GCTaskThread "GC Thread#5" [stack: 0x0000002bcc400000,0x0000002bcc500000] [id=24900]
  0x000001564cbb6e80 GCTaskThread "GC Thread#6" [stack: 0x0000002bcc500000,0x0000002bcc600000] [id=19572]
  0x000001564cbb8400 GCTaskThread "GC Thread#7" [stack: 0x0000002bcc600000,0x0000002bcc700000] [id=10204]
  0x000001562f99be40 ConcurrentGCThread "G1 Main Marker" [stack: 0x0000002bca300000,0x0000002bca400000] [id=25084]
  0x000001562f99cf00 ConcurrentGCThread "G1 Conc#0" [stack: 0x0000002bca400000,0x0000002bca500000] [id=25088]
  0x000001564cbb7130 ConcurrentGCThread "G1 Conc#1" [stack: 0x0000002bcc700000,0x0000002bcc800000] [id=14664]
  0x000001562f9fe790 ConcurrentGCThread "G1 Refine#0" [stack: 0x0000002bca500000,0x0000002bca600000] [id=25092]
  0x000001564df9d1f0 ConcurrentGCThread "G1 Refine#1" [stack: 0x0000002bd2f00000,0x0000002bd3000000] [id=10540]
  0x000001564df9b810 ConcurrentGCThread "G1 Refine#2" [stack: 0x0000002bd3000000,0x0000002bd3100000] [id=25452]
  0x000001564df9d7b0 ConcurrentGCThread "G1 Refine#3" [stack: 0x0000002bd3100000,0x0000002bd3200000] [id=25044]
  0x00000156495d1200 ConcurrentGCThread "G1 Service" [stack: 0x0000002bca600000,0x0000002bca700000] [id=25100]

Threads with active compile tasks:
C2 CompilerThread0    27282 12815 % !   4       java.util.jar.Attributes::read @ 214 (494 bytes)
C2 CompilerThread1    27282 12849       4       com.android.tools.r8.utils.t0::e (297 bytes)
C2 CompilerThread2    27282 12710       4       com.android.tools.r8.internal.Y9::a (4479 bytes)

VM state: at safepoint (normal execution)

VM Mutex/Monitor currently owned by a thread:  ([mutex/lock_event])
[0x000001562f9275d0] Threads_lock - owner thread: 0x00000156497abe10
[0x000001562f9276f0] Heap_lock - owner thread: 0x0000015650a514c0
[0x000001562f927ff0] Compile_lock - owner thread: 0x0000015650e0b150
[0x000001562f927ae0] MethodCompileQueue_lock - owner thread: 0x0000015650b1c160

Heap address: 0x0000000080000000, size: 2048 MB, Compressed Oops mode: 32-bit

CDS archive(s) not mapped
Compressed class space mapped at: 0x0000000100000000-0x0000000140000000, reserved size: 1073741824
Narrow klass base: 0x0000000000000000, Narrow klass shift: 3, Narrow klass range: 0x140000000

GC Precious Log:
 CPUs: 8 total, 8 available
 Memory: 6021M
 Large Page Support: Disabled
 NUMA Support: Disabled
 Compressed Oops: Enabled (32-bit)
 Heap Region Size: 1M
 Heap Min Capacity: 8M
 Heap Initial Capacity: 96M
 Heap Max Capacity: 2G
 Pre-touch: Disabled
 Parallel Workers: 8
 Concurrent Workers: 2
 Concurrent Refinement Workers: 8
 Periodic GC: Disabled

Heap:
 garbage-first heap   total 233472K, used 143856K [0x0000000080000000, 0x0000000100000000)
  region size 1024K, 8 young (8192K), 8 survivors (8192K)
 Metaspace       used 106520K, committed 107200K, reserved 1146880K
  class space    used 14726K, committed 15040K, reserved 1048576K

Heap Regions: E=young(eden), S=young(survivor), O=old, HS=humongous(starts), HC=humongous(continues), CS=collection set, F=free, OA=open archive, CA=closed archive, TAMS=top-at-mark-start (previous, next)
|   0|0x0000000080000000, 0x0000000080100000, 0x0000000080100000|100%|HS|  |TAMS 0x0000000080100000, 0x0000000080000000| Complete 
|   1|0x0000000080100000, 0x0000000080200000, 0x0000000080200000|100%|HC|  |TAMS 0x0000000080200000, 0x0000000080100000| Complete 
|   2|0x0000000080200000, 0x0000000080300000, 0x0000000080300000|100%|HC|  |TAMS 0x0000000080300000, 0x0000000080200000| Complete 
|   3|0x0000000080300000, 0x0000000080400000, 0x0000000080400000|100%|HC|  |TAMS 0x0000000080400000, 0x0000000080300000| Complete 
|   4|0x0000000080400000, 0x0000000080500000, 0x0000000080500000|100%| O|  |TAMS 0x0000000080500000, 0x0000000080400000| Untracked 
|   5|0x0000000080500000, 0x0000000080600000, 0x0000000080600000|100%| O|  |TAMS 0x0000000080600000, 0x0000000080500000| Untracked 
|   6|0x0000000080600000, 0x0000000080700000, 0x0000000080700000|100%| O|  |TAMS 0x0000000080700000, 0x0000000080600000| Untracked 
|   7|0x0000000080700000, 0x0000000080800000, 0x0000000080800000|100%| O|  |TAMS 0x0000000080800000, 0x0000000080700000| Untracked 
|   8|0x0000000080800000, 0x0000000080900000, 0x0000000080900000|100%| O|  |TAMS 0x0000000080900000, 0x0000000080800000| Untracked 
|   9|0x0000000080900000, 0x0000000080a00000, 0x0000000080a00000|100%| O|  |TAMS 0x0000000080a00000, 0x0000000080900000| Untracked 
|  10|0x0000000080a00000, 0x0000000080b00000, 0x0000000080b00000|100%| O|  |TAMS 0x0000000080b00000, 0x0000000080a00000| Untracked 
|  11|0x0000000080b00000, 0x0000000080c00000, 0x0000000080c00000|100%| O|  |TAMS 0x0000000080c00000, 0x0000000080b00000| Untracked 
|  12|0x0000000080c00000, 0x0000000080d00000, 0x0000000080d00000|100%| O|  |TAMS 0x0000000080d00000, 0x0000000080c00000| Untracked 
|  13|0x0000000080d00000, 0x0000000080e00000, 0x0000000080e00000|100%| O|  |TAMS 0x0000000080e00000, 0x0000000080d00000| Untracked 
|  14|0x0000000080e00000, 0x0000000080f00000, 0x0000000080f00000|100%| O|  |TAMS 0x0000000080f00000, 0x0000000080e00000| Untracked 
|  15|0x0000000080f00000, 0x0000000081000000, 0x0000000081000000|100%| O|  |TAMS 0x0000000081000000, 0x0000000080f00000| Untracked 
|  16|0x0000000081000000, 0x0000000081100000, 0x0000000081100000|100%| O|  |TAMS 0x0000000081100000, 0x0000000081000000| Untracked 
|  17|0x0000000081100000, 0x0000000081200000, 0x0000000081200000|100%| O|  |TAMS 0x0000000081200000, 0x0000000081100000| Untracked 
|  18|0x0000000081200000, 0x0000000081300000, 0x0000000081300000|100%| O|  |TAMS 0x0000000081300000, 0x0000000081200000| Untracked 
|  19|0x0000000081300000, 0x0000000081400000, 0x0000000081400000|100%| O|  |TAMS 0x0000000081400000, 0x0000000081300000| Untracked 
|  20|0x0000000081400000, 0x0000000081500000, 0x0000000081500000|100%| O|  |TAMS 0x0000000081500000, 0x0000000081400000| Untracked 
|  21|0x0000000081500000, 0x0000000081600000, 0x0000000081600000|100%| O|  |TAMS 0x0000000081600000, 0x0000000081500000| Untracked 
|  22|0x0000000081600000, 0x0000000081700000, 0x0000000081700000|100%| O|  |TAMS 0x0000000081700000, 0x0000000081600000| Untracked 
|  23|0x0000000081700000, 0x0000000081800000, 0x0000000081800000|100%| O|  |TAMS 0x0000000081700000, 0x0000000081700000| Untracked 
|  24|0x0000000081800000, 0x0000000081900000, 0x0000000081900000|100%| O|  |TAMS 0x0000000081800000, 0x0000000081800000| Untracked 
|  25|0x0000000081900000, 0x0000000081a00000, 0x0000000081a00000|100%| O|  |TAMS 0x0000000081a00000, 0x0000000081900000| Untracked 
|  26|0x0000000081a00000, 0x0000000081b00000, 0x0000000081b00000|100%| O|  |TAMS 0x0000000081b00000, 0x0000000081a00000| Untracked 
|  27|0x0000000081b00000, 0x0000000081c00000, 0x0000000081c00000|100%| O|  |TAMS 0x0000000081c00000, 0x0000000081b00000| Untracked 
|  28|0x0000000081c00000, 0x0000000081d00000, 0x0000000081d00000|100%| O|  |TAMS 0x0000000081d00000, 0x0000000081c00000| Untracked 
|  29|0x0000000081d00000, 0x0000000081e00000, 0x0000000081e00000|100%| O|  |TAMS 0x0000000081e00000, 0x0000000081d00000| Untracked 
|  30|0x0000000081e00000, 0x0000000081f00000, 0x0000000081f00000|100%| O|  |TAMS 0x0000000081f00000, 0x0000000081e00000| Untracked 
|  31|0x0000000081f00000, 0x0000000082000000, 0x0000000082000000|100%| O|  |TAMS 0x0000000082000000, 0x0000000081f00000| Untracked 
|  32|0x0000000082000000, 0x0000000082100000, 0x0000000082100000|100%| O|  |TAMS 0x0000000082100000, 0x0000000082000000| Untracked 
|  33|0x0000000082100000, 0x0000000082200000, 0x0000000082200000|100%| O|  |TAMS 0x0000000082200000, 0x0000000082100000| Untracked 
|  34|0x0000000082200000, 0x0000000082300000, 0x0000000082300000|100%| O|  |TAMS 0x0000000082300000, 0x0000000082200000| Untracked 
|  35|0x0000000082300000, 0x0000000082400000, 0x0000000082400000|100%| O|  |TAMS 0x0000000082400000, 0x0000000082300000| Untracked 
|  36|0x0000000082400000, 0x0000000082500000, 0x0000000082500000|100%|HS|  |TAMS 0x0000000082500000, 0x0000000082400000| Complete 
|  37|0x0000000082500000, 0x0000000082600000, 0x0000000082600000|100%| O|  |TAMS 0x0000000082600000, 0x0000000082500000| Untracked 
|  38|0x0000000082600000, 0x0000000082700000, 0x0000000082700000|100%| O|  |TAMS 0x0000000082700000, 0x0000000082600000| Untracked 
|  39|0x0000000082700000, 0x0000000082800000, 0x0000000082800000|100%|HS|  |TAMS 0x0000000082800000, 0x0000000082700000| Complete 
|  40|0x0000000082800000, 0x0000000082900000, 0x0000000082900000|100%| O|  |TAMS 0x0000000082900000, 0x0000000082800000| Untracked 
|  41|0x0000000082900000, 0x0000000082a00000, 0x0000000082a00000|100%| O|  |TAMS 0x0000000082a00000, 0x0000000082900000| Untracked 
|  42|0x0000000082a00000, 0x0000000082b00000, 0x0000000082b00000|100%| O|  |TAMS 0x0000000082b00000, 0x0000000082a00000| Untracked 
|  43|0x0000000082b00000, 0x0000000082c00000, 0x0000000082c00000|100%| O|  |TAMS 0x0000000082c00000, 0x0000000082b00000| Untracked 
|  44|0x0000000082c00000, 0x0000000082d00000, 0x0000000082d00000|100%| O|  |TAMS 0x0000000082d00000, 0x0000000082c00000| Untracked 
|  45|0x0000000082d00000, 0x0000000082e00000, 0x0000000082e00000|100%| O|  |TAMS 0x0000000082e00000, 0x0000000082d00000| Untracked 
|  46|0x0000000082e00000, 0x0000000082f00000, 0x0000000082f00000|100%| O|  |TAMS 0x0000000082f00000, 0x0000000082e00000| Untracked 
|  47|0x0000000082f00000, 0x0000000083000000, 0x0000000083000000|100%| O|  |TAMS 0x0000000083000000, 0x0000000082f00000| Untracked 
|  48|0x0000000083000000, 0x0000000083100000, 0x0000000083100000|100%| O|  |TAMS 0x0000000083000000, 0x0000000083000000| Untracked 
|  49|0x0000000083100000, 0x0000000083200000, 0x0000000083200000|100%| O|  |TAMS 0x0000000083100000, 0x0000000083100000| Untracked 
|  50|0x0000000083200000, 0x0000000083300000, 0x0000000083300000|100%| O|  |TAMS 0x0000000083300000, 0x0000000083200000| Untracked 
|  51|0x0000000083300000, 0x0000000083400000, 0x0000000083400000|100%| O|  |TAMS 0x0000000083300000, 0x0000000083300000| Untracked 
|  52|0x0000000083400000, 0x0000000083500000, 0x0000000083500000|100%| O|  |TAMS 0x0000000083400000, 0x0000000083400000| Untracked 
|  53|0x0000000083500000, 0x0000000083600000, 0x0000000083600000|100%| O|  |TAMS 0x0000000083600000, 0x0000000083500000| Untracked 
|  54|0x0000000083600000, 0x0000000083700000, 0x0000000083700000|100%| O|  |TAMS 0x0000000083700000, 0x0000000083600000| Untracked 
|  55|0x0000000083700000, 0x0000000083800000, 0x0000000083800000|100%| O|  |TAMS 0x0000000083727400, 0x0000000083700000| Untracked 
|  56|0x0000000083800000, 0x0000000083900000, 0x0000000083900000|100%| O|  |TAMS 0x0000000083800000, 0x0000000083800000| Untracked 
|  57|0x0000000083900000, 0x0000000083a00000, 0x0000000083a00000|100%| O|  |TAMS 0x0000000083900000, 0x0000000083900000| Untracked 
|  58|0x0000000083a00000, 0x0000000083b00000, 0x0000000083b00000|100%| O|  |TAMS 0x0000000083a00000, 0x0000000083a00000| Untracked 
|  59|0x0000000083b00000, 0x0000000083c00000, 0x0000000083c00000|100%| O|  |TAMS 0x0000000083b00000, 0x0000000083b00000| Untracked 
|  60|0x0000000083c00000, 0x0000000083d00000, 0x0000000083d00000|100%| O|  |TAMS 0x0000000083c00000, 0x0000000083c00000| Untracked 
|  61|0x0000000083d00000, 0x0000000083e00000, 0x0000000083e00000|100%| O|  |TAMS 0x0000000083d00000, 0x0000000083d00000| Untracked 
|  62|0x0000000083e00000, 0x0000000083f00000, 0x0000000083f00000|100%| O|  |TAMS 0x0000000083e00000, 0x0000000083e00000| Untracked 
|  63|0x0000000083f00000, 0x0000000084000000, 0x0000000084000000|100%| O|  |TAMS 0x0000000083f00000, 0x0000000083f00000| Untracked 
|  64|0x0000000084000000, 0x0000000084100000, 0x0000000084100000|100%| O|  |TAMS 0x0000000084000000, 0x0000000084000000| Untracked 
|  65|0x0000000084100000, 0x0000000084200000, 0x0000000084200000|100%| O|  |TAMS 0x0000000084100000, 0x0000000084100000| Untracked 
|  66|0x0000000084200000, 0x0000000084300000, 0x0000000084300000|100%| O|  |TAMS 0x0000000084200000, 0x0000000084200000| Untracked 
|  67|0x0000000084300000, 0x0000000084400000, 0x0000000084400000|100%| O|  |TAMS 0x0000000084300000, 0x0000000084300000| Untracked 
|  68|0x0000000084400000, 0x0000000084500000, 0x0000000084500000|100%| O|  |TAMS 0x0000000084400000, 0x0000000084400000| Untracked 
|  69|0x0000000084500000, 0x0000000084600000, 0x0000000084600000|100%| O|  |TAMS 0x0000000084500000, 0x0000000084500000| Untracked 
|  70|0x0000000084600000, 0x0000000084700000, 0x0000000084700000|100%| O|  |TAMS 0x0000000084600000, 0x0000000084600000| Untracked 
|  71|0x0000000084700000, 0x0000000084800000, 0x0000000084800000|100%| O|  |TAMS 0x0000000084700000, 0x0000000084700000| Untracked 
|  72|0x0000000084800000, 0x0000000084900000, 0x0000000084900000|100%| O|  |TAMS 0x0000000084800000, 0x0000000084800000| Untracked 
|  73|0x0000000084900000, 0x0000000084a00000, 0x0000000084a00000|100%| O|  |TAMS 0x0000000084900000, 0x0000000084900000| Untracked 
|  74|0x0000000084a00000, 0x0000000084b00000, 0x0000000084b00000|100%| O|  |TAMS 0x0000000084a00000, 0x0000000084a00000| Untracked 
|  75|0x0000000084b00000, 0x0000000084c00000, 0x0000000084c00000|100%| O|  |TAMS 0x0000000084b00000, 0x0000000084b00000| Untracked 
|  76|0x0000000084c00000, 0x0000000084d00000, 0x0000000084d00000|100%| O|  |TAMS 0x0000000084c00000, 0x0000000084c00000| Untracked 
|  77|0x0000000084d00000, 0x0000000084e00000, 0x0000000084e00000|100%| O|  |TAMS 0x0000000084d00000, 0x0000000084d00000| Untracked 
|  78|0x0000000084e00000, 0x0000000084f00000, 0x0000000084f00000|100%| O|  |TAMS 0x0000000084e00000, 0x0000000084e00000| Untracked 
|  79|0x0000000084f00000, 0x0000000085000000, 0x0000000085000000|100%| O|  |TAMS 0x0000000084f00000, 0x0000000084f00000| Untracked 
|  80|0x0000000085000000, 0x0000000085100000, 0x0000000085100000|100%| O|  |TAMS 0x0000000085000000, 0x0000000085000000| Untracked 
|  81|0x0000000085100000, 0x0000000085200000, 0x0000000085200000|100%| O|  |TAMS 0x0000000085100000, 0x0000000085100000| Untracked 
|  82|0x0000000085200000, 0x0000000085300000, 0x0000000085300000|100%| O|  |TAMS 0x0000000085200000, 0x0000000085200000| Untracked 
|  83|0x0000000085300000, 0x0000000085400000, 0x0000000085400000|100%| O|  |TAMS 0x0000000085300000, 0x0000000085300000| Untracked 
|  84|0x0000000085400000, 0x0000000085500000, 0x0000000085500000|100%| O|  |TAMS 0x0000000085400000, 0x0000000085400000| Untracked 
|  85|0x0000000085500000, 0x0000000085600000, 0x0000000085600000|100%| O|  |TAMS 0x0000000085500000, 0x0000000085500000| Untracked 
|  86|0x0000000085600000, 0x0000000085700000, 0x0000000085700000|100%| O|  |TAMS 0x0000000085600000, 0x0000000085600000| Untracked 
|  87|0x0000000085700000, 0x0000000085800000, 0x0000000085800000|100%| O|  |TAMS 0x0000000085700000, 0x0000000085700000| Untracked 
|  88|0x0000000085800000, 0x0000000085900000, 0x0000000085900000|100%| O|  |TAMS 0x0000000085800000, 0x0000000085800000| Untracked 
|  89|0x0000000085900000, 0x0000000085a00000, 0x0000000085a00000|100%| O|  |TAMS 0x0000000085900000, 0x0000000085900000| Untracked 
|  90|0x0000000085a00000, 0x0000000085b00000, 0x0000000085b00000|100%| O|  |TAMS 0x0000000085a00000, 0x0000000085a00000| Untracked 
|  91|0x0000000085b00000, 0x0000000085c00000, 0x0000000085c00000|100%| O|  |TAMS 0x0000000085b00000, 0x0000000085b00000| Untracked 
|  92|0x0000000085c00000, 0x0000000085d00000, 0x0000000085d00000|100%| O|  |TAMS 0x0000000085c00000, 0x0000000085c00000| Untracked 
|  93|0x0000000085d00000, 0x0000000085e00000, 0x0000000085e00000|100%| O|  |TAMS 0x0000000085d00000, 0x0000000085d00000| Untracked 
|  94|0x0000000085e00000, 0x0000000085f00000, 0x0000000085f00000|100%| O|  |TAMS 0x0000000085e00000, 0x0000000085e00000| Untracked 
|  95|0x0000000085f00000, 0x0000000086000000, 0x0000000086000000|100%| O|  |TAMS 0x0000000085f00000, 0x0000000085f00000| Untracked 
|  96|0x0000000086000000, 0x0000000086100000, 0x0000000086100000|100%| O|  |TAMS 0x0000000086000000, 0x0000000086000000| Untracked 
|  97|0x0000000086100000, 0x0000000086200000, 0x0000000086200000|100%| O|  |TAMS 0x0000000086100000, 0x0000000086100000| Untracked 
|  98|0x0000000086200000, 0x0000000086300000, 0x0000000086300000|100%| O|  |TAMS 0x0000000086200000, 0x0000000086200000| Untracked 
|  99|0x0000000086300000, 0x0000000086400000, 0x0000000086400000|100%| O|  |TAMS 0x0000000086300000, 0x0000000086300000| Untracked 
| 100|0x0000000086400000, 0x0000000086500000, 0x0000000086500000|100%| O|  |TAMS 0x0000000086400000, 0x0000000086400000| Untracked 
| 101|0x0000000086500000, 0x0000000086600000, 0x0000000086600000|100%| O|  |TAMS 0x0000000086500000, 0x0000000086500000| Untracked 
| 102|0x0000000086600000, 0x0000000086700000, 0x0000000086700000|100%| O|  |TAMS 0x0000000086600000, 0x0000000086600000| Untracked 
| 103|0x0000000086700000, 0x0000000086800000, 0x0000000086800000|100%| O|  |TAMS 0x0000000086700000, 0x0000000086700000| Untracked 
| 104|0x0000000086800000, 0x0000000086900000, 0x0000000086900000|100%| O|  |TAMS 0x0000000086800000, 0x0000000086800000| Untracked 
| 105|0x0000000086900000, 0x0000000086a00000, 0x0000000086a00000|100%| O|  |TAMS 0x0000000086900000, 0x0000000086900000| Untracked 
| 106|0x0000000086a00000, 0x0000000086b00000, 0x0000000086b00000|100%| O|  |TAMS 0x0000000086a00000, 0x0000000086a00000| Untracked 
| 107|0x0000000086b00000, 0x0000000086c00000, 0x0000000086c00000|100%| O|  |TAMS 0x0000000086b00000, 0x0000000086b00000| Untracked 
| 108|0x0000000086c00000, 0x0000000086d00000, 0x0000000086d00000|100%| O|  |TAMS 0x0000000086c00000, 0x0000000086c00000| Untracked 
| 109|0x0000000086d00000, 0x0000000086e00000, 0x0000000086e00000|100%| O|  |TAMS 0x0000000086d00000, 0x0000000086d00000| Untracked 
| 110|0x0000000086e00000, 0x0000000086f00000, 0x0000000086f00000|100%| O|  |TAMS 0x0000000086e00000, 0x0000000086e00000| Untracked 
| 111|0x0000000086f00000, 0x0000000087000000, 0x0000000087000000|100%| O|  |TAMS 0x0000000086f00000, 0x0000000086f00000| Untracked 
| 112|0x0000000087000000, 0x0000000087100000, 0x0000000087100000|100%| O|  |TAMS 0x0000000087000000, 0x0000000087000000| Untracked 
| 113|0x0000000087100000, 0x0000000087200000, 0x0000000087200000|100%| O|  |TAMS 0x0000000087100000, 0x0000000087100000| Untracked 
| 114|0x0000000087200000, 0x0000000087300000, 0x0000000087300000|100%| O|  |TAMS 0x0000000087200000, 0x0000000087200000| Untracked 
| 115|0x0000000087300000, 0x0000000087400000, 0x0000000087400000|100%| O|  |TAMS 0x0000000087300000, 0x0000000087300000| Untracked 
| 116|0x0000000087400000, 0x0000000087500000, 0x0000000087500000|100%| O|  |TAMS 0x0000000087400000, 0x0000000087400000| Untracked 
| 117|0x0000000087500000, 0x0000000087600000, 0x0000000087600000|100%| O|  |TAMS 0x0000000087500000, 0x0000000087500000| Untracked 
| 118|0x0000000087600000, 0x0000000087700000, 0x0000000087700000|100%| O|  |TAMS 0x0000000087600000, 0x0000000087600000| Untracked 
| 119|0x0000000087700000, 0x0000000087800000, 0x0000000087800000|100%| O|  |TAMS 0x0000000087700000, 0x0000000087700000| Untracked 
| 120|0x0000000087800000, 0x0000000087900000, 0x0000000087900000|100%| O|  |TAMS 0x0000000087800000, 0x0000000087800000| Untracked 
| 121|0x0000000087900000, 0x0000000087a00000, 0x0000000087a00000|100%| O|  |TAMS 0x0000000087900000, 0x0000000087900000| Untracked 
| 122|0x0000000087a00000, 0x0000000087b00000, 0x0000000087b00000|100%| O|  |TAMS 0x0000000087a00000, 0x0000000087a00000| Untracked 
| 123|0x0000000087b00000, 0x0000000087c00000, 0x0000000087c00000|100%| O|  |TAMS 0x0000000087b00000, 0x0000000087b00000| Untracked 
| 124|0x0000000087c00000, 0x0000000087d00000, 0x0000000087d00000|100%| O|  |TAMS 0x0000000087c00000, 0x0000000087c00000| Untracked 
| 125|0x0000000087d00000, 0x0000000087e00000, 0x0000000087e00000|100%| O|  |TAMS 0x0000000087d00000, 0x0000000087d00000| Untracked 
| 126|0x0000000087e00000, 0x0000000087f00000, 0x0000000087f00000|100%| O|  |TAMS 0x0000000087e00000, 0x0000000087e00000| Untracked 
| 127|0x0000000087f00000, 0x0000000088000000, 0x0000000088000000|100%| O|  |TAMS 0x0000000087f00000, 0x0000000087f00000| Untracked 
| 128|0x0000000088000000, 0x0000000088100000, 0x0000000088100000|100%| O|  |TAMS 0x0000000088000000, 0x0000000088000000| Untracked 
| 129|0x0000000088100000, 0x0000000088200000, 0x0000000088200000|100%| O|  |TAMS 0x0000000088100000, 0x0000000088100000| Untracked 
| 130|0x0000000088200000, 0x0000000088300000, 0x0000000088300000|100%| O|  |TAMS 0x0000000088200000, 0x0000000088200000| Untracked 
| 131|0x0000000088300000, 0x0000000088400000, 0x0000000088400000|100%| O|  |TAMS 0x0000000088300000, 0x0000000088300000| Untracked 
| 132|0x0000000088400000, 0x000000008847c000, 0x0000000088500000| 48%| O|  |TAMS 0x0000000088400000, 0x0000000088400000| Untracked 
| 133|0x0000000088500000, 0x0000000088500000, 0x0000000088600000|  0%| F|  |TAMS 0x0000000088500000, 0x0000000088500000| Untracked 
| 134|0x0000000088600000, 0x0000000088600000, 0x0000000088700000|  0%| F|  |TAMS 0x0000000088600000, 0x0000000088600000| Untracked 
| 135|0x0000000088700000, 0x0000000088700000, 0x0000000088800000|  0%| F|  |TAMS 0x0000000088700000, 0x0000000088700000| Untracked 
| 136|0x0000000088800000, 0x0000000088800000, 0x0000000088900000|  0%| F|  |TAMS 0x0000000088800000, 0x0000000088800000| Untracked 
| 137|0x0000000088900000, 0x0000000088900000, 0x0000000088a00000|  0%| F|  |TAMS 0x0000000088900000, 0x0000000088900000| Untracked 
| 138|0x0000000088a00000, 0x0000000088a00000, 0x0000000088b00000|  0%| F|  |TAMS 0x0000000088a00000, 0x0000000088a00000| Untracked 
| 139|0x0000000088b00000, 0x0000000088b00000, 0x0000000088c00000|  0%| F|  |TAMS 0x0000000088b00000, 0x0000000088b00000| Untracked 
| 140|0x0000000088c00000, 0x0000000088c00000, 0x0000000088d00000|  0%| F|  |TAMS 0x0000000088c00000, 0x0000000088c00000| Untracked 
| 141|0x0000000088d00000, 0x0000000088d00000, 0x0000000088e00000|  0%| F|  |TAMS 0x0000000088d00000, 0x0000000088d00000| Untracked 
| 142|0x0000000088e00000, 0x0000000088e00000, 0x0000000088f00000|  0%| F|  |TAMS 0x0000000088e00000, 0x0000000088e00000| Untracked 
| 143|0x0000000088f00000, 0x0000000088f00000, 0x0000000089000000|  0%| F|  |TAMS 0x0000000088f00000, 0x0000000088f00000| Untracked 
| 144|0x0000000089000000, 0x0000000089000000, 0x0000000089100000|  0%| F|  |TAMS 0x0000000089000000, 0x0000000089000000| Untracked 
| 145|0x0000000089100000, 0x0000000089100000, 0x0000000089200000|  0%| F|  |TAMS 0x0000000089100000, 0x0000000089100000| Untracked 
| 146|0x0000000089200000, 0x0000000089200000, 0x0000000089300000|  0%| F|  |TAMS 0x0000000089200000, 0x0000000089200000| Untracked 
| 147|0x0000000089300000, 0x0000000089300000, 0x0000000089400000|  0%| F|  |TAMS 0x0000000089300000, 0x0000000089300000| Untracked 
| 148|0x0000000089400000, 0x0000000089400000, 0x0000000089500000|  0%| F|  |TAMS 0x0000000089400000, 0x0000000089400000| Untracked 
| 149|0x0000000089500000, 0x0000000089500000, 0x0000000089600000|  0%| F|  |TAMS 0x0000000089500000, 0x0000000089500000| Untracked 
| 150|0x0000000089600000, 0x0000000089600000, 0x0000000089700000|  0%| F|  |TAMS 0x0000000089600000, 0x0000000089600000| Untracked 
| 151|0x0000000089700000, 0x0000000089700000, 0x0000000089800000|  0%| F|  |TAMS 0x0000000089700000, 0x0000000089700000| Untracked 
| 152|0x0000000089800000, 0x0000000089800000, 0x0000000089900000|  0%| F|  |TAMS 0x0000000089800000, 0x0000000089800000| Untracked 
| 153|0x0000000089900000, 0x0000000089900000, 0x0000000089a00000|  0%| F|  |TAMS 0x0000000089900000, 0x0000000089900000| Untracked 
| 154|0x0000000089a00000, 0x0000000089a00000, 0x0000000089b00000|  0%| F|  |TAMS 0x0000000089a00000, 0x0000000089a00000| Untracked 
| 155|0x0000000089b00000, 0x0000000089b00000, 0x0000000089c00000|  0%| F|  |TAMS 0x0000000089b00000, 0x0000000089b00000| Untracked 
| 156|0x0000000089c00000, 0x0000000089c00000, 0x0000000089d00000|  0%| F|  |TAMS 0x0000000089c00000, 0x0000000089c00000| Untracked 
| 157|0x0000000089d00000, 0x0000000089d00000, 0x0000000089e00000|  0%| F|  |TAMS 0x0000000089d00000, 0x0000000089d00000| Untracked 
| 158|0x0000000089e00000, 0x0000000089e00000, 0x0000000089f00000|  0%| F|  |TAMS 0x0000000089e00000, 0x0000000089e00000| Untracked 
| 159|0x0000000089f00000, 0x0000000089f00000, 0x000000008a000000|  0%| F|  |TAMS 0x0000000089f00000, 0x0000000089f00000| Untracked 
| 160|0x000000008a000000, 0x000000008a000000, 0x000000008a100000|  0%| F|  |TAMS 0x000000008a000000, 0x000000008a000000| Untracked 
| 161|0x000000008a100000, 0x000000008a100000, 0x000000008a200000|  0%| F|  |TAMS 0x000000008a100000, 0x000000008a100000| Untracked 
| 162|0x000000008a200000, 0x000000008a200000, 0x000000008a300000|  0%| F|  |TAMS 0x000000008a200000, 0x000000008a200000| Untracked 
| 163|0x000000008a300000, 0x000000008a300000, 0x000000008a400000|  0%| F|  |TAMS 0x000000008a300000, 0x000000008a300000| Untracked 
| 164|0x000000008a400000, 0x000000008a400000, 0x000000008a500000|  0%| F|  |TAMS 0x000000008a400000, 0x000000008a400000| Untracked 
| 165|0x000000008a500000, 0x000000008a500000, 0x000000008a600000|  0%| F|  |TAMS 0x000000008a500000, 0x000000008a500000| Untracked 
| 166|0x000000008a600000, 0x000000008a600000, 0x000000008a700000|  0%| F|  |TAMS 0x000000008a600000, 0x000000008a600000| Untracked 
| 167|0x000000008a700000, 0x000000008a700000, 0x000000008a800000|  0%| F|  |TAMS 0x000000008a700000, 0x000000008a700000| Untracked 
| 168|0x000000008a800000, 0x000000008a900000, 0x000000008a900000|100%| S|CS|TAMS 0x000000008a800000, 0x000000008a800000| Complete 
| 169|0x000000008a900000, 0x000000008aa00000, 0x000000008aa00000|100%| S|CS|TAMS 0x000000008a900000, 0x000000008a900000| Complete 
| 170|0x000000008aa00000, 0x000000008ab00000, 0x000000008ab00000|100%| S|CS|TAMS 0x000000008aa00000, 0x000000008aa00000| Complete 
| 171|0x000000008ab00000, 0x000000008ac00000, 0x000000008ac00000|100%| S|CS|TAMS 0x000000008ab00000, 0x000000008ab00000| Complete 
| 172|0x000000008ac00000, 0x000000008ad00000, 0x000000008ad00000|100%| S|CS|TAMS 0x000000008ac00000, 0x000000008ac00000| Complete 
| 173|0x000000008ad00000, 0x000000008ae00000, 0x000000008ae00000|100%| S|CS|TAMS 0x000000008ad00000, 0x000000008ad00000| Complete 
| 174|0x000000008ae00000, 0x000000008af00000, 0x000000008af00000|100%| S|CS|TAMS 0x000000008ae00000, 0x000000008ae00000| Complete 
| 175|0x000000008af00000, 0x000000008b000000, 0x000000008b000000|100%| S|CS|TAMS 0x000000008af00000, 0x000000008af00000| Complete 
| 176|0x000000008b000000, 0x000000008b000000, 0x000000008b100000|  0%| F|  |TAMS 0x000000008b000000, 0x000000008b000000| Untracked 
| 177|0x000000008b100000, 0x000000008b100000, 0x000000008b200000|  0%| F|  |TAMS 0x000000008b100000, 0x000000008b100000| Untracked 
| 178|0x000000008b200000, 0x000000008b200000, 0x000000008b300000|  0%| F|  |TAMS 0x000000008b200000, 0x000000008b200000| Untracked 
| 179|0x000000008b300000, 0x000000008b300000, 0x000000008b400000|  0%| F|  |TAMS 0x000000008b300000, 0x000000008b300000| Untracked 
| 180|0x000000008b400000, 0x000000008b400000, 0x000000008b500000|  0%| F|  |TAMS 0x000000008b400000, 0x000000008b400000| Untracked 
| 181|0x000000008b500000, 0x000000008b500000, 0x000000008b600000|  0%| F|  |TAMS 0x000000008b500000, 0x000000008b500000| Untracked 
| 182|0x000000008b600000, 0x000000008b600000, 0x000000008b700000|  0%| F|  |TAMS 0x000000008b600000, 0x000000008b600000| Untracked 
| 183|0x000000008b700000, 0x000000008b700000, 0x000000008b800000|  0%| F|  |TAMS 0x000000008b700000, 0x000000008b700000| Untracked 
| 184|0x000000008b800000, 0x000000008b800000, 0x000000008b900000|  0%| F|  |TAMS 0x000000008b800000, 0x000000008b800000| Untracked 
| 185|0x000000008b900000, 0x000000008b900000, 0x000000008ba00000|  0%| F|  |TAMS 0x000000008b900000, 0x000000008b900000| Untracked 
| 186|0x000000008ba00000, 0x000000008ba00000, 0x000000008bb00000|  0%| F|  |TAMS 0x000000008ba00000, 0x000000008ba00000| Untracked 
| 187|0x000000008bb00000, 0x000000008bb00000, 0x000000008bc00000|  0%| F|  |TAMS 0x000000008bb00000, 0x000000008bb00000| Untracked 
| 188|0x000000008bc00000, 0x000000008bc00000, 0x000000008bd00000|  0%| F|  |TAMS 0x000000008bc00000, 0x000000008bc00000| Untracked 
| 189|0x000000008bd00000, 0x000000008bd00000, 0x000000008be00000|  0%| F|  |TAMS 0x000000008bd00000, 0x000000008bd00000| Untracked 
| 190|0x000000008be00000, 0x000000008be00000, 0x000000008bf00000|  0%| F|  |TAMS 0x000000008be00000, 0x000000008be00000| Untracked 
| 191|0x000000008bf00000, 0x000000008bf00000, 0x000000008c000000|  0%| F|  |TAMS 0x000000008bf00000, 0x000000008bf00000| Untracked 
| 192|0x000000008c000000, 0x000000008c000000, 0x000000008c100000|  0%| F|  |TAMS 0x000000008c000000, 0x000000008c000000| Untracked 
| 193|0x000000008c100000, 0x000000008c100000, 0x000000008c200000|  0%| F|  |TAMS 0x000000008c100000, 0x000000008c100000| Untracked 
| 194|0x000000008c200000, 0x000000008c200000, 0x000000008c300000|  0%| F|  |TAMS 0x000000008c200000, 0x000000008c200000| Untracked 
| 195|0x000000008c300000, 0x000000008c300000, 0x000000008c400000|  0%| F|  |TAMS 0x000000008c300000, 0x000000008c300000| Untracked 
| 196|0x000000008c400000, 0x000000008c400000, 0x000000008c500000|  0%| F|  |TAMS 0x000000008c400000, 0x000000008c400000| Untracked 
| 197|0x000000008c500000, 0x000000008c500000, 0x000000008c600000|  0%| F|  |TAMS 0x000000008c500000, 0x000000008c500000| Untracked 
| 198|0x000000008c600000, 0x000000008c600000, 0x000000008c700000|  0%| F|  |TAMS 0x000000008c600000, 0x000000008c600000| Untracked 
| 199|0x000000008c700000, 0x000000008c700000, 0x000000008c800000|  0%| F|  |TAMS 0x000000008c700000, 0x000000008c700000| Untracked 
| 200|0x000000008c800000, 0x000000008c800000, 0x000000008c900000|  0%| F|  |TAMS 0x000000008c800000, 0x000000008c800000| Untracked 
| 201|0x000000008c900000, 0x000000008c900000, 0x000000008ca00000|  0%| F|  |TAMS 0x000000008c900000, 0x000000008c900000| Untracked 
| 202|0x000000008ca00000, 0x000000008ca00000, 0x000000008cb00000|  0%| F|  |TAMS 0x000000008ca00000, 0x000000008ca00000| Untracked 
| 203|0x000000008cb00000, 0x000000008cb00000, 0x000000008cc00000|  0%| F|  |TAMS 0x000000008cb00000, 0x000000008cb00000| Untracked 
| 204|0x000000008cc00000, 0x000000008cc00000, 0x000000008cd00000|  0%| F|  |TAMS 0x000000008cc00000, 0x000000008cc00000| Untracked 
| 205|0x000000008cd00000, 0x000000008cd00000, 0x000000008ce00000|  0%| F|  |TAMS 0x000000008cd00000, 0x000000008cd00000| Untracked 
| 206|0x000000008ce00000, 0x000000008ce00000, 0x000000008cf00000|  0%| F|  |TAMS 0x000000008ce00000, 0x000000008ce00000| Untracked 
| 207|0x000000008cf00000, 0x000000008cf00000, 0x000000008d000000|  0%| F|  |TAMS 0x000000008cf00000, 0x000000008cf00000| Untracked 
| 208|0x000000008d000000, 0x000000008d000000, 0x000000008d100000|  0%| F|  |TAMS 0x000000008d000000, 0x000000008d000000| Untracked 
| 209|0x000000008d100000, 0x000000008d100000, 0x000000008d200000|  0%| F|  |TAMS 0x000000008d100000, 0x000000008d100000| Untracked 
| 210|0x000000008d200000, 0x000000008d200000, 0x000000008d300000|  0%| F|  |TAMS 0x000000008d200000, 0x000000008d200000| Untracked 
| 211|0x000000008d300000, 0x000000008d300000, 0x000000008d400000|  0%| F|  |TAMS 0x000000008d300000, 0x000000008d300000| Untracked 
| 212|0x000000008d400000, 0x000000008d400000, 0x000000008d500000|  0%| F|  |TAMS 0x000000008d400000, 0x000000008d400000| Untracked 
| 213|0x000000008d500000, 0x000000008d500000, 0x000000008d600000|  0%| F|  |TAMS 0x000000008d500000, 0x000000008d500000| Untracked 
| 214|0x000000008d600000, 0x000000008d600000, 0x000000008d700000|  0%| F|  |TAMS 0x000000008d600000, 0x000000008d600000| Untracked 
| 215|0x000000008d700000, 0x000000008d700000, 0x000000008d800000|  0%| F|  |TAMS 0x000000008d700000, 0x000000008d700000| Untracked 
| 216|0x000000008d800000, 0x000000008d800000, 0x000000008d900000|  0%| F|  |TAMS 0x000000008d800000, 0x000000008d800000| Untracked 
| 217|0x000000008d900000, 0x000000008d900000, 0x000000008da00000|  0%| F|  |TAMS 0x000000008d900000, 0x000000008d900000| Untracked 
| 218|0x000000008da00000, 0x000000008da00000, 0x000000008db00000|  0%| F|  |TAMS 0x000000008da00000, 0x000000008da00000| Untracked 
| 219|0x000000008db00000, 0x000000008db00000, 0x000000008dc00000|  0%| F|  |TAMS 0x000000008db00000, 0x000000008db00000| Untracked 
| 220|0x000000008dc00000, 0x000000008dc00000, 0x000000008dd00000|  0%| F|  |TAMS 0x000000008dc00000, 0x000000008dc00000| Untracked 
| 221|0x000000008dd00000, 0x000000008dd00000, 0x000000008de00000|  0%| F|  |TAMS 0x000000008dd00000, 0x000000008dd00000| Untracked 
| 222|0x000000008de00000, 0x000000008de00000, 0x000000008df00000|  0%| F|  |TAMS 0x000000008de00000, 0x000000008de00000| Untracked 
| 223|0x000000008df00000, 0x000000008df00000, 0x000000008e000000|  0%| F|  |TAMS 0x000000008df00000, 0x000000008df00000| Untracked 
| 224|0x000000008e000000, 0x000000008e000000, 0x000000008e100000|  0%| F|  |TAMS 0x000000008e000000, 0x000000008e000000| Untracked 
| 225|0x000000008e100000, 0x000000008e100000, 0x000000008e200000|  0%| F|  |TAMS 0x000000008e100000, 0x000000008e100000| Untracked 
| 226|0x000000008e200000, 0x000000008e200000, 0x000000008e300000|  0%| F|  |TAMS 0x000000008e200000, 0x000000008e200000| Untracked 
| 227|0x000000008e300000, 0x000000008e300000, 0x000000008e400000|  0%| F|  |TAMS 0x000000008e300000, 0x000000008e300000| Untracked 

Card table byte_map: [0x0000015642540000,0x0000015642940000] _byte_map_base: 0x0000015642140000

Marking Bits (Prev, Next): (CMBitMap*) 0x000001562f98b510, (CMBitMap*) 0x000001562f98b550
 Prev Bits: [0x0000015642d40000, 0x0000015644d40000)
 Next Bits: [0x0000015644d40000, 0x0000015646d40000)

Polling page: 0x000001562d860000

Metaspace:

Usage:
  Non-class:     89.64 MB used.
      Class:     14.38 MB used.
       Both:    104.02 MB used.

Virtual space:
  Non-class space:       96.00 MB reserved,      90.00 MB ( 94%) committed,  12 nodes.
      Class space:        1.00 GB reserved,      14.69 MB (  1%) committed,  1 nodes.
             Both:        1.09 GB reserved,     104.69 MB (  9%) committed. 

Chunk freelists:
   Non-Class:  1.28 MB
       Class:  1.27 MB
        Both:  2.55 MB

MaxMetaspaceSize: unlimited
CompressedClassSpaceSize: 1.00 GB
Initial GC threshold: 21.00 MB
Current GC threshold: 107.75 MB
CDS: off
MetaspaceReclaimPolicy: balanced
 - commit_granule_bytes: 65536.
 - commit_granule_words: 8192.
 - virtual_space_node_default_size: 1048576.
 - enlarge_chunks_in_place: 1.
 - new_chunks_are_fully_committed: 0.
 - uncommit_free_chunks: 1.
 - use_allocation_guard: 0.
 - handle_deallocations: 1.


Internal statistics:

num_allocs_failed_limit: 6.
num_arena_births: 970.
num_arena_deaths: 0.
num_vsnodes_births: 13.
num_vsnodes_deaths: 0.
num_space_committed: 1675.
num_space_uncommitted: 0.
num_chunks_returned_to_freelist: 6.
num_chunks_taken_from_freelist: 4887.
num_chunk_merges: 6.
num_chunk_splits: 3306.
num_chunks_enlarged: 2266.
num_purges: 0.
num_inconsistent_stats: 0.

CodeHeap 'non-profiled nmethods': size=120000Kb used=6852Kb max_used=6852Kb free=113147Kb
 bounds [0x000001563a8d0000, 0x000001563af90000, 0x0000015641e00000]
CodeHeap 'profiled nmethods': size=120000Kb used=21939Kb max_used=21939Kb free=98061Kb
 bounds [0x0000015632e00000, 0x0000015634370000, 0x000001563a330000]
CodeHeap 'non-nmethods': size=5760Kb used=2423Kb max_used=2447Kb free=3336Kb
 bounds [0x000001563a330000, 0x000001563a5a0000, 0x000001563a8d0000]
 total_blobs=12180 nmethods=11240 adapters=850
 compilation: enabled
              stopped_count=0, restarted_count=0
 full_count=0

Compilation events (20 events):
Event: 26.545 Thread 0x000001564a034480 12949       2       com.android.tools.r8.graph.l2$$Lambda$2434/0x0000000100ea4f38::<init> (15 bytes)
Event: 26.546 Thread 0x000001564a034480 nmethod 12949 0x0000015634365b10 code [0x0000015634365ca0, 0x0000015634365e58]
Event: 26.546 Thread 0x000001564a034480 12950       2       com.android.tools.r8.graph.F4::b (26 bytes)
Event: 26.547 Thread 0x000001564a034480 nmethod 12950 0x0000015634365f10 code [0x00000156343660e0, 0x0000015634366468]
Event: 26.547 Thread 0x000001564a034480 12951       2       com.android.tools.r8.graph.l2::g (16 bytes)
Event: 26.548 Thread 0x000001564a034480 nmethod 12951 0x0000015634366690 code [0x0000015634366880, 0x0000015634366d38]
Event: 26.548 Thread 0x000001564a034480 12952       2       com.android.tools.r8.internal.rk::a (19 bytes)
Event: 26.549 Thread 0x000001564a034480 nmethod 12952 0x0000015634367010 code [0x0000015634367220, 0x0000015634367808]
Event: 26.549 Thread 0x000001564a034480 12953       2       com.android.tools.r8.internal.rk$$Lambda$2431/0x0000000100ea4830::<init> (15 bytes)
Event: 26.549 Thread 0x000001564a034480 nmethod 12953 0x0000015634367b90 code [0x0000015634367d20, 0x0000015634367ed8]
Event: 26.549 Thread 0x000001564a034480 12954       2       com.android.tools.r8.internal.rk$$Lambda$2419/0x0000000100ea26d0::accept (16 bytes)
Event: 26.550 Thread 0x000001564a034480 nmethod 12954 0x0000015634367f90 code [0x00000156343681a0, 0x00000156343687c8]
Event: 26.564 Thread 0x000001564a034480 12956       2       com.android.tools.r8.graph.h4::c (800 bytes)
Event: 26.596 Thread 0x000001564a034480 nmethod 12956 0x0000015634368b90 code [0x0000015634369020, 0x000001563436ae68]
Event: 26.596 Thread 0x000001564a034480 12959       2       com.android.tools.r8.position.TextRange::<init> (15 bytes)
Event: 26.596 Thread 0x000001564a034480 nmethod 12959 0x000001563436c090 code [0x000001563436c220, 0x000001563436c3d8]
Event: 26.596 Thread 0x000001564a034480 12957       2       com.android.tools.r8.graph.i4$$Lambda$1878/0x0000000100dfc318::run (8 bytes)
Event: 26.596 Thread 0x000001564a034480 nmethod 12957 0x000001563436c490 code [0x000001563436c620, 0x000001563436c748]
Event: 26.596 Thread 0x000001564a034480 12958       2       com.android.tools.r8.internal.l7::<init> (86 bytes)
Event: 26.596 Thread 0x000001564a034480 nmethod 12958 0x000001563436c810 code [0x000001563436c9a0, 0x000001563436cb58]

GC Heap History (20 events):
Event: 12.441 GC heap after
{Heap after GC invocations=35 (full 0):
 garbage-first heap   total 97280K, used 54924K [0x0000000080000000, 0x0000000100000000)
  region size 1024K, 3 young (3072K), 3 survivors (3072K)
 Metaspace       used 66385K, committed 66880K, reserved 1114112K
  class space    used 8707K, committed 8896K, reserved 1048576K
}
Event: 12.472 GC heap before
{Heap before GC invocations=35 (full 0):
 garbage-first heap   total 97280K, used 55948K [0x0000000080000000, 0x0000000100000000)
  region size 1024K, 4 young (4096K), 3 survivors (3072K)
 Metaspace       used 66513K, committed 67008K, reserved 1114112K
  class space    used 8722K, committed 8960K, reserved 1048576K
}
Event: 12.476 GC heap after
{Heap after GC invocations=36 (full 0):
 garbage-first heap   total 233472K, used 54804K [0x0000000080000000, 0x0000000100000000)
  region size 1024K, 1 young (1024K), 1 survivors (1024K)
 Metaspace       used 66513K, committed 67008K, reserved 1114112K
  class space    used 8722K, committed 8960K, reserved 1048576K
}
Event: 14.969 GC heap before
{Heap before GC invocations=36 (full 0):
 garbage-first heap   total 233472K, used 157204K [0x0000000080000000, 0x0000000100000000)
  region size 1024K, 100 young (102400K), 1 survivors (1024K)
 Metaspace       used 74733K, committed 75264K, reserved 1122304K
  class space    used 10048K, committed 10304K, reserved 1048576K
}
Event: 14.976 GC heap after
{Heap after GC invocations=37 (full 0):
 garbage-first heap   total 233472K, used 61097K [0x0000000080000000, 0x0000000100000000)
  region size 1024K, 7 young (7168K), 7 survivors (7168K)
 Metaspace       used 74733K, committed 75264K, reserved 1122304K
  class space    used 10048K, committed 10304K, reserved 1048576K
}
Event: 17.085 GC heap before
{Heap before GC invocations=37 (full 0):
 garbage-first heap   total 233472K, used 170665K [0x0000000080000000, 0x0000000100000000)
  region size 1024K, 114 young (116736K), 7 survivors (7168K)
 Metaspace       used 83139K, committed 83712K, reserved 1122304K
  class space    used 11260K, committed 11520K, reserved 1048576K
}
Event: 17.103 GC heap after
{Heap after GC invocations=38 (full 0):
 garbage-first heap   total 233472K, used 72220K [0x0000000080000000, 0x0000000100000000)
  region size 1024K, 15 young (15360K), 15 survivors (15360K)
 Metaspace       used 83139K, committed 83712K, reserved 1122304K
  class space    used 11260K, committed 11520K, reserved 1048576K
}
Event: 20.583 GC heap before
{Heap before GC invocations=38 (full 0):
 garbage-first heap   total 233472K, used 172572K [0x0000000080000000, 0x0000000100000000)
  region size 1024K, 114 young (116736K), 15 survivors (15360K)
 Metaspace       used 87640K, committed 88256K, reserved 1130496K
  class space    used 11874K, committed 12160K, reserved 1048576K
}
Event: 20.602 GC heap after
{Heap after GC invocations=39 (full 0):
 garbage-first heap   total 233472K, used 83455K [0x0000000080000000, 0x0000000100000000)
  region size 1024K, 11 young (11264K), 11 survivors (11264K)
 Metaspace       used 87640K, committed 88256K, reserved 1130496K
  class space    used 11874K, committed 12160K, reserved 1048576K
}
Event: 23.204 GC heap before
{Heap before GC invocations=39 (full 0):
 garbage-first heap   total 233472K, used 176639K [0x0000000080000000, 0x0000000100000000)
  region size 1024K, 103 young (105472K), 11 survivors (11264K)
 Metaspace       used 94911K, committed 95488K, reserved 1138688K
  class space    used 12871K, committed 13120K, reserved 1048576K
}
Event: 23.218 GC heap after
{Heap after GC invocations=40 (full 0):
 garbage-first heap   total 233472K, used 91993K [0x0000000080000000, 0x0000000100000000)
  region size 1024K, 9 young (9216K), 9 survivors (9216K)
 Metaspace       used 94911K, committed 95488K, reserved 1138688K
  class space    used 12871K, committed 13120K, reserved 1048576K
}
Event: 24.680 GC heap before
{Heap before GC invocations=40 (full 0):
 garbage-first heap   total 233472K, used 181081K [0x0000000080000000, 0x0000000100000000)
  region size 1024K, 97 young (99328K), 9 survivors (9216K)
 Metaspace       used 97332K, committed 98048K, reserved 1138688K
  class space    used 13222K, committed 13568K, reserved 1048576K
}
Event: 24.693 GC heap after
{Heap after GC invocations=41 (full 0):
 garbage-first heap   total 233472K, used 105235K [0x0000000080000000, 0x0000000100000000)
  region size 1024K, 13 young (13312K), 13 survivors (13312K)
 Metaspace       used 97332K, committed 98048K, reserved 1138688K
  class space    used 13222K, committed 13568K, reserved 1048576K
}
Event: 25.471 GC heap before
{Heap before GC invocations=41 (full 0):
 garbage-first heap   total 233472K, used 185107K [0x0000000080000000, 0x0000000100000000)
  region size 1024K, 89 young (91136K), 13 survivors (13312K)
 Metaspace       used 100902K, committed 101632K, reserved 1138688K
  class space    used 13735K, committed 14080K, reserved 1048576K
}
Event: 25.485 GC heap after
{Heap after GC invocations=42 (full 0):
 garbage-first heap   total 233472K, used 113211K [0x0000000080000000, 0x0000000100000000)
  region size 1024K, 9 young (9216K), 9 survivors (9216K)
 Metaspace       used 100902K, committed 101632K, reserved 1138688K
  class space    used 13735K, committed 14080K, reserved 1048576K
}
Event: 26.168 GC heap before
{Heap before GC invocations=42 (full 0):
 garbage-first heap   total 233472K, used 183867K [0x0000000080000000, 0x0000000100000000)
  region size 1024K, 79 young (80896K), 9 survivors (9216K)
 Metaspace       used 103773K, committed 104448K, reserved 1146880K
  class space    used 14204K, committed 14528K, reserved 1048576K
}
Event: 26.192 GC heap after
{Heap after GC invocations=43 (full 0):
 garbage-first heap   total 233472K, used 124673K [0x0000000080000000, 0x0000000100000000)
  region size 1024K, 10 young (10240K), 10 survivors (10240K)
 Metaspace       used 103773K, committed 104448K, reserved 1146880K
  class space    used 14204K, committed 14528K, reserved 1048576K
}
Event: 26.451 GC heap before
{Heap before GC invocations=43 (full 0):
 garbage-first heap   total 233472K, used 185089K [0x0000000080000000, 0x0000000100000000)
  region size 1024K, 70 young (71680K), 10 survivors (10240K)
 Metaspace       used 106075K, committed 106752K, reserved 1146880K
  class space    used 14653K, committed 14976K, reserved 1048576K
}
Event: 26.468 GC heap after
{Heap after GC invocations=44 (full 0):
 garbage-first heap   total 233472K, used 134615K [0x0000000080000000, 0x0000000100000000)
  region size 1024K, 9 young (9216K), 9 survivors (9216K)
 Metaspace       used 106075K, committed 106752K, reserved 1146880K
  class space    used 14653K, committed 14976K, reserved 1048576K
}
Event: 26.625 GC heap before
{Heap before GC invocations=44 (full 0):
 garbage-first heap   total 233472K, used 187863K [0x0000000080000000, 0x0000000100000000)
  region size 1024K, 61 young (62464K), 9 survivors (9216K)
 Metaspace       used 106520K, committed 107200K, reserved 1146880K
  class space    used 14726K, committed 15040K, reserved 1048576K
}

Dll operation events (2 events):
Event: 0.154 Loaded shared library C:\Program Files\Android\Android Studio\jbr\bin\java.dll
Event: 0.731 Loaded shared library C:\Program Files\Android\Android Studio\jbr\bin\verify.dll

Deoptimization events (20 events):
Event: 26.503 Thread 0x0000015650a4ee40 DEOPT PACKING pc=0x00000156342da54f sp=0x0000002bd12f9000
Event: 26.503 Thread 0x0000015650a4ee40 DEOPT UNPACKING pc=0x000001563a387143 sp=0x0000002bd12f8578 mode 0
Event: 26.507 Thread 0x0000015650e0d7d0 DEOPT PACKING pc=0x00000156342da54f sp=0x0000002bcf7f95c0
Event: 26.507 Thread 0x0000015650e0d7d0 DEOPT UNPACKING pc=0x000001563a387143 sp=0x0000002bcf7f8b38 mode 0
Event: 26.518 Thread 0x0000015650e0d7d0 DEOPT PACKING pc=0x00000156342da54f sp=0x0000002bcf7f8da0
Event: 26.518 Thread 0x0000015650e0d7d0 DEOPT UNPACKING pc=0x000001563a387143 sp=0x0000002bcf7f8318 mode 0
Event: 26.530 Thread 0x0000015650e0d7d0 DEOPT PACKING pc=0x00000156342da54f sp=0x0000002bcf7f8da0
Event: 26.530 Thread 0x0000015650e0d7d0 DEOPT UNPACKING pc=0x000001563a387143 sp=0x0000002bcf7f8318 mode 0
Event: 26.545 Thread 0x0000015650e0d7d0 DEOPT PACKING pc=0x00000156342da54f sp=0x0000002bcf7f8dd0
Event: 26.545 Thread 0x0000015650e0d7d0 DEOPT UNPACKING pc=0x000001563a387143 sp=0x0000002bcf7f8348 mode 0
Event: 26.564 Thread 0x0000015650a53b40 DEOPT PACKING pc=0x00000156342da54f sp=0x0000002bd0af93c0
Event: 26.564 Thread 0x0000015650a53b40 DEOPT UNPACKING pc=0x000001563a387143 sp=0x0000002bd0af8938 mode 0
Event: 26.571 Thread 0x0000015650a514c0 DEOPT PACKING pc=0x00000156342da54f sp=0x0000002bd0ef9230
Event: 26.571 Thread 0x0000015650a514c0 DEOPT UNPACKING pc=0x000001563a387143 sp=0x0000002bd0ef87a8 mode 0
Event: 26.580 Thread 0x0000015650e0d7d0 DEOPT PACKING pc=0x00000156342da54f sp=0x0000002bcf7f9330
Event: 26.580 Thread 0x0000015650e0d7d0 DEOPT UNPACKING pc=0x000001563a387143 sp=0x0000002bcf7f88a8 mode 0
Event: 26.602 Thread 0x0000015650a53b40 DEOPT PACKING pc=0x00000156342da54f sp=0x0000002bd0af8f80
Event: 26.602 Thread 0x0000015650a53b40 DEOPT UNPACKING pc=0x000001563a387143 sp=0x0000002bd0af84f8 mode 0
Event: 26.611 Thread 0x0000015650e0d7d0 DEOPT PACKING pc=0x00000156342da54f sp=0x0000002bcf7f9360
Event: 26.611 Thread 0x0000015650e0d7d0 DEOPT UNPACKING pc=0x000001563a387143 sp=0x0000002bcf7f88d8 mode 0

Classes unloaded (0 events):
No events

Classes redefined (0 events):
No events

Internal exceptions (20 events):
Event: 25.110 Thread 0x0000015650e0d7d0 Exception <a 'java/lang/NoSuchMethodError'{0x000000008c7ba640}: 'java.lang.Object java.lang.invoke.DirectMethodHandle$Holder.newInvokeSpecial(java.lang.Object, java.lang.Object, int, java.lang.Object, java.lang.Object)'> (0x000000008c7ba640) 
thrown [s\src\hotspot\share\interpreter\linkResolver.cpp, line 771]
Event: 25.110 Thread 0x0000015650e0d7d0 Exception <a 'java/lang/NoSuchMethodError'{0x000000008c7bea58}: 'java.lang.Object java.lang.invoke.Invokers$Holder.linkToTargetMethod(java.lang.Object, int, java.lang.Object, java.lang.Object, java.lang.Object)'> (0x000000008c7bea58) 
thrown [s\src\hotspot\share\interpreter\linkResolver.cpp, line 771]
Event: 25.253 Thread 0x0000015650a53b40 Exception <a 'java/lang/NoSuchMethodError'{0x000000008b403028}: 'java.lang.Object java.lang.invoke.DirectMethodHandle$Holder.newInvokeSpecial(java.lang.Object, long)'> (0x000000008b403028) 
thrown [s\src\hotspot\share\interpreter\linkResolver.cpp, line 771]
Event: 25.852 Thread 0x0000015650e0d7d0 Exception <a 'java/lang/IncompatibleClassChangeError'{0x000000008c478020}: Found class java.lang.Object, but interface was expected> (0x000000008c478020) 
thrown [s\src\hotspot\share\interpreter\linkResolver.cpp, line 838]
Event: 25.852 Thread 0x000001564df836e0 Exception <a 'java/lang/IncompatibleClassChangeError'{0x000000008c3e3388}: Found class java.lang.Object, but interface was expected> (0x000000008c3e3388) 
thrown [s\src\hotspot\share\interpreter\linkResolver.cpp, line 838]
Event: 25.852 Thread 0x0000015650a514c0 Exception <a 'java/lang/IncompatibleClassChangeError'{0x000000008c2267f0}: Found class java.lang.Object, but interface was expected> (0x000000008c2267f0) 
thrown [s\src\hotspot\share\interpreter\linkResolver.cpp, line 838]
Event: 25.852 Thread 0x0000015650a53b40 Exception <a 'java/lang/IncompatibleClassChangeError'{0x000000008c3c9070}: Found class java.lang.Object, but interface was expected> (0x000000008c3c9070) 
thrown [s\src\hotspot\share\interpreter\linkResolver.cpp, line 838]
Event: 25.852 Thread 0x0000015650e0b150 Exception <a 'java/lang/IncompatibleClassChangeError'{0x000000008c21a340}: Found class java.lang.Object, but interface was expected> (0x000000008c21a340) 
thrown [s\src\hotspot\share\interpreter\linkResolver.cpp, line 838]
Event: 25.852 Thread 0x0000015650e07790 Exception <a 'java/lang/IncompatibleClassChangeError'{0x000000008c205530}: Found class java.lang.Object, but interface was expected> (0x000000008c205530) 
thrown [s\src\hotspot\share\interpreter\linkResolver.cpp, line 838]
Event: 26.244 Thread 0x000001564fd7bf80 Exception <a 'java/lang/NoSuchMethodError'{0x000000008d088830}: static [Ljava/lang/Object;.<clinit>()V> (0x000000008d088830) 
thrown [s\src\hotspot\share\prims\jni.cpp, line 1108]
Event: 26.296 Thread 0x0000015650a514c0 Exception <a 'java/lang/NoSuchMethodError'{0x000000008c2922b8}: 'java.lang.Object java.lang.invoke.DirectMethodHandle$Holder.invokeStatic(java.lang.Object, int, java.lang.Object, java.lang.Object)'> (0x000000008c2922b8) 
thrown [s\src\hotspot\share\interpreter\linkResolver.cpp, line 771]
Event: 26.296 Thread 0x0000015650a53b40 Exception <a 'java/lang/NoSuchMethodError'{0x000000008c36cce0}: 'java.lang.Object java.lang.invoke.DirectMethodHandle$Holder.invokeStatic(java.lang.Object, int, java.lang.Object, java.lang.Object)'> (0x000000008c36cce0) 
thrown [s\src\hotspot\share\interpreter\linkResolver.cpp, line 771]
Event: 26.296 Thread 0x0000015650e07790 Exception <a 'java/lang/NoSuchMethodError'{0x000000008c2a8fd8}: 'java.lang.Object java.lang.invoke.DirectMethodHandle$Holder.invokeStatic(java.lang.Object, int, java.lang.Object, java.lang.Object)'> (0x000000008c2a8fd8) 
thrown [s\src\hotspot\share\interpreter\linkResolver.cpp, line 771]
Event: 26.296 Thread 0x000001564df836e0 Exception <a 'java/lang/NoSuchMethodError'{0x000000008c239ac0}: 'java.lang.Object java.lang.invoke.DirectMethodHandle$Holder.invokeStatic(java.lang.Object, int, java.lang.Object, java.lang.Object)'> (0x000000008c239ac0) 
thrown [s\src\hotspot\share\interpreter\linkResolver.cpp, line 771]
Event: 26.296 Thread 0x0000015650a4ee40 Exception <a 'java/lang/NoSuchMethodError'{0x000000008c284f68}: 'java.lang.Object java.lang.invoke.DirectMethodHandle$Holder.invokeStatic(java.lang.Object, int, java.lang.Object, java.lang.Object)'> (0x000000008c284f68) 
thrown [s\src\hotspot\share\interpreter\linkResolver.cpp, line 771]
Event: 26.296 Thread 0x0000015650e0b150 Exception <a 'java/lang/NoSuchMethodError'{0x000000008c2b4168}: 'java.lang.Object java.lang.invoke.DirectMethodHandle$Holder.invokeStatic(java.lang.Object, int, java.lang.Object, java.lang.Object)'> (0x000000008c2b4168) 
thrown [s\src\hotspot\share\interpreter\linkResolver.cpp, line 771]
Event: 26.301 Thread 0x0000015650a514c0 Exception <a 'java/lang/NoSuchMethodError'{0x000000008c1a5bf0}: 'java.lang.Object java.lang.invoke.DirectMethodHandle$Holder.invokeStatic(java.lang.Object, java.lang.Object, int, java.lang.Object, java.lang.Object)'> (0x000000008c1a5bf0) 
thrown [s\src\hotspot\share\interpreter\linkResolver.cpp, line 771]
Event: 26.301 Thread 0x0000015650a4ee40 Exception <a 'java/lang/NoSuchMethodError'{0x000000008c1c0858}: 'java.lang.Object java.lang.invoke.DirectMethodHandle$Holder.invokeStatic(java.lang.Object, java.lang.Object, int, java.lang.Object, java.lang.Object)'> (0x000000008c1c0858) 
thrown [s\src\hotspot\share\interpreter\linkResolver.cpp, line 771]
Event: 26.301 Thread 0x0000015650e07790 Exception <a 'java/lang/NoSuchMethodError'{0x000000008c1ca130}: 'java.lang.Object java.lang.invoke.DirectMethodHandle$Holder.invokeStatic(java.lang.Object, java.lang.Object, int, java.lang.Object, java.lang.Object)'> (0x000000008c1ca130) 
thrown [s\src\hotspot\share\interpreter\linkResolver.cpp, line 771]
Event: 26.301 Thread 0x0000015650a53b40 Exception <a 'java/lang/NoSuchMethodError'{0x000000008c1677b8}: 'java.lang.Object java.lang.invoke.DirectMethodHandle$Holder.invokeStatic(java.lang.Object, java.lang.Object, int, java.lang.Object, java.lang.Object)'> (0x000000008c1677b8) 
thrown [s\src\hotspot\share\interpreter\linkResolver.cpp, line 771]

VM Operations (20 events):
Event: 25.869 Executing VM operation: HandshakeAllThreads done
Event: 25.923 Executing VM operation: HandshakeAllThreads
Event: 25.923 Executing VM operation: HandshakeAllThreads done
Event: 25.956 Executing VM operation: HandshakeAllThreads
Event: 25.956 Executing VM operation: HandshakeAllThreads done
Event: 25.958 Executing VM operation: HandshakeAllThreads
Event: 25.959 Executing VM operation: HandshakeAllThreads done
Event: 25.997 Executing VM operation: HandshakeAllThreads
Event: 25.997 Executing VM operation: HandshakeAllThreads done
Event: 26.167 Executing VM operation: G1CollectForAllocation
Event: 26.194 Executing VM operation: G1CollectForAllocation done
Event: 26.267 Executing VM operation: HandshakeAllThreads
Event: 26.268 Executing VM operation: HandshakeAllThreads done
Event: 26.437 Executing VM operation: G1CollectForAllocation
Event: 26.470 Executing VM operation: G1CollectForAllocation done
Event: 26.563 Executing VM operation: HandshakeAllThreads
Event: 26.591 Executing VM operation: HandshakeAllThreads done
Event: 26.603 Executing VM operation: HandshakeAllThreads
Event: 26.616 Executing VM operation: HandshakeAllThreads done
Event: 26.616 Executing VM operation: G1CollectForAllocation

Events (20 events):
Event: 24.964 loading class sun/nio/cs/ThreadLocalCoders$1
Event: 24.964 loading class sun/nio/cs/ThreadLocalCoders$Cache
Event: 24.964 loading class sun/nio/cs/ThreadLocalCoders$Cache done
Event: 24.964 loading class sun/nio/cs/ThreadLocalCoders$1 done
Event: 24.964 loading class sun/nio/cs/ThreadLocalCoders$2
Event: 24.964 loading class sun/nio/cs/ThreadLocalCoders$2 done
Event: 24.973 loading class java/util/zip/Deflater
Event: 24.977 loading class java/util/zip/Deflater done
Event: 24.978 loading class java/util/zip/Deflater$DeflaterZStreamRef
Event: 24.978 loading class java/util/zip/Deflater$DeflaterZStreamRef done
Event: 25.025 loading class java/util/TreeMap$AscendingSubMap
Event: 25.033 loading class java/util/TreeMap$NavigableSubMap
Event: 25.034 loading class java/util/TreeMap$NavigableSubMap done
Event: 25.034 loading class java/util/TreeMap$AscendingSubMap done
Event: 25.034 loading class java/util/TreeMap$NavigableSubMap$SubMapKeyIterator
Event: 25.034 loading class java/util/TreeMap$NavigableSubMap$SubMapIterator
Event: 25.034 loading class java/util/TreeMap$NavigableSubMap$SubMapIterator done
Event: 25.036 loading class java/util/TreeMap$NavigableSubMap$SubMapKeyIterator done
Event: 25.073 loading class java/lang/reflect/GenericSignatureFormatError
Event: 25.074 loading class java/lang/reflect/GenericSignatureFormatError done


Dynamic libraries:
0x00007ff749330000 - 0x00007ff74933a000 	C:\Program Files\Android\Android Studio\jbr\bin\java.exe
0x00007ffad9dd0000 - 0x00007ffad9fc8000 	C:\WINDOWS\SYSTEM32\ntdll.dll
0x00007ffad90f0000 - 0x00007ffad91af000 	C:\WINDOWS\System32\KERNEL32.DLL
0x00007ffad78d0000 - 0x00007ffad7bc6000 	C:\WINDOWS\System32\KERNELBASE.dll
0x00007ffad74e0000 - 0x00007ffad75e0000 	C:\WINDOWS\System32\ucrtbase.dll
0x00007ffacb200000 - 0x00007ffacb217000 	C:\Program Files\Android\Android Studio\jbr\bin\jli.dll
0x00007ffacba60000 - 0x00007ffacba7b000 	C:\Program Files\Android\Android Studio\jbr\bin\VCRUNTIME140.dll
0x00007ffad7ee0000 - 0x00007ffad807d000 	C:\WINDOWS\System32\USER32.dll
0x00007ffad7c80000 - 0x00007ffad7ca2000 	C:\WINDOWS\System32\win32u.dll
0x00007ffad90c0000 - 0x00007ffad90ec000 	C:\WINDOWS\System32\GDI32.dll
0x00007ffaca0b0000 - 0x00007ffaca34a000 	C:\WINDOWS\WinSxS\amd64_microsoft.windows.common-controls_6595b64144ccf1df_6.0.19041.1110_none_60b5254171f9507e\COMCTL32.dll
0x00007ffad9c10000 - 0x00007ffad9cae000 	C:\WINDOWS\System32\msvcrt.dll
0x00007ffad77b0000 - 0x00007ffad78c5000 	C:\WINDOWS\System32\gdi32full.dll
0x00007ffad7d00000 - 0x00007ffad7d9d000 	C:\WINDOWS\System32\msvcp_win.dll
0x00007ffad8860000 - 0x00007ffad8890000 	C:\WINDOWS\System32\IMM32.DLL
0x00007ffad1ae0000 - 0x00007ffad1aec000 	C:\Program Files\Android\Android Studio\jbr\bin\vcruntime140_1.dll
0x00007ffab5ac0000 - 0x00007ffab5b4d000 	C:\Program Files\Android\Android Studio\jbr\bin\msvcp140.dll
0x00007ffa69b50000 - 0x00007ffa6a7bd000 	C:\Program Files\Android\Android Studio\jbr\bin\server\jvm.dll
0x00007ffad91c0000 - 0x00007ffad926f000 	C:\WINDOWS\System32\ADVAPI32.dll
0x00007ffad7e40000 - 0x00007ffad7edc000 	C:\WINDOWS\System32\sechost.dll
0x00007ffad8730000 - 0x00007ffad8856000 	C:\WINDOWS\System32\RPCRT4.dll
0x00007ffac55d0000 - 0x00007ffac55f7000 	C:\WINDOWS\SYSTEM32\WINMM.dll
0x00007ffac6280000 - 0x00007ffac6289000 	C:\WINDOWS\SYSTEM32\WSOCK32.dll
0x00007ffad8b50000 - 0x00007ffad8bbb000 	C:\WINDOWS\System32\WS2_32.dll
0x00007ffad1eb0000 - 0x00007ffad1eba000 	C:\WINDOWS\SYSTEM32\VERSION.dll
0x00007ffad5350000 - 0x00007ffad5362000 	C:\WINDOWS\SYSTEM32\kernel.appcore.dll
0x00007ffacbb90000 - 0x00007ffacbb9a000 	C:\Program Files\Android\Android Studio\jbr\bin\jimage.dll
0x00007ffac8cf0000 - 0x00007ffac8ed4000 	C:\WINDOWS\SYSTEM32\DBGHELP.DLL
0x00007ffad3800000 - 0x00007ffad3834000 	C:\WINDOWS\SYSTEM32\dbgcore.DLL
0x00007ffad7da0000 - 0x00007ffad7e22000 	C:\WINDOWS\System32\bcryptPrimitives.dll
0x00007ffac6190000 - 0x00007ffac61b5000 	C:\Program Files\Android\Android Studio\jbr\bin\java.dll
0x00007ffabfe90000 - 0x00007ffabfea8000 	C:\Program Files\Android\Android Studio\jbr\bin\zip.dll
0x00007ffad9390000 - 0x00007ffad9ad4000 	C:\WINDOWS\System32\SHELL32.dll
0x00007ffad5550000 - 0x00007ffad5ce3000 	C:\WINDOWS\SYSTEM32\windows.storage.dll
0x00007ffad8cd0000 - 0x00007ffad9024000 	C:\WINDOWS\System32\combase.dll
0x00007ffad6e20000 - 0x00007ffad6e4e000 	C:\WINDOWS\SYSTEM32\Wldp.dll
0x00007ffad89c0000 - 0x00007ffad8a6d000 	C:\WINDOWS\System32\SHCORE.dll
0x00007ffad8890000 - 0x00007ffad88e5000 	C:\WINDOWS\System32\shlwapi.dll
0x00007ffad73e0000 - 0x00007ffad7405000 	C:\WINDOWS\SYSTEM32\profapi.dll
0x00007ffabce80000 - 0x00007ffabce99000 	C:\Program Files\Android\Android Studio\jbr\bin\net.dll
0x00007ffacfe10000 - 0x00007ffacff1a000 	C:\WINDOWS\SYSTEM32\WINHTTP.dll
0x00007ffad6b80000 - 0x00007ffad6bea000 	C:\WINDOWS\system32\mswsock.dll
0x00007ffabcdb0000 - 0x00007ffabcdc6000 	C:\Program Files\Android\Android Studio\jbr\bin\nio.dll
0x00007ffac5870000 - 0x00007ffac5880000 	C:\Program Files\Android\Android Studio\jbr\bin\verify.dll
0x00007ffac61f0000 - 0x00007ffac6217000 	C:\Users\jaisw\.gradle\native\68d5fa5c4cc2d200863cafc0d521ce42e7d3e7ee720ec0a83991735586a16f82\windows-amd64\native-platform.dll
0x00007ffab43e0000 - 0x00007ffab4524000 	C:\Users\jaisw\.gradle\native\e376f236ea51e6404a007f0833ffe2c6e607c4080706a723a18a27aeea778392\windows-amd64\native-platform-file-events.dll
0x00007ffacbac0000 - 0x00007ffacbac9000 	C:\Program Files\Android\Android Studio\jbr\bin\management.dll
0x00007ffacb990000 - 0x00007ffacb99b000 	C:\Program Files\Android\Android Studio\jbr\bin\management_ext.dll
0x00007ffad7e30000 - 0x00007ffad7e38000 	C:\WINDOWS\System32\PSAPI.DLL
0x00007ffad6d80000 - 0x00007ffad6d98000 	C:\WINDOWS\SYSTEM32\CRYPTSP.dll
0x00007ffad6490000 - 0x00007ffad64c4000 	C:\WINDOWS\system32\rsaenh.dll
0x00007ffad74b0000 - 0x00007ffad74d7000 	C:\WINDOWS\System32\bcrypt.dll
0x00007ffad73a0000 - 0x00007ffad73ce000 	C:\WINDOWS\SYSTEM32\USERENV.dll
0x00007ffad6d70000 - 0x00007ffad6d7c000 	C:\WINDOWS\SYSTEM32\CRYPTBASE.dll
0x00007ffad6870000 - 0x00007ffad68ab000 	C:\WINDOWS\SYSTEM32\IPHLPAPI.DLL
0x00007ffad91b0000 - 0x00007ffad91b8000 	C:\WINDOWS\System32\NSI.dll
0x00007ffad0c90000 - 0x00007ffad0ca7000 	C:\WINDOWS\SYSTEM32\dhcpcsvc6.DLL
0x00007ffad1120000 - 0x00007ffad113d000 	C:\WINDOWS\SYSTEM32\dhcpcsvc.DLL
0x00007ffad68b0000 - 0x00007ffad697a000 	C:\WINDOWS\SYSTEM32\DNSAPI.dll
0x00007ffac4fd0000 - 0x00007ffac4fd7000 	C:\WINDOWS\system32\wshunix.dll

dbghelp: loaded successfully - version: 4.0.5 - missing functions: none
symbol engine: initialized successfully - sym options: 0x614 - pdb path: .;C:\Program Files\Android\Android Studio\jbr\bin;C:\WINDOWS\SYSTEM32;C:\WINDOWS\WinSxS\amd64_microsoft.windows.common-controls_6595b64144ccf1df_6.0.19041.1110_none_60b5254171f9507e;C:\Program Files\Android\Android Studio\jbr\bin\server;C:\Users\jaisw\.gradle\native\68d5fa5c4cc2d200863cafc0d521ce42e7d3e7ee720ec0a83991735586a16f82\windows-amd64;C:\Users\jaisw\.gradle\native\e376f236ea51e6404a007f0833ffe2c6e607c4080706a723a18a27aeea778392\windows-amd64

VM Arguments:
jvm_args: --add-opens=java.base/java.util=ALL-UNNAMED --add-opens=java.base/java.lang=ALL-UNNAMED --add-opens=java.base/java.lang.invoke=ALL-UNNAMED --add-opens=java.prefs/java.util.prefs=ALL-UNNAMED --add-opens=java.base/java.nio.charset=ALL-UNNAMED --add-opens=java.base/java.net=ALL-UNNAMED --add-opens=java.base/java.util.concurrent.atomic=ALL-UNNAMED -Xmx2048m -Dfile.encoding=UTF-8 -Duser.country=US -Duser.language=en -Duser.variant 
java_command: org.gradle.launcher.daemon.bootstrap.GradleDaemon 8.0
java_class_path (initial): C:\Users\jaisw\.gradle\wrapper\dists\gradle-8.0-bin\ca5e32bp14vu59qr306oxotwh\gradle-8.0\lib\gradle-launcher-8.0.jar
Launcher Type: SUN_STANDARD

[Global flags]
     intx CICompilerCount                          = 4                                         {product} {ergonomic}
     uint ConcGCThreads                            = 2                                         {product} {ergonomic}
     uint G1ConcRefinementThreads                  = 8                                         {product} {ergonomic}
   size_t G1HeapRegionSize                         = 1048576                                   {product} {ergonomic}
    uintx GCDrainStackTargetSize                   = 64                                        {product} {ergonomic}
   size_t InitialHeapSize                          = 100663296                                 {product} {ergonomic}
   size_t MarkStackSize                            = 4194304                                   {product} {ergonomic}
   size_t MaxHeapSize                              = 2147483648                                {product} {command line}
   size_t MaxNewSize                               = 1287651328                                {product} {ergonomic}
   size_t MinHeapDeltaBytes                        = 1048576                                   {product} {ergonomic}
   size_t MinHeapSize                              = 8388608                                   {product} {ergonomic}
    uintx NonNMethodCodeHeapSize                   = 5839372                                {pd product} {ergonomic}
    uintx NonProfiledCodeHeapSize                  = 122909434                              {pd product} {ergonomic}
    uintx ProfiledCodeHeapSize                     = 122909434                              {pd product} {ergonomic}
    uintx ReservedCodeCacheSize                    = 251658240                              {pd product} {ergonomic}
     bool SegmentedCodeCache                       = true                                      {product} {ergonomic}
   size_t SoftMaxHeapSize                          = 2147483648                             {manageable} {ergonomic}
     bool UseCompressedClassPointers               = true                           {product lp64_product} {ergonomic}
     bool UseCompressedOops                        = true                           {product lp64_product} {ergonomic}
     bool UseG1GC                                  = true                                      {product} {ergonomic}
     bool UseLargePagesIndividualAllocation        = false                                  {pd product} {ergonomic}

Logging:
Log output configuration:
 #0: stdout all=warning uptime,level,tags
 #1: stderr all=off uptime,level,tags

Environment Variables:
JAVA_HOME=C:\Program Files\Java\jdk-20
PATH=C:\Program Files\Common Files\Oracle\Java\javapath;C:\Users\jaisw\AppData\Local\Programs\Python\Python311\Scripts\;C:\Users\jaisw\AppData\Local\Programs\Python\Python311\;C:\windows\system32;C:\windows;C:\windows\System32\Wbem;C:\windows\System32\WindowsPowerShell\v1.0\;C:\windows\System32\OpenSSH\;C:\Program Files (x86)\NVIDIA Corporation\PhysX\Common;C:\Program Files\NVIDIA Corporation\NVIDIA NvDLISR;C:\WINDOWS\system32;C:\WINDOWS;C:\WINDOWS\System32\Wbem;C:\WINDOWS\System32\WindowsPowerShell\v1.0\;C:\WINDOWS\System32\OpenSSH\;C:\Program Files\Git\cmd;C:\Program Files\Java\jdk-20\bin;C:\windows\system32;C:\windows;C:\windows\System32\Wbem;C:\windows\System32\WindowsPowerShell\v1.0\;C:\windows\System32\OpenSSH\;C:\Program Files (x86)\NVIDIA Corporation\PhysX\Common;C:\Program Files\NVIDIA Corporation\NVIDIA NvDLISR;C:\WINDOWS\system32;C:\WINDOWS;C:\WINDOWS\System32\Wbem;C:\WINDOWS\System32\WindowsPowerShell\v1.0\;C:\WINDOWS\System32\OpenSSH\;C:\Program Files\swipl\bin;C:\Program Files\Git\cmd;C:\windows\system32;C:\windows;C:\windows\System32\Wbem;C:\windows\System32\WindowsPowerShell\v1.0\;C:\windows\System32\OpenSSH\;C:\Program Files (x86)\NVIDIA Corporation\PhysX\Common;C:\Program Files\NVIDIA Corporation\NVIDIA NvDLISR;C:\WINDOWS\system32;C:\WINDOWS;C:\WINDOWS\System32\Wbem;C:\WINDOWS\System32\WindowsPowerShell\v1.0\;C:\WINDOWS\System32\OpenSSH\;C:\Program Files\swipl\bin;C:\Program Files\Git\cmd;C:\Users\jaisw\AppData\Local\Microsoft\WindowsApps;C:\Program Files\Jet;C:\Users\jaisw\AppData\Local\Programs\Python\Python310\Scripts;;C:\Users\jaisw\AppData\Local\Programs\Microsoft VS Code\bin
USERNAME=jaisw
OS=Windows_NT
PROCESSOR_IDENTIFIER=AMD64 Family 23 Model 24 Stepping 1, AuthenticAMD
TMP=C:\Users\jaisw\AppData\Local\Temp
TEMP=C:\Users\jaisw\AppData\Local\Temp



---------------  S Y S T E M  ---------------

OS:
 Windows 10 , 64 bit Build 19041 (10.0.19041.3155)
OS uptime: 1 days 15:19 hours

CPU: total 8 (initial active 8) (8 cores per cpu, 2 threads per core) family 23 model 24 stepping 1 microcode 0x0, cx8, cmov, fxsr, ht, mmx, 3dnowpref, sse, sse2, sse3, ssse3, sse4a, sse4.1, sse4.2, popcnt, lzcnt, tsc, tscinvbit, avx, avx2, aes, clmul, bmi1, bmi2, adx, sha, fma, vzeroupper, clflush, clflushopt

Memory: 4k page, system-wide physical 6021M (582M free)
TotalPageFile size 24453M (AvailPageFile size 25M)
current process WorkingSet (physical memory assigned to process): 517M, peak: 518M
current process commit charge ("private bytes"): 557M, peak: 667M

vm_info: OpenJDK 64-Bit Server VM (17.0.6+0-b2043.56-9586694) for windows-amd64 JRE (17.0.6+0-b2043.56-9586694), built on Feb  9 2023 20:06:20 by "androidbuild" with MS VC++ 16.10 / 16.11 (VS2019)

END.
