#
# There is insufficient memory for the Java Runtime Environment to continue.
# Native memory allocation (mmap) failed to map 140509184 bytes for G1 virtual space
# Possible reasons:
#   The system is out of physical RAM or swap space
#   The process is running with CompressedOops enabled, and the Java Heap may be blocking the growth of the native heap
# Possible solutions:
#   Reduce memory load on the system
#   Increase physical memory or swap space
#   Check if swap backing store is full
#   Decrease Java heap size (-Xmx/-Xms)
#   Decrease number of Java threads
#   Decrease Java thread stack sizes (-Xss)
#   Set larger code cache with -XX:ReservedCodeCacheSize=
#   JVM is running with Unscaled Compressed Oops mode in which the Java heap is
#     placed in the first 4GB address space. The Java Heap base address is the
#     maximum limit for the native heap growth. Please use -XX:HeapBaseMinAddress
#     to set the Java Heap base and to place the Java Heap above 4GB virtual address.
# This output file may be truncated or incomplete.
#
#  Out of Memory Error (os_windows.cpp:3769), pid=15340, tid=22984
#
# JRE version: OpenJDK Runtime Environment (17.0.6) (build 17.0.6+0-b2043.56-9586694)
# Java VM: OpenJDK 64-Bit Server VM (17.0.6+0-b2043.56-9586694, mixed mode, tiered, compressed oops, compressed class ptrs, g1 gc, windows-amd64)
# No core dump will be written. Minidumps are not enabled by default on client versions of Windows
#

---------------  S U M M A R Y ------------

Command Line: --add-opens=java.base/java.util=ALL-UNNAMED --add-opens=java.base/java.lang=ALL-UNNAMED --add-opens=java.base/java.lang.invoke=ALL-UNNAMED --add-opens=java.prefs/java.util.prefs=ALL-UNNAMED --add-opens=java.base/java.nio.charset=ALL-UNNAMED --add-opens=java.base/java.net=ALL-UNNAMED --add-opens=java.base/java.util.concurrent.atomic=ALL-UNNAMED -Xmx2048m -Dfile.encoding=UTF-8 -Duser.country=US -Duser.language=en -Duser.variant org.gradle.launcher.daemon.bootstrap.GradleDaemon 8.0

Host: AMD Ryzen 5 3550H with Radeon Vega Mobile Gfx  , 8 cores, 5G,  Windows 10 , 64 bit Build 19041 (10.0.19041.3155)
Time: Sun Aug 13 18:25:48 2023 India Standard Time elapsed time: 45.542267 seconds (0d 0h 0m 45s)

---------------  T H R E A D  ---------------

Current thread (0x000001a56168d010):  VMThread "VM Thread" [stack: 0x0000001ff2000000,0x0000001ff2100000] [id=22984]

Stack: [0x0000001ff2000000,0x0000001ff2100000]
Native frames: (J=compiled Java code, j=interpreted, Vv=VM code, C=native code)
V  [jvm.dll+0x683b4a]
V  [jvm.dll+0x842654]
V  [jvm.dll+0x843dfe]
V  [jvm.dll+0x844463]
V  [jvm.dll+0x249b75]
V  [jvm.dll+0x680a19]
V  [jvm.dll+0x674f0a]
V  [jvm.dll+0x309acb]
V  [jvm.dll+0x310f86]
V  [jvm.dll+0x3608ee]
V  [jvm.dll+0x360b1f]
V  [jvm.dll+0x2dfbf8]
V  [jvm.dll+0x2ddec4]
V  [jvm.dll+0x2dd4cc]
V  [jvm.dll+0x321f3b]
V  [jvm.dll+0x84893b]
V  [jvm.dll+0x849674]
V  [jvm.dll+0x849b8d]
V  [jvm.dll+0x849f64]
V  [jvm.dll+0x84a030]
V  [jvm.dll+0x7f25fa]
V  [jvm.dll+0x682985]
C  [ucrtbase.dll+0x21bb2]
C  [KERNEL32.DLL+0x17614]
C  [ntdll.dll+0x526b1]

VM_Operation (0x0000001ff55f9490): G1CollectForAllocation, mode: safepoint, requested by thread 0x000001a566673a30


---------------  P R O C E S S  ---------------

Threads class SMR info:
_java_thread_list=0x000001a562538580, length=138, elements={
0x000001a54785a250, 0x000001a561696230, 0x000001a5616b1450, 0x000001a562014370,
0x000001a562016d40, 0x000001a562018610, 0x000001a56201b2e0, 0x000001a56201fbf0,
0x000001a562028500, 0x000001a562028e00, 0x000001a5621cdc50, 0x000001a5621ce530,
0x000001a563a48d30, 0x000001a5631c4990, 0x000001a563b0d560, 0x000001a564a950a0,
0x000001a5631dc7c0, 0x000001a565241340, 0x000001a5633f2b20, 0x000001a562997950,
0x000001a562997e20, 0x000001a562996fb0, 0x000001a562999fd0, 0x000001a562997480,
0x000001a562999630, 0x000001a5629982f0, 0x000001a5629987c0, 0x000001a562998c90,
0x000001a562999160, 0x000001a562999b00, 0x000001a562996610, 0x000001a562996ae0,
0x000001a566675710, 0x000001a566672bc0, 0x000001a566673560, 0x000001a5666773f0,
0x000001a5666743d0, 0x000001a566670a10, 0x000001a566675be0, 0x000001a566671d50,
0x000001a5666726f0, 0x000001a566676f20, 0x000001a5666778c0, 0x000001a566676580,
0x000001a566673a30, 0x000001a566673f00, 0x000001a5666748a0, 0x000001a566670540,
0x000001a566671880, 0x000001a5666713b0, 0x000001a566676a50, 0x000001a566672220,
0x000001a566674d70, 0x000001a566675240, 0x000001a566670ee0, 0x000001a563b731f0,
0x000001a563b70b70, 0x000001a563b71040, 0x000001a563b72d20, 0x000001a563b719e0,
0x000001a563b6d1b0, 0x000001a563b701d0, 0x000001a563b71eb0, 0x000001a563b6fd00,
0x000001a563b72380, 0x000001a563b6e020, 0x000001a563b706a0, 0x000001a563b71510,
0x000001a563b74060, 0x000001a563b6d680, 0x000001a563b72850, 0x000001a563b6ee90,
0x000001a563b6f360, 0x000001a563b6f830, 0x000001a563b736c0, 0x000001a563b6db50,
0x000001a563b73b90, 0x000001a563b74530, 0x000001a563b6cce0, 0x000001a563b6e4f0,
0x000001a563b6e9c0, 0x000001a5649a23c0, 0x000001a5649a3700, 0x000001a5649a2890,
0x000001a5649a1a20, 0x000001a5649a4a40, 0x000001a5649a4f10, 0x000001a5649a53e0,
0x000001a5649a58b0, 0x000001a5649a2d60, 0x000001a5649a7590, 0x000001a5649a1080,
0x000001a5649a3230, 0x000001a5649a7a60, 0x000001a5649a1550, 0x000001a5649a5d80,
0x000001a5649a6250, 0x000001a5649a6720, 0x000001a5649a3bd0, 0x000001a5649a0210,
0x000001a5649a4570, 0x000001a5649a06e0, 0x000001a5649a0bb0, 0x000001a5649a6bf0,
0x000001a5649a70c0, 0x000001a5649a40a0, 0x000001a5649a1ef0, 0x000001a56687f8f0,
0x000001a566881aa0, 0x000001a566881f70, 0x000001a566882910, 0x000001a56687d270,
0x000001a5668815d0, 0x000001a566882440, 0x000001a566882de0, 0x000001a5668832b0,
0x000001a56687c400, 0x000001a566883780, 0x000001a566883c50, 0x000001a566880760,
0x000001a56687c8d0, 0x000001a566880c30, 0x000001a56687cda0, 0x000001a56687d740,
0x000001a56687dc10, 0x000001a56687ea80, 0x000001a56687ef50, 0x000001a56687f420,
0x000001a56687fdc0, 0x000001a566880290, 0x000001a568167800, 0x000001a568168670,
0x000001a56816a820, 0x000001a568165180, 0x000001a568167cd0, 0x000001a56816acf0,
0x000001a56816b1c0, 0x000001a568165ff0
}

Java Threads: ( => current thread )
  0x000001a54785a250 JavaThread "main" [_thread_blocked, id=15016, stack(0x0000001ff1a00000,0x0000001ff1b00000)]
  0x000001a561696230 JavaThread "Reference Handler" daemon [_thread_blocked, id=2828, stack(0x0000001ff2100000,0x0000001ff2200000)]
  0x000001a5616b1450 JavaThread "Finalizer" daemon [_thread_blocked, id=18928, stack(0x0000001ff2200000,0x0000001ff2300000)]
  0x000001a562014370 JavaThread "Signal Dispatcher" daemon [_thread_blocked, id=2968, stack(0x0000001ff2300000,0x0000001ff2400000)]
  0x000001a562016d40 JavaThread "Attach Listener" daemon [_thread_blocked, id=17616, stack(0x0000001ff2400000,0x0000001ff2500000)]
  0x000001a562018610 JavaThread "Service Thread" daemon [_thread_blocked, id=21860, stack(0x0000001ff2500000,0x0000001ff2600000)]
  0x000001a56201b2e0 JavaThread "Monitor Deflation Thread" daemon [_thread_blocked, id=8632, stack(0x0000001ff2600000,0x0000001ff2700000)]
  0x000001a56201fbf0 JavaThread "C2 CompilerThread0" daemon [_thread_blocked, id=10872, stack(0x0000001ff2700000,0x0000001ff2800000)]
  0x000001a562028500 JavaThread "C1 CompilerThread0" daemon [_thread_blocked, id=21916, stack(0x0000001ff2800000,0x0000001ff2900000)]
  0x000001a562028e00 JavaThread "Sweeper thread" daemon [_thread_blocked, id=13768, stack(0x0000001ff2900000,0x0000001ff2a00000)]
  0x000001a5621cdc50 JavaThread "Common-Cleaner" daemon [_thread_blocked, id=3136, stack(0x0000001ff2a00000,0x0000001ff2b00000)]
  0x000001a5621ce530 JavaThread "Notification Thread" daemon [_thread_blocked, id=20036, stack(0x0000001ff2b00000,0x0000001ff2c00000)]
  0x000001a563a48d30 JavaThread "Daemon health stats" [_thread_blocked, id=8496, stack(0x0000001ff3200000,0x0000001ff3300000)]
  0x000001a5631c4990 JavaThread "Incoming local TCP Connector on port 57321" [_thread_in_native, id=25248, stack(0x0000001ff3100000,0x0000001ff3200000)]
  0x000001a563b0d560 JavaThread "Daemon periodic checks" [_thread_blocked, id=18160, stack(0x0000001ff3300000,0x0000001ff3400000)]
  0x000001a564a950a0 JavaThread "Daemon" [_thread_blocked, id=13124, stack(0x0000001ff3400000,0x0000001ff3500000)]
  0x000001a5631dc7c0 JavaThread "Handler for socket connection from /127.0.0.1:57321 to /127.0.0.1:57322" [_thread_in_native, id=18584, stack(0x0000001ff3500000,0x0000001ff3600000)]
  0x000001a565241340 JavaThread "Cancel handler" [_thread_blocked, id=20208, stack(0x0000001ff3600000,0x0000001ff3700000)]
  0x000001a5633f2b20 JavaThread "Daemon worker" [_thread_blocked, id=16592, stack(0x0000001ff3700000,0x0000001ff3800000)]
  0x000001a562997950 JavaThread "Asynchronous log dispatcher for DefaultDaemonConnection: socket connection from /127.0.0.1:57321 to /127.0.0.1:57322" [_thread_blocked, id=20100, stack(0x0000001ff3800000,0x0000001ff3900000)]
  0x000001a562997e20 JavaThread "Stdin handler" [_thread_blocked, id=17028, stack(0x0000001ff3900000,0x0000001ff3a00000)]
  0x000001a562996fb0 JavaThread "Daemon client event forwarder" [_thread_blocked, id=18960, stack(0x0000001ff3a00000,0x0000001ff3b00000)]
  0x000001a562999fd0 JavaThread "Cache worker for journal cache (C:\Users\jaisw\.gradle\caches\journal-1)" [_thread_blocked, id=11812, stack(0x0000001ff3f00000,0x0000001ff4000000)]
  0x000001a562997480 JavaThread "File lock request listener" [_thread_in_native, id=14612, stack(0x0000001ff4000000,0x0000001ff4100000)]
  0x000001a562999630 JavaThread "Cache worker for file hash cache (C:\Users\jaisw\.gradle\caches\8.0\fileHashes)" [_thread_blocked, id=8892, stack(0x0000001ff4100000,0x0000001ff4200000)]
  0x000001a5629982f0 JavaThread "File watcher server" daemon [_thread_blocked, id=20056, stack(0x0000001ff4300000,0x0000001ff4400000)]
  0x000001a5629987c0 JavaThread "File watcher consumer" daemon [_thread_blocked, id=1880, stack(0x0000001ff4400000,0x0000001ff4500000)]
  0x000001a562998c90 JavaThread "Cache worker for checksums cache (C:\Users\jaisw\AndroidStudioProjects\NewsWave\.gradle\8.0\checksums)" [_thread_blocked, id=24332, stack(0x0000001ff4200000,0x0000001ff4300000)]
  0x000001a562999160 JavaThread "Cache worker for cache directory md-rule (C:\Users\jaisw\.gradle\caches\8.0\md-rule)" [_thread_blocked, id=20352, stack(0x0000001ff4500000,0x0000001ff4600000)]
  0x000001a562999b00 JavaThread "Cache worker for file content cache (C:\Users\jaisw\.gradle\caches\8.0\fileContent)" [_thread_blocked, id=16804, stack(0x0000001ff4600000,0x0000001ff4700000)]
  0x000001a562996610 JavaThread "Cache worker for file hash cache (C:\Users\jaisw\AndroidStudioProjects\NewsWave\.gradle\8.0\fileHashes)" [_thread_blocked, id=14176, stack(0x0000001ff4700000,0x0000001ff4800000)]
  0x000001a562996ae0 JavaThread "Cache worker for cache directory md-supplier (C:\Users\jaisw\.gradle\caches\8.0\md-supplier)" [_thread_blocked, id=17012, stack(0x0000001ff4800000,0x0000001ff4900000)]
  0x000001a566675710 JavaThread "Cache worker for execution history cache (C:\Users\jaisw\.gradle\caches\8.0\executionHistory)" [_thread_blocked, id=17020, stack(0x0000001ff4900000,0x0000001ff4a00000)]
  0x000001a566672bc0 JavaThread "jar transforms" [_thread_blocked, id=14908, stack(0x0000001ff4b00000,0x0000001ff4c00000)]
  0x000001a566673560 JavaThread "jar transforms Thread 2" [_thread_blocked, id=23140, stack(0x0000001ff4c00000,0x0000001ff4d00000)]
  0x000001a5666773f0 JavaThread "jar transforms Thread 3" [_thread_blocked, id=7664, stack(0x0000001ff4d00000,0x0000001ff4e00000)]
  0x000001a5666743d0 JavaThread "jar transforms Thread 4" [_thread_blocked, id=19524, stack(0x0000001ff4e00000,0x0000001ff4f00000)]
  0x000001a566670a10 JavaThread "Cache worker for dependencies-accessors (C:\Users\jaisw\AndroidStudioProjects\NewsWave\.gradle\8.0\dependencies-accessors)" [_thread_blocked, id=20432, stack(0x0000001ff4f00000,0x0000001ff5000000)]
  0x000001a566675be0 JavaThread "jar transforms Thread 5" [_thread_blocked, id=15356, stack(0x0000001ff4a00000,0x0000001ff4b00000)]
  0x000001a566671d50 JavaThread "Cache worker for Build Output Cleanup Cache (C:\Users\jaisw\AndroidStudioProjects\NewsWave\.gradle\buildOutputCleanup)" [_thread_blocked, id=19776, stack(0x0000001ff5000000,0x0000001ff5100000)]
  0x000001a5666726f0 JavaThread "Unconstrained build operations" [_thread_blocked, id=9384, stack(0x0000001ff5100000,0x0000001ff5200000)]
  0x000001a566676f20 JavaThread "Unconstrained build operations Thread 2" [_thread_blocked, id=16916, stack(0x0000001ff5200000,0x0000001ff5300000)]
  0x000001a5666778c0 JavaThread "Unconstrained build operations Thread 3" [_thread_blocked, id=19572, stack(0x0000001ff5300000,0x0000001ff5400000)]
  0x000001a566676580 JavaThread "Unconstrained build operations Thread 4" [_thread_blocked, id=14784, stack(0x0000001ff5400000,0x0000001ff5500000)]
  0x000001a566673a30 JavaThread "Unconstrained build operations Thread 5" [_thread_blocked, id=17916, stack(0x0000001ff5500000,0x0000001ff5600000)]
  0x000001a566673f00 JavaThread "Unconstrained build operations Thread 6" [_thread_blocked, id=12148, stack(0x0000001ff5600000,0x0000001ff5700000)]
  0x000001a5666748a0 JavaThread "Unconstrained build operations Thread 7" [_thread_blocked, id=15716, stack(0x0000001ff5700000,0x0000001ff5800000)]
  0x000001a566670540 JavaThread "Unconstrained build operations Thread 8" [_thread_blocked, id=23896, stack(0x0000001ff5800000,0x0000001ff5900000)]
  0x000001a566671880 JavaThread "Unconstrained build operations Thread 9" [_thread_blocked, id=8768, stack(0x0000001ff5900000,0x0000001ff5a00000)]
  0x000001a5666713b0 JavaThread "Unconstrained build operations Thread 10" [_thread_blocked, id=20308, stack(0x0000001ff5a00000,0x0000001ff5b00000)]
  0x000001a566676a50 JavaThread "Unconstrained build operations Thread 11" [_thread_blocked, id=16652, stack(0x0000001ff5b00000,0x0000001ff5c00000)]
  0x000001a566672220 JavaThread "Unconstrained build operations Thread 12" [_thread_blocked, id=16752, stack(0x0000001ff5c00000,0x0000001ff5d00000)]
  0x000001a566674d70 JavaThread "Unconstrained build operations Thread 13" [_thread_blocked, id=14712, stack(0x0000001ff5d00000,0x0000001ff5e00000)]
  0x000001a566675240 JavaThread "Unconstrained build operations Thread 14" [_thread_blocked, id=25580, stack(0x0000001ff5e00000,0x0000001ff5f00000)]
  0x000001a566670ee0 JavaThread "Unconstrained build operations Thread 15" [_thread_blocked, id=15068, stack(0x0000001ff5f00000,0x0000001ff6000000)]
  0x000001a563b731f0 JavaThread "Unconstrained build operations Thread 16" [_thread_blocked, id=12584, stack(0x0000001ff6000000,0x0000001ff6100000)]
  0x000001a563b70b70 JavaThread "Unconstrained build operations Thread 17" [_thread_blocked, id=5084, stack(0x0000001ff6100000,0x0000001ff6200000)]
  0x000001a563b71040 JavaThread "Unconstrained build operations Thread 18" [_thread_blocked, id=11712, stack(0x0000001ff6200000,0x0000001ff6300000)]
  0x000001a563b72d20 JavaThread "Unconstrained build operations Thread 19" [_thread_blocked, id=20220, stack(0x0000001ff6300000,0x0000001ff6400000)]
  0x000001a563b719e0 JavaThread "Unconstrained build operations Thread 20" [_thread_blocked, id=5404, stack(0x0000001ff6400000,0x0000001ff6500000)]
  0x000001a563b6d1b0 JavaThread "Unconstrained build operations Thread 21" [_thread_blocked, id=9580, stack(0x0000001ff6500000,0x0000001ff6600000)]
  0x000001a563b701d0 JavaThread "Unconstrained build operations Thread 22" [_thread_blocked, id=18196, stack(0x0000001ff6600000,0x0000001ff6700000)]
  0x000001a563b71eb0 JavaThread "Unconstrained build operations Thread 23" [_thread_blocked, id=17732, stack(0x0000001ff6700000,0x0000001ff6800000)]
  0x000001a563b6fd00 JavaThread "Unconstrained build operations Thread 24" [_thread_blocked, id=7748, stack(0x0000001ff6800000,0x0000001ff6900000)]
  0x000001a563b72380 JavaThread "Unconstrained build operations Thread 25" [_thread_blocked, id=17516, stack(0x0000001ff6900000,0x0000001ff6a00000)]
  0x000001a563b6e020 JavaThread "Unconstrained build operations Thread 26" [_thread_blocked, id=12796, stack(0x0000001ff6a00000,0x0000001ff6b00000)]
  0x000001a563b706a0 JavaThread "Unconstrained build operations Thread 27" [_thread_blocked, id=1912, stack(0x0000001ff6b00000,0x0000001ff6c00000)]
  0x000001a563b71510 JavaThread "Unconstrained build operations Thread 28" [_thread_blocked, id=21256, stack(0x0000001ff6c00000,0x0000001ff6d00000)]
  0x000001a563b74060 JavaThread "Unconstrained build operations Thread 29" [_thread_blocked, id=9924, stack(0x0000001ff6d00000,0x0000001ff6e00000)]
  0x000001a563b6d680 JavaThread "Unconstrained build operations Thread 30" [_thread_blocked, id=18304, stack(0x0000001ff6e00000,0x0000001ff6f00000)]
  0x000001a563b72850 JavaThread "Unconstrained build operations Thread 31" [_thread_blocked, id=16120, stack(0x0000001ff6f00000,0x0000001ff7000000)]
  0x000001a563b6ee90 JavaThread "Unconstrained build operations Thread 32" [_thread_blocked, id=12760, stack(0x0000001ff7000000,0x0000001ff7100000)]
  0x000001a563b6f360 JavaThread "Unconstrained build operations Thread 33" [_thread_blocked, id=9700, stack(0x0000001ff7100000,0x0000001ff7200000)]
  0x000001a563b6f830 JavaThread "Unconstrained build operations Thread 34" [_thread_blocked, id=15020, stack(0x0000001ff7200000,0x0000001ff7300000)]
  0x000001a563b736c0 JavaThread "Unconstrained build operations Thread 35" [_thread_blocked, id=14856, stack(0x0000001ff7300000,0x0000001ff7400000)]
  0x000001a563b6db50 JavaThread "Unconstrained build operations Thread 36" [_thread_blocked, id=13444, stack(0x0000001ff7400000,0x0000001ff7500000)]
  0x000001a563b73b90 JavaThread "Unconstrained build operations Thread 37" [_thread_blocked, id=8468, stack(0x0000001ff7500000,0x0000001ff7600000)]
  0x000001a563b74530 JavaThread "Unconstrained build operations Thread 38" [_thread_blocked, id=24320, stack(0x0000001ff7600000,0x0000001ff7700000)]
  0x000001a563b6cce0 JavaThread "Unconstrained build operations Thread 39" [_thread_blocked, id=9740, stack(0x0000001ff7700000,0x0000001ff7800000)]
  0x000001a563b6e4f0 JavaThread "Unconstrained build operations Thread 40" [_thread_blocked, id=25584, stack(0x0000001ff7800000,0x0000001ff7900000)]
  0x000001a563b6e9c0 JavaThread "Unconstrained build operations Thread 41" [_thread_blocked, id=19548, stack(0x0000001ff7900000,0x0000001ff7a00000)]
  0x000001a5649a23c0 JavaThread "Unconstrained build operations Thread 42" [_thread_blocked, id=21448, stack(0x0000001ff7a00000,0x0000001ff7b00000)]
  0x000001a5649a3700 JavaThread "Unconstrained build operations Thread 43" [_thread_blocked, id=19040, stack(0x0000001ff7b00000,0x0000001ff7c00000)]
  0x000001a5649a2890 JavaThread "Unconstrained build operations Thread 44" [_thread_blocked, id=23580, stack(0x0000001ff7c00000,0x0000001ff7d00000)]
  0x000001a5649a1a20 JavaThread "Unconstrained build operations Thread 45" [_thread_blocked, id=6124, stack(0x0000001ff7d00000,0x0000001ff7e00000)]
  0x000001a5649a4a40 JavaThread "Unconstrained build operations Thread 46" [_thread_blocked, id=10540, stack(0x0000001ff7e00000,0x0000001ff7f00000)]
  0x000001a5649a4f10 JavaThread "Unconstrained build operations Thread 47" [_thread_blocked, id=25056, stack(0x0000001ff7f00000,0x0000001ff8000000)]
  0x000001a5649a53e0 JavaThread "Unconstrained build operations Thread 48" [_thread_blocked, id=17284, stack(0x0000001ff8000000,0x0000001ff8100000)]
  0x000001a5649a58b0 JavaThread "Unconstrained build operations Thread 49" [_thread_blocked, id=12944, stack(0x0000001ff8100000,0x0000001ff8200000)]
  0x000001a5649a2d60 JavaThread "Unconstrained build operations Thread 50" [_thread_blocked, id=16012, stack(0x0000001ff8200000,0x0000001ff8300000)]
  0x000001a5649a7590 JavaThread "Unconstrained build operations Thread 51" [_thread_blocked, id=17332, stack(0x0000001ff8300000,0x0000001ff8400000)]
  0x000001a5649a1080 JavaThread "Unconstrained build operations Thread 52" [_thread_blocked, id=3096, stack(0x0000001ff8400000,0x0000001ff8500000)]
  0x000001a5649a3230 JavaThread "Unconstrained build operations Thread 53" [_thread_blocked, id=18556, stack(0x0000001ff8500000,0x0000001ff8600000)]
  0x000001a5649a7a60 JavaThread "Unconstrained build operations Thread 54" [_thread_blocked, id=1920, stack(0x0000001ff8600000,0x0000001ff8700000)]
  0x000001a5649a1550 JavaThread "Unconstrained build operations Thread 55" [_thread_blocked, id=14792, stack(0x0000001ff8700000,0x0000001ff8800000)]
  0x000001a5649a5d80 JavaThread "Unconstrained build operations Thread 56" [_thread_blocked, id=25324, stack(0x0000001ff8800000,0x0000001ff8900000)]
  0x000001a5649a6250 JavaThread "Unconstrained build operations Thread 57" [_thread_blocked, id=22236, stack(0x0000001ff8900000,0x0000001ff8a00000)]
  0x000001a5649a6720 JavaThread "Unconstrained build operations Thread 58" [_thread_blocked, id=19844, stack(0x0000001ff8a00000,0x0000001ff8b00000)]
  0x000001a5649a3bd0 JavaThread "Unconstrained build operations Thread 59" [_thread_blocked, id=19600, stack(0x0000001ff8b00000,0x0000001ff8c00000)]
  0x000001a5649a0210 JavaThread "Unconstrained build operations Thread 60" [_thread_blocked, id=20852, stack(0x0000001ff8c00000,0x0000001ff8d00000)]
  0x000001a5649a4570 JavaThread "Unconstrained build operations Thread 61" [_thread_blocked, id=7776, stack(0x0000001ff8d00000,0x0000001ff8e00000)]
  0x000001a5649a06e0 JavaThread "Unconstrained build operations Thread 62" [_thread_blocked, id=15480, stack(0x0000001ff8e00000,0x0000001ff8f00000)]
  0x000001a5649a0bb0 JavaThread "Unconstrained build operations Thread 63" [_thread_blocked, id=22544, stack(0x0000001ff8f00000,0x0000001ff9000000)]
  0x000001a5649a6bf0 JavaThread "Unconstrained build operations Thread 64" [_thread_blocked, id=25216, stack(0x0000001ff9000000,0x0000001ff9100000)]
  0x000001a5649a70c0 JavaThread "Unconstrained build operations Thread 65" [_thread_blocked, id=20388, stack(0x0000001ff9100000,0x0000001ff9200000)]
  0x000001a5649a40a0 JavaThread "Unconstrained build operations Thread 66" [_thread_blocked, id=9908, stack(0x0000001ff9200000,0x0000001ff9300000)]
  0x000001a5649a1ef0 JavaThread "Unconstrained build operations Thread 67" [_thread_blocked, id=21584, stack(0x0000001ff9300000,0x0000001ff9400000)]
  0x000001a56687f8f0 JavaThread "Unconstrained build operations Thread 68" [_thread_blocked, id=1884, stack(0x0000001ff9400000,0x0000001ff9500000)]
  0x000001a566881aa0 JavaThread "Unconstrained build operations Thread 69" [_thread_blocked, id=20596, stack(0x0000001ff9500000,0x0000001ff9600000)]
  0x000001a566881f70 JavaThread "Unconstrained build operations Thread 70" [_thread_blocked, id=19528, stack(0x0000001ff9600000,0x0000001ff9700000)]
  0x000001a566882910 JavaThread "Unconstrained build operations Thread 71" [_thread_blocked, id=24708, stack(0x0000001ff9700000,0x0000001ff9800000)]
  0x000001a56687d270 JavaThread "Unconstrained build operations Thread 72" [_thread_blocked, id=18724, stack(0x0000001ff9800000,0x0000001ff9900000)]
  0x000001a5668815d0 JavaThread "Unconstrained build operations Thread 73" [_thread_blocked, id=20800, stack(0x0000001ff9900000,0x0000001ff9a00000)]
  0x000001a566882440 JavaThread "Unconstrained build operations Thread 74" [_thread_blocked, id=9148, stack(0x0000001ff9a00000,0x0000001ff9b00000)]
  0x000001a566882de0 JavaThread "Unconstrained build operations Thread 75" [_thread_blocked, id=7840, stack(0x0000001ff9b00000,0x0000001ff9c00000)]
  0x000001a5668832b0 JavaThread "Unconstrained build operations Thread 76" [_thread_blocked, id=4016, stack(0x0000001ff9c00000,0x0000001ff9d00000)]
  0x000001a56687c400 JavaThread "Unconstrained build operations Thread 77" [_thread_blocked, id=19824, stack(0x0000001ff9d00000,0x0000001ff9e00000)]
  0x000001a566883780 JavaThread "Unconstrained build operations Thread 78" [_thread_blocked, id=23436, stack(0x0000001ff9e00000,0x0000001ff9f00000)]
  0x000001a566883c50 JavaThread "Unconstrained build operations Thread 79" [_thread_blocked, id=11892, stack(0x0000001ff9f00000,0x0000001ffa000000)]
  0x000001a566880760 JavaThread "Unconstrained build operations Thread 80" [_thread_blocked, id=5480, stack(0x0000001ffa000000,0x0000001ffa100000)]
  0x000001a56687c8d0 JavaThread "jar transforms Thread 6" [_thread_blocked, id=21200, stack(0x0000001ffa100000,0x0000001ffa200000)]
  0x000001a566880c30 JavaThread "jar transforms Thread 7" [_thread_blocked, id=13112, stack(0x0000001ffa200000,0x0000001ffa300000)]
  0x000001a56687cda0 JavaThread "jar transforms Thread 8" [_thread_blocked, id=17556, stack(0x0000001ffa300000,0x0000001ffa400000)]
  0x000001a56687d740 JavaThread "build event listener" [_thread_blocked, id=21760, stack(0x0000001ffa500000,0x0000001ffa600000)]
  0x000001a56687dc10 JavaThread "Memory manager" [_thread_blocked, id=12612, stack(0x0000001ffa600000,0x0000001ffa700000)]
  0x000001a56687ea80 JavaThread "pool-3-thread-1" [_thread_blocked, id=22684, stack(0x0000001ffa400000,0x0000001ffa500000)]
  0x000001a56687ef50 JavaThread "build event listener" [_thread_blocked, id=23200, stack(0x0000001ffa700000,0x0000001ffa800000)]
  0x000001a56687f420 JavaThread "included builds" [_thread_blocked, id=22804, stack(0x0000001ffa800000,0x0000001ffa900000)]
  0x000001a56687fdc0 JavaThread "Execution worker" [_thread_blocked, id=18944, stack(0x0000001ffa900000,0x0000001ffaa00000)]
  0x000001a566880290 JavaThread "Execution worker Thread 2" [_thread_blocked, id=24496, stack(0x0000001ffaa00000,0x0000001ffab00000)]
  0x000001a568167800 JavaThread "Execution worker Thread 3" [_thread_blocked, id=6980, stack(0x0000001ffab00000,0x0000001ffac00000)]
  0x000001a568168670 JavaThread "Execution worker Thread 4" [_thread_blocked, id=20272, stack(0x0000001ffac00000,0x0000001ffad00000)]
  0x000001a56816a820 JavaThread "Execution worker Thread 5" [_thread_blocked, id=25436, stack(0x0000001ffad00000,0x0000001ffae00000)]
  0x000001a568165180 JavaThread "Execution worker Thread 6" [_thread_blocked, id=3296, stack(0x0000001ffae00000,0x0000001ffaf00000)]
  0x000001a568167cd0 JavaThread "Execution worker Thread 7" [_thread_blocked, id=18804, stack(0x0000001ffaf00000,0x0000001ffb000000)]
  0x000001a56816acf0 JavaThread "Cache worker for execution history cache (C:\Users\jaisw\AndroidStudioProjects\NewsWave\.gradle\8.0\executionHistory)" [_thread_blocked, id=21020, stack(0x0000001ffb000000,0x0000001ffb100000)]
  0x000001a56816b1c0 JavaThread "WorkerExecutor Queue" [_thread_blocked, id=24276, stack(0x0000001ffb300000,0x0000001ffb400000)]
  0x000001a568165ff0 JavaThread "WorkerExecutor Queue Thread 2" [_thread_blocked, id=25428, stack(0x0000001ffb400000,0x0000001ffb500000)]

Other Threads:
=>0x000001a56168d010 VMThread "VM Thread" [stack: 0x0000001ff2000000,0x0000001ff2100000] [id=22984]
  0x000001a5478d5cc0 WatcherThread [stack: 0x0000001ff2c00000,0x0000001ff2d00000] [id=18876]
  0x000001a5478ba3e0 GCTaskThread "GC Thread#0" [stack: 0x0000001ff1b00000,0x0000001ff1c00000] [id=21068]
  0x000001a562891fb0 GCTaskThread "GC Thread#1" [stack: 0x0000001ff2d00000,0x0000001ff2e00000] [id=24180]
  0x000001a5628937e0 GCTaskThread "GC Thread#2" [stack: 0x0000001ff2e00000,0x0000001ff2f00000] [id=21868]
  0x000001a562892fd0 GCTaskThread "GC Thread#3" [stack: 0x0000001ff2f00000,0x0000001ff3000000] [id=13420]
  0x000001a562892260 GCTaskThread "GC Thread#4" [stack: 0x0000001ff3000000,0x0000001ff3100000] [id=1704]
  0x000001a562893280 GCTaskThread "GC Thread#5" [stack: 0x0000001ff3b00000,0x0000001ff3c00000] [id=12648]
  0x000001a562892a70 GCTaskThread "GC Thread#6" [stack: 0x0000001ff3c00000,0x0000001ff3d00000] [id=16180]
  0x000001a562892d20 GCTaskThread "GC Thread#7" [stack: 0x0000001ff3d00000,0x0000001ff3e00000] [id=17124]
  0x000001a5478cba40 ConcurrentGCThread "G1 Main Marker" [stack: 0x0000001ff1c00000,0x0000001ff1d00000] [id=12232]
  0x000001a5478cc770 ConcurrentGCThread "G1 Conc#0" [stack: 0x0000001ff1d00000,0x0000001ff1e00000] [id=22096]
  0x000001a56446c820 ConcurrentGCThread "G1 Conc#1" [stack: 0x0000001ff3e00000,0x0000001ff3f00000] [id=21968]
  0x000001a5615000a0 ConcurrentGCThread "G1 Refine#0" [stack: 0x0000001ff1e00000,0x0000001ff1f00000] [id=17256]
  0x000001a5615019e0 ConcurrentGCThread "G1 Service" [stack: 0x0000001ff1f00000,0x0000001ff2000000] [id=14664]

Threads with active compile tasks:
C2 CompilerThread0    45966 11998       4       com.android.tools.r8.utils.t0::e (297 bytes)
C1 CompilerThread0    45966 12084       2       com.android.tools.r8.utils.structural.x::a (16 bytes)

VM state: at safepoint (normal execution)

VM Mutex/Monitor currently owned by a thread:  ([mutex/lock_event])
[0x000001a5478568c0] Threads_lock - owner thread: 0x000001a56168d010
[0x000001a547854d30] Heap_lock - owner thread: 0x000001a566673a30

Heap address: 0x0000000080000000, size: 2048 MB, Compressed Oops mode: 32-bit

CDS archive(s) not mapped
Compressed class space mapped at: 0x0000000100000000-0x0000000140000000, reserved size: 1073741824
Narrow klass base: 0x0000000000000000, Narrow klass shift: 3, Narrow klass range: 0x140000000

GC Precious Log:
 CPUs: 8 total, 8 available
 Memory: 6021M
 Large Page Support: Disabled
 NUMA Support: Disabled
 Compressed Oops: Enabled (32-bit)
 Heap Region Size: 1M
 Heap Min Capacity: 8M
 Heap Initial Capacity: 96M
 Heap Max Capacity: 2G
 Pre-touch: Disabled
 Parallel Workers: 8
 Concurrent Workers: 2
 Concurrent Refinement Workers: 8
 Periodic GC: Disabled

Heap:
 garbage-first heap   total 137216K, used 113185K [0x0000000080000000, 0x0000000100000000)
  region size 1024K, 1 young (1024K), 1 survivors (1024K)
 Metaspace       used 100087K, committed 100736K, reserved 1138688K
  class space    used 13581K, committed 13888K, reserved 1048576K

Heap Regions: E=young(eden), S=young(survivor), O=old, HS=humongous(starts), HC=humongous(continues), CS=collection set, F=free, OA=open archive, CA=closed archive, TAMS=top-at-mark-start (previous, next)
|   0|0x0000000080000000, 0x0000000080100000, 0x0000000080100000|100%|HS|  |TAMS 0x0000000080100000, 0x0000000080100000| Complete 
|   1|0x0000000080100000, 0x0000000080200000, 0x0000000080200000|100%|HC|  |TAMS 0x0000000080200000, 0x0000000080200000| Complete 
|   2|0x0000000080200000, 0x0000000080300000, 0x0000000080300000|100%|HC|  |TAMS 0x0000000080300000, 0x0000000080300000| Complete 
|   3|0x0000000080300000, 0x0000000080400000, 0x0000000080400000|100%|HC|  |TAMS 0x0000000080400000, 0x0000000080400000| Complete 
|   4|0x0000000080400000, 0x0000000080500000, 0x0000000080500000|100%| O|  |TAMS 0x0000000080500000, 0x0000000080500000| Untracked 
|   5|0x0000000080500000, 0x0000000080600000, 0x0000000080600000|100%| O|  |TAMS 0x0000000080600000, 0x0000000080600000| Untracked 
|   6|0x0000000080600000, 0x0000000080700000, 0x0000000080700000|100%| O|  |TAMS 0x0000000080700000, 0x0000000080700000| Untracked 
|   7|0x0000000080700000, 0x0000000080800000, 0x0000000080800000|100%| O|  |TAMS 0x0000000080800000, 0x0000000080800000| Untracked 
|   8|0x0000000080800000, 0x0000000080900000, 0x0000000080900000|100%| O|  |TAMS 0x0000000080900000, 0x0000000080900000| Untracked 
|   9|0x0000000080900000, 0x0000000080a00000, 0x0000000080a00000|100%| O|  |TAMS 0x0000000080a00000, 0x0000000080a00000| Untracked 
|  10|0x0000000080a00000, 0x0000000080b00000, 0x0000000080b00000|100%| O|  |TAMS 0x0000000080b00000, 0x0000000080b00000| Untracked 
|  11|0x0000000080b00000, 0x0000000080c00000, 0x0000000080c00000|100%| O|  |TAMS 0x0000000080c00000, 0x0000000080c00000| Untracked 
|  12|0x0000000080c00000, 0x0000000080d00000, 0x0000000080d00000|100%| O|  |TAMS 0x0000000080d00000, 0x0000000080d00000| Untracked 
|  13|0x0000000080d00000, 0x0000000080e00000, 0x0000000080e00000|100%| O|  |TAMS 0x0000000080e00000, 0x0000000080e00000| Untracked 
|  14|0x0000000080e00000, 0x0000000080f00000, 0x0000000080f00000|100%| O|  |TAMS 0x0000000080f00000, 0x0000000080f00000| Untracked 
|  15|0x0000000080f00000, 0x0000000081000000, 0x0000000081000000|100%| O|  |TAMS 0x0000000081000000, 0x0000000081000000| Untracked 
|  16|0x0000000081000000, 0x0000000081100000, 0x0000000081100000|100%| O|  |TAMS 0x0000000081100000, 0x0000000081100000| Untracked 
|  17|0x0000000081100000, 0x0000000081200000, 0x0000000081200000|100%| O|  |TAMS 0x0000000081200000, 0x0000000081200000| Untracked 
|  18|0x0000000081200000, 0x0000000081300000, 0x0000000081300000|100%| O|  |TAMS 0x0000000081300000, 0x0000000081300000| Untracked 
|  19|0x0000000081300000, 0x0000000081400000, 0x0000000081400000|100%| O|  |TAMS 0x0000000081400000, 0x0000000081400000| Untracked 
|  20|0x0000000081400000, 0x0000000081500000, 0x0000000081500000|100%| O|  |TAMS 0x0000000081500000, 0x0000000081500000| Untracked 
|  21|0x0000000081500000, 0x0000000081600000, 0x0000000081600000|100%| O|  |TAMS 0x0000000081600000, 0x0000000081600000| Untracked 
|  22|0x0000000081600000, 0x0000000081700000, 0x0000000081700000|100%| O|  |TAMS 0x0000000081700000, 0x0000000081700000| Untracked 
|  23|0x0000000081700000, 0x0000000081800000, 0x0000000081800000|100%| O|  |TAMS 0x0000000081800000, 0x0000000081800000| Untracked 
|  24|0x0000000081800000, 0x0000000081900000, 0x0000000081900000|100%| O|  |TAMS 0x0000000081900000, 0x0000000081900000| Untracked 
|  25|0x0000000081900000, 0x0000000081a00000, 0x0000000081a00000|100%| O|  |TAMS 0x0000000081a00000, 0x0000000081a00000| Untracked 
|  26|0x0000000081a00000, 0x0000000081b00000, 0x0000000081b00000|100%| O|  |TAMS 0x0000000081b00000, 0x0000000081b00000| Untracked 
|  27|0x0000000081b00000, 0x0000000081c00000, 0x0000000081c00000|100%| O|  |TAMS 0x0000000081c00000, 0x0000000081c00000| Untracked 
|  28|0x0000000081c00000, 0x0000000081d00000, 0x0000000081d00000|100%| O|  |TAMS 0x0000000081d00000, 0x0000000081d00000| Untracked 
|  29|0x0000000081d00000, 0x0000000081e00000, 0x0000000081e00000|100%| O|  |TAMS 0x0000000081e00000, 0x0000000081e00000| Untracked 
|  30|0x0000000081e00000, 0x0000000081f00000, 0x0000000081f00000|100%| O|  |TAMS 0x0000000081f00000, 0x0000000081f00000| Untracked 
|  31|0x0000000081f00000, 0x0000000082000000, 0x0000000082000000|100%| O|  |TAMS 0x0000000082000000, 0x0000000082000000| Untracked 
|  32|0x0000000082000000, 0x0000000082100000, 0x0000000082100000|100%| O|  |TAMS 0x0000000082100000, 0x0000000082100000| Untracked 
|  33|0x0000000082100000, 0x0000000082200000, 0x0000000082200000|100%| O|  |TAMS 0x0000000082200000, 0x0000000082200000| Untracked 
|  34|0x0000000082200000, 0x0000000082300000, 0x0000000082300000|100%| O|  |TAMS 0x0000000082300000, 0x0000000082300000| Untracked 
|  35|0x0000000082300000, 0x0000000082400000, 0x0000000082400000|100%|HS|  |TAMS 0x0000000082400000, 0x0000000082400000| Complete 
|  36|0x0000000082400000, 0x0000000082500000, 0x0000000082500000|100%| O|  |TAMS 0x0000000082500000, 0x0000000082500000| Untracked 
|  37|0x0000000082500000, 0x0000000082600000, 0x0000000082600000|100%| O|  |TAMS 0x0000000082600000, 0x0000000082600000| Untracked 
|  38|0x0000000082600000, 0x0000000082700000, 0x0000000082700000|100%|HS|  |TAMS 0x0000000082700000, 0x0000000082700000| Complete 
|  39|0x0000000082700000, 0x0000000082800000, 0x0000000082800000|100%| O|  |TAMS 0x0000000082800000, 0x0000000082800000| Untracked 
|  40|0x0000000082800000, 0x0000000082900000, 0x0000000082900000|100%| O|  |TAMS 0x0000000082900000, 0x0000000082900000| Untracked 
|  41|0x0000000082900000, 0x0000000082a00000, 0x0000000082a00000|100%| O|  |TAMS 0x0000000082a00000, 0x0000000082a00000| Untracked 
|  42|0x0000000082a00000, 0x0000000082b00000, 0x0000000082b00000|100%| O|  |TAMS 0x0000000082b00000, 0x0000000082b00000| Untracked 
|  43|0x0000000082b00000, 0x0000000082c00000, 0x0000000082c00000|100%| O|  |TAMS 0x0000000082c00000, 0x0000000082c00000| Untracked 
|  44|0x0000000082c00000, 0x0000000082d00000, 0x0000000082d00000|100%| O|  |TAMS 0x0000000082d00000, 0x0000000082d00000| Untracked 
|  45|0x0000000082d00000, 0x0000000082e00000, 0x0000000082e00000|100%| O|  |TAMS 0x0000000082e00000, 0x0000000082e00000| Untracked 
|  46|0x0000000082e00000, 0x0000000082f00000, 0x0000000082f00000|100%| O|  |TAMS 0x0000000082f00000, 0x0000000082f00000| Untracked 
|  47|0x0000000082f00000, 0x0000000083000000, 0x0000000083000000|100%| O|  |TAMS 0x0000000083000000, 0x0000000083000000| Untracked 
|  48|0x0000000083000000, 0x0000000083100000, 0x0000000083100000|100%| O|  |TAMS 0x0000000083100000, 0x0000000083100000| Untracked 
|  49|0x0000000083100000, 0x0000000083200000, 0x0000000083200000|100%| O|  |TAMS 0x0000000083200000, 0x0000000083200000| Untracked 
|  50|0x0000000083200000, 0x0000000083300000, 0x0000000083300000|100%| O|  |TAMS 0x0000000083300000, 0x0000000083300000| Untracked 
|  51|0x0000000083300000, 0x0000000083400000, 0x0000000083400000|100%| O|  |TAMS 0x0000000083400000, 0x0000000083400000| Untracked 
|  52|0x0000000083400000, 0x0000000083500000, 0x0000000083500000|100%| O|  |TAMS 0x0000000083500000, 0x0000000083500000| Untracked 
|  53|0x0000000083500000, 0x0000000083600000, 0x0000000083600000|100%| O|  |TAMS 0x0000000083600000, 0x0000000083600000| Untracked 
|  54|0x0000000083600000, 0x0000000083700000, 0x0000000083700000|100%| O|  |TAMS 0x0000000083700000, 0x0000000083700000| Untracked 
|  55|0x0000000083700000, 0x0000000083800000, 0x0000000083800000|100%| O|  |TAMS 0x0000000083800000, 0x0000000083800000| Untracked 
|  56|0x0000000083800000, 0x0000000083900000, 0x0000000083900000|100%| O|  |TAMS 0x0000000083900000, 0x0000000083900000| Untracked 
|  57|0x0000000083900000, 0x0000000083a00000, 0x0000000083a00000|100%| O|  |TAMS 0x0000000083a00000, 0x0000000083a00000| Untracked 
|  58|0x0000000083a00000, 0x0000000083b00000, 0x0000000083b00000|100%| O|  |TAMS 0x0000000083b00000, 0x0000000083b00000| Untracked 
|  59|0x0000000083b00000, 0x0000000083c00000, 0x0000000083c00000|100%| O|  |TAMS 0x0000000083c00000, 0x0000000083c00000| Untracked 
|  60|0x0000000083c00000, 0x0000000083d00000, 0x0000000083d00000|100%| O|  |TAMS 0x0000000083c00000, 0x0000000083d00000| Untracked 
|  61|0x0000000083d00000, 0x0000000083e00000, 0x0000000083e00000|100%| O|  |TAMS 0x0000000083e00000, 0x0000000083e00000| Untracked 
|  62|0x0000000083e00000, 0x0000000083f00000, 0x0000000083f00000|100%| O|  |TAMS 0x0000000083f00000, 0x0000000083f00000| Untracked 
|  63|0x0000000083f00000, 0x0000000084000000, 0x0000000084000000|100%| O|  |TAMS 0x0000000084000000, 0x0000000084000000| Untracked 
|  64|0x0000000084000000, 0x0000000084100000, 0x0000000084100000|100%| O|  |TAMS 0x0000000084100000, 0x0000000084100000| Untracked 
|  65|0x0000000084100000, 0x0000000084200000, 0x0000000084200000|100%| O|  |TAMS 0x0000000084200000, 0x0000000084200000| Untracked 
|  66|0x0000000084200000, 0x0000000084300000, 0x0000000084300000|100%| O|  |TAMS 0x0000000084300000, 0x0000000084300000| Untracked 
|  67|0x0000000084300000, 0x0000000084400000, 0x0000000084400000|100%| O|  |TAMS 0x0000000084400000, 0x0000000084400000| Untracked 
|  68|0x0000000084400000, 0x0000000084500000, 0x0000000084500000|100%| O|  |TAMS 0x0000000084500000, 0x0000000084500000| Untracked 
|  69|0x0000000084500000, 0x0000000084600000, 0x0000000084600000|100%| O|  |TAMS 0x0000000084600000, 0x0000000084600000| Untracked 
|  70|0x0000000084600000, 0x0000000084700000, 0x0000000084700000|100%| O|  |TAMS 0x00000000846b1000, 0x0000000084700000| Untracked 
|  71|0x0000000084700000, 0x0000000084800000, 0x0000000084800000|100%| O|  |TAMS 0x0000000084700000, 0x0000000084800000| Untracked 
|  72|0x0000000084800000, 0x0000000084900000, 0x0000000084900000|100%| O|  |TAMS 0x0000000084800000, 0x0000000084900000| Untracked 
|  73|0x0000000084900000, 0x0000000084a00000, 0x0000000084a00000|100%| O|  |TAMS 0x0000000084900000, 0x0000000084a00000| Untracked 
|  74|0x0000000084a00000, 0x0000000084b00000, 0x0000000084b00000|100%| O|  |TAMS 0x0000000084a00000, 0x0000000084b00000| Untracked 
|  75|0x0000000084b00000, 0x0000000084c00000, 0x0000000084c00000|100%| O|  |TAMS 0x0000000084b00000, 0x0000000084c00000| Untracked 
|  76|0x0000000084c00000, 0x0000000084d00000, 0x0000000084d00000|100%| O|  |TAMS 0x0000000084c00000, 0x0000000084d00000| Untracked 
|  77|0x0000000084d00000, 0x0000000084e00000, 0x0000000084e00000|100%| O|  |TAMS 0x0000000084d00000, 0x0000000084e00000| Untracked 
|  78|0x0000000084e00000, 0x0000000084f00000, 0x0000000084f00000|100%| O|  |TAMS 0x0000000084e00000, 0x0000000084f00000| Untracked 
|  79|0x0000000084f00000, 0x0000000085000000, 0x0000000085000000|100%| O|  |TAMS 0x0000000084f00000, 0x0000000085000000| Untracked 
|  80|0x0000000085000000, 0x0000000085100000, 0x0000000085100000|100%| O|  |TAMS 0x0000000085000000, 0x0000000085100000| Untracked 
|  81|0x0000000085100000, 0x0000000085200000, 0x0000000085200000|100%| O|  |TAMS 0x0000000085100000, 0x0000000085200000| Untracked 
|  82|0x0000000085200000, 0x0000000085300000, 0x0000000085300000|100%| O|  |TAMS 0x0000000085200000, 0x0000000085300000| Untracked 
|  83|0x0000000085300000, 0x0000000085400000, 0x0000000085400000|100%| O|  |TAMS 0x0000000085300000, 0x0000000085400000| Untracked 
|  84|0x0000000085400000, 0x0000000085500000, 0x0000000085500000|100%| O|  |TAMS 0x0000000085400000, 0x0000000085500000| Untracked 
|  85|0x0000000085500000, 0x0000000085600000, 0x0000000085600000|100%| O|  |TAMS 0x0000000085500000, 0x0000000085600000| Untracked 
|  86|0x0000000085600000, 0x0000000085700000, 0x0000000085700000|100%| O|  |TAMS 0x0000000085600000, 0x0000000085700000| Untracked 
|  87|0x0000000085700000, 0x0000000085800000, 0x0000000085800000|100%| O|  |TAMS 0x0000000085700000, 0x0000000085800000| Untracked 
|  88|0x0000000085800000, 0x0000000085900000, 0x0000000085900000|100%| O|  |TAMS 0x0000000085800000, 0x0000000085900000| Untracked 
|  89|0x0000000085900000, 0x0000000085a00000, 0x0000000085a00000|100%| O|  |TAMS 0x0000000085900000, 0x0000000085a00000| Untracked 
|  90|0x0000000085a00000, 0x0000000085b00000, 0x0000000085b00000|100%| O|  |TAMS 0x0000000085a00000, 0x0000000085b00000| Untracked 
|  91|0x0000000085b00000, 0x0000000085c00000, 0x0000000085c00000|100%| O|  |TAMS 0x0000000085b00000, 0x0000000085c00000| Untracked 
|  92|0x0000000085c00000, 0x0000000085d00000, 0x0000000085d00000|100%| O|  |TAMS 0x0000000085c00000, 0x0000000085d00000| Untracked 
|  93|0x0000000085d00000, 0x0000000085e00000, 0x0000000085e00000|100%| O|  |TAMS 0x0000000085d00000, 0x0000000085e00000| Untracked 
|  94|0x0000000085e00000, 0x0000000085f00000, 0x0000000085f00000|100%| O|  |TAMS 0x0000000085e00000, 0x0000000085f00000| Untracked 
|  95|0x0000000085f00000, 0x0000000086000000, 0x0000000086000000|100%| O|  |TAMS 0x0000000085f00000, 0x0000000086000000| Untracked 
|  96|0x0000000086000000, 0x0000000086100000, 0x0000000086100000|100%| O|  |TAMS 0x0000000086000000, 0x0000000086100000| Untracked 
|  97|0x0000000086100000, 0x0000000086200000, 0x0000000086200000|100%| O|  |TAMS 0x0000000086100000, 0x0000000086200000| Untracked 
|  98|0x0000000086200000, 0x0000000086300000, 0x0000000086300000|100%| O|  |TAMS 0x0000000086200000, 0x0000000086300000| Untracked 
|  99|0x0000000086300000, 0x0000000086400000, 0x0000000086400000|100%| O|  |TAMS 0x0000000086300000, 0x0000000086400000| Untracked 
| 100|0x0000000086400000, 0x0000000086500000, 0x0000000086500000|100%| O|  |TAMS 0x0000000086400000, 0x0000000086500000| Untracked 
| 101|0x0000000086500000, 0x0000000086600000, 0x0000000086600000|100%| O|  |TAMS 0x0000000086500000, 0x0000000086600000| Untracked 
| 102|0x0000000086600000, 0x0000000086700000, 0x0000000086700000|100%| O|  |TAMS 0x0000000086600000, 0x0000000086700000| Untracked 
| 103|0x0000000086700000, 0x0000000086800000, 0x0000000086800000|100%| O|  |TAMS 0x0000000086700000, 0x0000000086800000| Untracked 
| 104|0x0000000086800000, 0x0000000086900000, 0x0000000086900000|100%| O|  |TAMS 0x0000000086800000, 0x0000000086900000| Untracked 
| 105|0x0000000086900000, 0x0000000086a00000, 0x0000000086a00000|100%| O|  |TAMS 0x0000000086900000, 0x000000008695d000| Untracked 
| 106|0x0000000086a00000, 0x0000000086b00000, 0x0000000086b00000|100%| O|  |TAMS 0x0000000086a00000, 0x0000000086a00000| Untracked 
| 107|0x0000000086b00000, 0x0000000086c00000, 0x0000000086c00000|100%| O|  |TAMS 0x0000000086b00000, 0x0000000086b00000| Untracked 
| 108|0x0000000086c00000, 0x0000000086d00000, 0x0000000086d00000|100%| O|  |TAMS 0x0000000086c00000, 0x0000000086c00000| Untracked 
| 109|0x0000000086d00000, 0x0000000086d88400, 0x0000000086e00000| 53%| O|  |TAMS 0x0000000086d00000, 0x0000000086d00000| Untracked 
| 110|0x0000000086e00000, 0x0000000086e00000, 0x0000000086f00000|  0%| F|  |TAMS 0x0000000086e00000, 0x0000000086e00000| Untracked 
| 111|0x0000000086f00000, 0x0000000086f00000, 0x0000000087000000|  0%| F|  |TAMS 0x0000000086f00000, 0x0000000086f00000| Untracked 
| 112|0x0000000087000000, 0x0000000087000000, 0x0000000087100000|  0%| F|  |TAMS 0x0000000087000000, 0x0000000087000000| Untracked 
| 113|0x0000000087100000, 0x0000000087100000, 0x0000000087200000|  0%| F|  |TAMS 0x0000000087100000, 0x0000000087100000| Untracked 
| 114|0x0000000087200000, 0x0000000087200000, 0x0000000087300000|  0%| F|  |TAMS 0x0000000087200000, 0x0000000087200000| Untracked 
| 115|0x0000000087300000, 0x0000000087300000, 0x0000000087400000|  0%| F|  |TAMS 0x0000000087300000, 0x0000000087300000| Untracked 
| 116|0x0000000087400000, 0x0000000087400000, 0x0000000087500000|  0%| F|  |TAMS 0x0000000087400000, 0x0000000087400000| Untracked 
| 117|0x0000000087500000, 0x0000000087500000, 0x0000000087600000|  0%| F|  |TAMS 0x0000000087500000, 0x0000000087500000| Untracked 
| 118|0x0000000087600000, 0x0000000087600000, 0x0000000087700000|  0%| F|  |TAMS 0x0000000087600000, 0x0000000087600000| Untracked 
| 119|0x0000000087700000, 0x0000000087700000, 0x0000000087800000|  0%| F|  |TAMS 0x0000000087700000, 0x0000000087700000| Untracked 
| 120|0x0000000087800000, 0x0000000087800000, 0x0000000087900000|  0%| F|  |TAMS 0x0000000087800000, 0x0000000087800000| Untracked 
| 121|0x0000000087900000, 0x0000000087900000, 0x0000000087a00000|  0%| F|  |TAMS 0x0000000087900000, 0x0000000087900000| Untracked 
| 122|0x0000000087a00000, 0x0000000087a00000, 0x0000000087b00000|  0%| F|  |TAMS 0x0000000087a00000, 0x0000000087a00000| Untracked 
| 123|0x0000000087b00000, 0x0000000087b00000, 0x0000000087c00000|  0%| F|  |TAMS 0x0000000087b00000, 0x0000000087b00000| Untracked 
| 124|0x0000000087c00000, 0x0000000087c00000, 0x0000000087d00000|  0%| F|  |TAMS 0x0000000087c00000, 0x0000000087c00000| Untracked 
| 125|0x0000000087d00000, 0x0000000087d00000, 0x0000000087e00000|  0%| F|  |TAMS 0x0000000087d00000, 0x0000000087d00000| Untracked 
| 126|0x0000000087e00000, 0x0000000087e00000, 0x0000000087f00000|  0%| F|  |TAMS 0x0000000087e00000, 0x0000000087e00000| Untracked 
| 127|0x0000000087f00000, 0x0000000088000000, 0x0000000088000000|100%| S|CS|TAMS 0x0000000087f00000, 0x0000000087f00000| Complete 
| 128|0x0000000088000000, 0x0000000088000000, 0x0000000088100000|  0%| F|  |TAMS 0x0000000088000000, 0x0000000088000000| Untracked 
| 129|0x0000000088100000, 0x0000000088100000, 0x0000000088200000|  0%| F|  |TAMS 0x0000000088100000, 0x0000000088100000| Untracked 
| 130|0x0000000088200000, 0x0000000088200000, 0x0000000088300000|  0%| F|  |TAMS 0x0000000088200000, 0x0000000088200000| Untracked 
| 131|0x0000000088300000, 0x0000000088300000, 0x0000000088400000|  0%| F|  |TAMS 0x0000000088300000, 0x0000000088300000| Untracked 
| 132|0x0000000088400000, 0x0000000088400000, 0x0000000088500000|  0%| F|  |TAMS 0x0000000088400000, 0x0000000088400000| Untracked 
| 133|0x0000000088500000, 0x0000000088500000, 0x0000000088600000|  0%| F|  |TAMS 0x0000000088500000, 0x0000000088500000| Untracked 

Card table byte_map: [0x000001a55a460000,0x000001a55a860000] _byte_map_base: 0x000001a55a060000

Marking Bits (Prev, Next): (CMBitMap*) 0x000001a5478ba940, (CMBitMap*) 0x000001a5478ba900
 Prev Bits: [0x000001a55cc60000, 0x000001a55ec60000)
 Next Bits: [0x000001a55ac60000, 0x000001a55cc60000)

Polling page: 0x000001a547030000

Metaspace:

Usage:
  Non-class:     84.48 MB used.
      Class:     13.26 MB used.
       Both:     97.74 MB used.

Virtual space:
  Non-class space:       88.00 MB reserved,      84.81 MB ( 96%) committed,  11 nodes.
      Class space:        1.00 GB reserved,      13.56 MB (  1%) committed,  1 nodes.
             Both:        1.09 GB reserved,      98.38 MB (  9%) committed. 

Chunk freelists:
   Non-Class:  2.33 MB
       Class:  2.28 MB
        Both:  4.61 MB

MaxMetaspaceSize: unlimited
CompressedClassSpaceSize: 1.00 GB
Initial GC threshold: 21.00 MB
Current GC threshold: 142.12 MB
CDS: off
MetaspaceReclaimPolicy: balanced
 - commit_granule_bytes: 65536.
 - commit_granule_words: 8192.
 - virtual_space_node_default_size: 1048576.
 - enlarge_chunks_in_place: 1.
 - new_chunks_are_fully_committed: 0.
 - uncommit_free_chunks: 1.
 - use_allocation_guard: 0.
 - handle_deallocations: 1.


Internal statistics:

num_allocs_failed_limit: 6.
num_arena_births: 894.
num_arena_deaths: 0.
num_vsnodes_births: 12.
num_vsnodes_deaths: 0.
num_space_committed: 1574.
num_space_uncommitted: 0.
num_chunks_returned_to_freelist: 6.
num_chunks_taken_from_freelist: 4523.
num_chunk_merges: 6.
num_chunk_splits: 3045.
num_chunks_enlarged: 2114.
num_purges: 0.
num_inconsistent_stats: 0.

CodeHeap 'non-profiled nmethods': size=120000Kb used=5583Kb max_used=5583Kb free=114416Kb
 bounds [0x000001a552800000, 0x000001a552d80000, 0x000001a559d30000]
CodeHeap 'profiled nmethods': size=120000Kb used=20570Kb max_used=20570Kb free=99429Kb
 bounds [0x000001a54ad30000, 0x000001a54c150000, 0x000001a552260000]
CodeHeap 'non-nmethods': size=5760Kb used=2398Kb max_used=2429Kb free=3362Kb
 bounds [0x000001a552260000, 0x000001a5524d0000, 0x000001a552800000]
 total_blobs=11405 nmethods=10473 adapters=844
 compilation: enabled
              stopped_count=0, restarted_count=0
 full_count=0

Compilation events (20 events):
Event: 45.443 Thread 0x000001a562028500 nmethod 12034 0x000001a54c143610 code [0x000001a54c1437a0, 0x000001a54c1438f8]
Event: 45.443 Thread 0x000001a562028500 12031       2       com.android.tools.r8.internal.Hh::a (15 bytes)
Event: 45.444 Thread 0x000001a562028500 nmethod 12031 0x000001a54c143990 code [0x000001a54c143b40, 0x000001a54c143ca8]
Event: 45.444 Thread 0x000001a562028500 12030       2       com.android.tools.r8.graph.F::W (13 bytes)
Event: 45.444 Thread 0x000001a562028500 nmethod 12030 0x000001a54c143e10 code [0x000001a54c143fa0, 0x000001a54c1440b8]
Event: 45.444 Thread 0x000001a562028500 12043       2       com.android.tools.r8.graph.F::T (13 bytes)
Event: 45.444 Thread 0x000001a562028500 nmethod 12043 0x000001a54c144190 code [0x000001a54c144320, 0x000001a54c144438]
Event: 45.444 Thread 0x000001a562028500 12066       2       com.android.tools.r8.graph.a1::equals (6 bytes)
Event: 45.444 Thread 0x000001a562028500 nmethod 12066 0x000001a54c144510 code [0x000001a54c1446a0, 0x000001a54c1447c8]
Event: 45.444 Thread 0x000001a562028500 12064       2       com.android.tools.r8.graph.q5::a (49 bytes)
Event: 45.444 Thread 0x000001a562028500 nmethod 12064 0x000001a54c144890 code [0x000001a54c144a40, 0x000001a54c144ca8]
Event: 45.444 Thread 0x000001a562028500 12059       2       com.android.tools.r8.graph.q5::<init> (80 bytes)
Event: 45.445 Thread 0x000001a562028500 nmethod 12059 0x000001a54c144e10 code [0x000001a54c144fa0, 0x000001a54c1450f8]
Event: 45.445 Thread 0x000001a562028500 12065       2       com.android.tools.r8.graph.a4::a (38 bytes)
Event: 45.445 Thread 0x000001a562028500 nmethod 12065 0x000001a54c145190 code [0x000001a54c145320, 0x000001a54c145438]
Event: 45.445 Thread 0x000001a562028500 12071       2       com.android.tools.r8.graph.d0::a (126 bytes)
Event: 45.445 Thread 0x000001a562028500 nmethod 12071 0x000001a54c145510 code [0x000001a54c145740, 0x000001a54c1461f8]
Event: 45.445 Thread 0x000001a562028500 12057       2       com.android.tools.r8.graph.W3$$Lambda$1472/0x0000000100d84810::apply (8 bytes)
Event: 45.446 Thread 0x000001a562028500 nmethod 12057 0x000001a54c146610 code [0x000001a54c1467a0, 0x000001a54c1468e8]
Event: 45.446 Thread 0x000001a562028500 12084       2       com.android.tools.r8.utils.structural.x::a (16 bytes)

GC Heap History (20 events):
Event: 39.770 GC heap after
{Heap after GC invocations=55 (full 0):
 garbage-first heap   total 137216K, used 89038K [0x0000000080000000, 0x0000000100000000)
  region size 1024K, 3 young (3072K), 3 survivors (3072K)
 Metaspace       used 93376K, committed 94080K, reserved 1130496K
  class space    used 12614K, committed 12928K, reserved 1048576K
}
Event: 40.442 GC heap before
{Heap before GC invocations=55 (full 0):
 garbage-first heap   total 137216K, used 112590K [0x0000000080000000, 0x0000000100000000)
  region size 1024K, 27 young (27648K), 3 survivors (3072K)
 Metaspace       used 94867K, committed 95552K, reserved 1138688K
  class space    used 12794K, committed 13120K, reserved 1048576K
}
Event: 40.446 GC heap after
{Heap after GC invocations=56 (full 0):
 garbage-first heap   total 137216K, used 90956K [0x0000000080000000, 0x0000000100000000)
  region size 1024K, 2 young (2048K), 2 survivors (2048K)
 Metaspace       used 94867K, committed 95552K, reserved 1138688K
  class space    used 12794K, committed 13120K, reserved 1048576K
}
Event: 41.657 GC heap before
{Heap before GC invocations=56 (full 0):
 garbage-first heap   total 137216K, used 114508K [0x0000000080000000, 0x0000000100000000)
  region size 1024K, 26 young (26624K), 2 survivors (2048K)
 Metaspace       used 95966K, committed 96704K, reserved 1138688K
  class space    used 12981K, committed 13312K, reserved 1048576K
}
Event: 41.661 GC heap after
{Heap after GC invocations=57 (full 0):
 garbage-first heap   total 137216K, used 94568K [0x0000000080000000, 0x0000000100000000)
  region size 1024K, 4 young (4096K), 4 survivors (4096K)
 Metaspace       used 95966K, committed 96704K, reserved 1138688K
  class space    used 12981K, committed 13312K, reserved 1048576K
}
Event: 42.347 GC heap before
{Heap before GC invocations=57 (full 0):
 garbage-first heap   total 137216K, used 114024K [0x0000000080000000, 0x0000000100000000)
  region size 1024K, 24 young (24576K), 4 survivors (4096K)
 Metaspace       used 96120K, committed 96832K, reserved 1138688K
  class space    used 13001K, committed 13312K, reserved 1048576K
}
Event: 42.350 GC heap after
{Heap after GC invocations=58 (full 0):
 garbage-first heap   total 137216K, used 97992K [0x0000000080000000, 0x0000000100000000)
  region size 1024K, 3 young (3072K), 3 survivors (3072K)
 Metaspace       used 96120K, committed 96832K, reserved 1138688K
  class space    used 13001K, committed 13312K, reserved 1048576K
}
Event: 42.983 GC heap before
{Heap before GC invocations=58 (full 0):
 garbage-first heap   total 137216K, used 114376K [0x0000000080000000, 0x0000000100000000)
  region size 1024K, 20 young (20480K), 3 survivors (3072K)
 Metaspace       used 96441K, committed 97152K, reserved 1138688K
  class space    used 13043K, committed 13376K, reserved 1048576K
}
Event: 42.986 GC heap after
{Heap after GC invocations=59 (full 0):
 garbage-first heap   total 137216K, used 100845K [0x0000000080000000, 0x0000000100000000)
  region size 1024K, 3 young (3072K), 3 survivors (3072K)
 Metaspace       used 96441K, committed 97152K, reserved 1138688K
  class space    used 13043K, committed 13376K, reserved 1048576K
}
Event: 44.524 GC heap before
{Heap before GC invocations=59 (full 0):
 garbage-first heap   total 137216K, used 115181K [0x0000000080000000, 0x0000000100000000)
  region size 1024K, 18 young (18432K), 3 survivors (3072K)
 Metaspace       used 98131K, committed 98816K, reserved 1138688K
  class space    used 13307K, committed 13632K, reserved 1048576K
}
Event: 44.527 GC heap after
{Heap after GC invocations=60 (full 0):
 garbage-first heap   total 137216K, used 102992K [0x0000000080000000, 0x0000000100000000)
  region size 1024K, 2 young (2048K), 2 survivors (2048K)
 Metaspace       used 98131K, committed 98816K, reserved 1138688K
  class space    used 13307K, committed 13632K, reserved 1048576K
}
Event: 45.299 GC heap before
{Heap before GC invocations=60 (full 0):
 garbage-first heap   total 137216K, used 115280K [0x0000000080000000, 0x0000000100000000)
  region size 1024K, 15 young (15360K), 2 survivors (2048K)
 Metaspace       used 99615K, committed 100288K, reserved 1138688K
  class space    used 13528K, committed 13824K, reserved 1048576K
}
Event: 45.303 GC heap after
{Heap after GC invocations=61 (full 0):
 garbage-first heap   total 137216K, used 104741K [0x0000000080000000, 0x0000000100000000)
  region size 1024K, 2 young (2048K), 2 survivors (2048K)
 Metaspace       used 99615K, committed 100288K, reserved 1138688K
  class space    used 13528K, committed 13824K, reserved 1048576K
}
Event: 45.382 GC heap before
{Heap before GC invocations=61 (full 0):
 garbage-first heap   total 137216K, used 117029K [0x0000000080000000, 0x0000000100000000)
  region size 1024K, 14 young (14336K), 2 survivors (2048K)
 Metaspace       used 99838K, committed 100480K, reserved 1138688K
  class space    used 13549K, committed 13824K, reserved 1048576K
}
Event: 45.387 GC heap after
{Heap after GC invocations=62 (full 0):
 garbage-first heap   total 137216K, used 107520K [0x0000000080000000, 0x0000000100000000)
  region size 1024K, 2 young (2048K), 2 survivors (2048K)
 Metaspace       used 99838K, committed 100480K, reserved 1138688K
  class space    used 13549K, committed 13824K, reserved 1048576K
}
Event: 45.407 GC heap before
{Heap before GC invocations=62 (full 0):
 garbage-first heap   total 137216K, used 117760K [0x0000000080000000, 0x0000000100000000)
  region size 1024K, 12 young (12288K), 2 survivors (2048K)
 Metaspace       used 99920K, committed 100608K, reserved 1138688K
  class space    used 13562K, committed 13888K, reserved 1048576K
}
Event: 45.411 GC heap after
{Heap after GC invocations=63 (full 0):
 garbage-first heap   total 137216K, used 109940K [0x0000000080000000, 0x0000000100000000)
  region size 1024K, 2 young (2048K), 2 survivors (2048K)
 Metaspace       used 99920K, committed 100608K, reserved 1138688K
  class space    used 13562K, committed 13888K, reserved 1048576K
}
Event: 45.425 GC heap before
{Heap before GC invocations=63 (full 0):
 garbage-first heap   total 137216K, used 117108K [0x0000000080000000, 0x0000000100000000)
  region size 1024K, 9 young (9216K), 2 survivors (2048K)
 Metaspace       used 99962K, committed 100608K, reserved 1138688K
  class space    used 13568K, committed 13888K, reserved 1048576K
}
Event: 45.429 GC heap after
{Heap after GC invocations=64 (full 0):
 garbage-first heap   total 137216K, used 111803K [0x0000000080000000, 0x0000000100000000)
  region size 1024K, 2 young (2048K), 2 survivors (2048K)
 Metaspace       used 99962K, committed 100608K, reserved 1138688K
  class space    used 13568K, committed 13888K, reserved 1048576K
}
Event: 45.446 GC heap before
{Heap before GC invocations=64 (full 0):
 garbage-first heap   total 137216K, used 117947K [0x0000000080000000, 0x0000000100000000)
  region size 1024K, 8 young (8192K), 2 survivors (2048K)
 Metaspace       used 100087K, committed 100736K, reserved 1138688K
  class space    used 13581K, committed 13888K, reserved 1048576K
}

Dll operation events (2 events):
Event: 0.111 Loaded shared library C:\Program Files\Android\Android Studio\jbr\bin\java.dll
Event: 1.136 Loaded shared library C:\Program Files\Android\Android Studio\jbr\bin\verify.dll

Deoptimization events (20 events):
Event: 44.671 Thread 0x000001a566675240 Uncommon trap: trap_request=0xffffff45 fr.pc=0x000001a55293e064 relative=0x0000000000000b84
Event: 44.671 Thread 0x000001a566675240 Uncommon trap: reason=unstable_if action=reinterpret pc=0x000001a55293e064 method=java.util.WeakHashMap.remove(Ljava/lang/Object;)Ljava/lang/Object; @ 92 c2
Event: 44.671 Thread 0x000001a566675240 DEOPT PACKING pc=0x000001a55293e064 sp=0x0000001ff5ef64c0
Event: 44.671 Thread 0x000001a566675240 DEOPT UNPACKING pc=0x000001a5522b69a3 sp=0x0000001ff5ef6470 mode 2
Event: 45.276 Thread 0x000001a5649a0bb0 Uncommon trap: trap_request=0xffffff45 fr.pc=0x000001a552d50690 relative=0x0000000000000090
Event: 45.276 Thread 0x000001a5649a0bb0 Uncommon trap: reason=unstable_if action=reinterpret pc=0x000001a552d50690 method=com.android.tools.r8.utils.e1.e(I)Z @ 45 c2
Event: 45.276 Thread 0x000001a5649a0bb0 DEOPT PACKING pc=0x000001a552d50690 sp=0x0000001ff8ff9d70
Event: 45.276 Thread 0x000001a5649a0bb0 DEOPT UNPACKING pc=0x000001a5522b69a3 sp=0x0000001ff8ff9ca8 mode 2
Event: 45.279 Thread 0x000001a5649a0bb0 DEOPT PACKING pc=0x000001a54c069b71 sp=0x0000001ff8ff9e50
Event: 45.279 Thread 0x000001a5649a0bb0 DEOPT UNPACKING pc=0x000001a5522b7143 sp=0x0000001ff8ff9360 mode 0
Event: 45.291 Thread 0x000001a563b74530 DEOPT PACKING pc=0x000001a54c069b92 sp=0x0000001ff76fa470
Event: 45.291 Thread 0x000001a563b74530 DEOPT UNPACKING pc=0x000001a5522b7143 sp=0x0000001ff76f9980 mode 0
Event: 45.291 Thread 0x000001a5649a0bb0 Uncommon trap: trap_request=0xffffff45 fr.pc=0x000001a552d441fc relative=0x000000000000085c
Event: 45.291 Thread 0x000001a5649a0bb0 Uncommon trap: reason=unstable_if action=reinterpret pc=0x000001a552d441fc method=com.android.tools.r8.graph.p2.a(Ljava/lang/String;)[B @ 19 c2
Event: 45.291 Thread 0x000001a5649a0bb0 DEOPT PACKING pc=0x000001a552d441fc sp=0x0000001ff8ff9d90
Event: 45.291 Thread 0x000001a5649a0bb0 DEOPT UNPACKING pc=0x000001a5522b69a3 sp=0x0000001ff8ff9d40 mode 2
Event: 45.291 Thread 0x000001a5649a0bb0 Uncommon trap: trap_request=0xffffff45 fr.pc=0x000001a552d448f0 relative=0x0000000000000070
Event: 45.291 Thread 0x000001a5649a0bb0 Uncommon trap: reason=unstable_if action=reinterpret pc=0x000001a552d448f0 method=com.android.tools.r8.graph.p2.a(C[BI)I @ 1 c2
Event: 45.291 Thread 0x000001a5649a0bb0 DEOPT PACKING pc=0x000001a552d448f0 sp=0x0000001ff8ff9d20
Event: 45.291 Thread 0x000001a5649a0bb0 DEOPT UNPACKING pc=0x000001a5522b69a3 sp=0x0000001ff8ff9cc0 mode 2

Classes unloaded (0 events):
No events

Classes redefined (0 events):
No events

Internal exceptions (20 events):
Event: 41.007 Thread 0x000001a5649a06e0 Exception <a 'sun/nio/fs/WindowsException'{0x0000000087e2de20}> (0x0000000087e2de20) 
thrown [s\src\hotspot\share\prims\jni.cpp, line 517]
Event: 41.007 Thread 0x000001a5649a06e0 Exception <a 'sun/nio/fs/WindowsException'{0x0000000087e2e1f8}> (0x0000000087e2e1f8) 
thrown [s\src\hotspot\share\prims\jni.cpp, line 517]
Event: 41.589 Thread 0x000001a5649a06e0 Exception <a 'sun/nio/fs/WindowsException'{0x00000000874aaa58}> (0x00000000874aaa58) 
thrown [s\src\hotspot\share\prims\jni.cpp, line 517]
Event: 41.654 Thread 0x000001a566675240 Exception <a 'sun/nio/fs/WindowsException'{0x0000000086ea3ef0}> (0x0000000086ea3ef0) 
thrown [s\src\hotspot\share\prims\jni.cpp, line 517]
Event: 41.737 Thread 0x000001a5649a0bb0 Exception <a 'sun/nio/fs/WindowsException'{0x00000000881d92f8}> (0x00000000881d92f8) 
thrown [s\src\hotspot\share\prims\jni.cpp, line 517]
Event: 42.221 Thread 0x000001a566880760 Exception <a 'sun/nio/fs/WindowsException'{0x000000008771a668}> (0x000000008771a668) 
thrown [s\src\hotspot\share\prims\jni.cpp, line 517]
Event: 42.251 Thread 0x000001a563b72d20 Exception <a 'sun/nio/fs/WindowsException'{0x0000000087604d28}> (0x0000000087604d28) 
thrown [s\src\hotspot\share\prims\jni.cpp, line 517]
Event: 42.435 Thread 0x000001a566673a30 Exception <a 'sun/nio/fs/WindowsException'{0x00000000881f9480}> (0x00000000881f9480) 
thrown [s\src\hotspot\share\prims\jni.cpp, line 517]
Event: 42.995 Thread 0x000001a563b74530 Exception <a 'sun/nio/fs/WindowsException'{0x00000000884c3b00}> (0x00000000884c3b00) 
thrown [s\src\hotspot\share\prims\jni.cpp, line 517]
Event: 44.543 Thread 0x000001a566880760 Exception <a 'java/lang/NoSuchMethodError'{0x000000008854deb8}: 'java.lang.Object java.lang.invoke.DirectMethodHandle$Holder.invokeStaticInit(java.lang.Object, java.lang.Object, java.lang.Object, java.lang.Object, java.lang.Object, java.lang.Object, java.lang.Object, java.lang.Object, java.lang.Object, java.lang.Object, java.lang.Object, java.lang.Object, java.lang.Object, java.lang.Object, java.lang.Object, java.lang.Object, java.lang.Object, java.lang.Object, java.lang.Object, int, java.lang.Object, java
Event: 44.663 Thread 0x000001a5649a06e0 Exception <a 'java/lang/IncompatibleClassChangeError'{0x000000008845ff20}: Found class java.lang.Object, but interface was expected> (0x000000008845ff20) 
thrown [s\src\hotspot\share\interpreter\linkResolver.cpp, line 838]
Event: 44.663 Thread 0x000001a566880760 Exception <a 'java/lang/IncompatibleClassChangeError'{0x00000000883a41e0}: Found class java.lang.Object, but interface was expected> (0x00000000883a41e0) 
thrown [s\src\hotspot\share\interpreter\linkResolver.cpp, line 838]
Event: 44.663 Thread 0x000001a563b72d20 Exception <a 'java/lang/IncompatibleClassChangeError'{0x000000008846c9c0}: Found class java.lang.Object, but interface was expected> (0x000000008846c9c0) 
thrown [s\src\hotspot\share\interpreter\linkResolver.cpp, line 838]
Event: 44.663 Thread 0x000001a566673a30 Exception <a 'java/lang/IncompatibleClassChangeError'{0x00000000883a7948}: Found class java.lang.Object, but interface was expected> (0x00000000883a7948) 
thrown [s\src\hotspot\share\interpreter\linkResolver.cpp, line 838]
Event: 44.663 Thread 0x000001a563b74530 Exception <a 'java/lang/IncompatibleClassChangeError'{0x00000000885d73c0}: Found class java.lang.Object, but interface was expected> (0x00000000885d73c0) 
thrown [s\src\hotspot\share\interpreter\linkResolver.cpp, line 838]
Event: 44.663 Thread 0x000001a5649a0bb0 Exception <a 'java/lang/IncompatibleClassChangeError'{0x00000000884631f0}: Found class java.lang.Object, but interface was expected> (0x00000000884631f0) 
thrown [s\src\hotspot\share\interpreter\linkResolver.cpp, line 838]
Event: 44.663 Thread 0x000001a566675240 Exception <a 'java/lang/IncompatibleClassChangeError'{0x000000008844b330}: Found class java.lang.Object, but interface was expected> (0x000000008844b330) 
thrown [s\src\hotspot\share\interpreter\linkResolver.cpp, line 838]
Event: 44.697 Thread 0x000001a563b74530 Exception <a 'java/lang/NoSuchMethodError'{0x000000008811d778}: 'java.lang.Object java.lang.invoke.DirectMethodHandle$Holder.newInvokeSpecial(java.lang.Object, java.lang.Object, int, java.lang.Object, java.lang.Object)'> (0x000000008811d778) 
thrown [s\src\hotspot\share\interpreter\linkResolver.cpp, line 771]
Event: 44.697 Thread 0x000001a566673a30 Exception <a 'java/lang/NoSuchMethodError'{0x0000000088178ce0}: 'java.lang.Object java.lang.invoke.DirectMethodHandle$Holder.newInvokeSpecial(java.lang.Object, java.lang.Object, int, java.lang.Object, java.lang.Object)'> (0x0000000088178ce0) 
thrown [s\src\hotspot\share\interpreter\linkResolver.cpp, line 771]
Event: 45.244 Thread 0x000001a566673a30 Exception <a 'java/lang/NoSuchMethodError'{0x0000000087e65e90}: 'java.lang.Object java.lang.invoke.DirectMethodHandle$Holder.newInvokeSpecial(java.lang.Object, long)'> (0x0000000087e65e90) 
thrown [s\src\hotspot\share\interpreter\linkResolver.cpp, line 771]

VM Operations (20 events):
Event: 43.397 Executing VM operation: HandshakeAllThreads done
Event: 44.402 Executing VM operation: Cleanup
Event: 44.403 Executing VM operation: Cleanup done
Event: 44.524 Executing VM operation: G1CollectForAllocation
Event: 44.527 Executing VM operation: G1CollectForAllocation done
Event: 44.560 Executing VM operation: HandshakeAllThreads
Event: 44.560 Executing VM operation: HandshakeAllThreads done
Event: 44.844 Executing VM operation: HandshakeAllThreads
Event: 44.845 Executing VM operation: HandshakeAllThreads done
Event: 44.845 Executing VM operation: HandshakeAllThreads
Event: 44.845 Executing VM operation: HandshakeAllThreads done
Event: 45.298 Executing VM operation: G1CollectForAllocation
Event: 45.303 Executing VM operation: G1CollectForAllocation done
Event: 45.382 Executing VM operation: G1CollectForAllocation
Event: 45.387 Executing VM operation: G1CollectForAllocation done
Event: 45.407 Executing VM operation: G1CollectForAllocation
Event: 45.411 Executing VM operation: G1CollectForAllocation done
Event: 45.425 Executing VM operation: G1CollectForAllocation
Event: 45.429 Executing VM operation: G1CollectForAllocation done
Event: 45.446 Executing VM operation: G1CollectForAllocation

Events (20 events):
Event: 40.271 loading class java/io/SequenceInputStream
Event: 40.271 loading class java/io/SequenceInputStream done
Event: 40.569 loading class java/util/LinkedList$LLSpliterator
Event: 40.570 loading class java/util/LinkedList$LLSpliterator done
Event: 40.706 loading class java/nio/file/Files$2
Event: 40.706 loading class java/nio/file/Files$2 done
Event: 41.375 loading class java/util/zip/ZipInputStream
Event: 41.375 loading class java/util/zip/ZipInputStream done
Event: 42.927 loading class java/io/UTFDataFormatException
Event: 42.927 loading class java/io/UTFDataFormatException done
Event: 43.070 loading class java/util/Vector$1
Event: 43.070 loading class java/util/Vector$1 done
Event: 44.070 loading class java/util/concurrent/RejectedExecutionException
Event: 44.070 loading class java/util/concurrent/RejectedExecutionException done
Event: 44.614 loading class jdk/internal/misc/ScopedMemoryAccess$Scope$Handle
Event: 44.614 loading class jdk/internal/misc/ScopedMemoryAccess$Scope$Handle done
Event: 44.660 loading class java/lang/reflect/GenericSignatureFormatError
Event: 44.660 loading class java/lang/reflect/GenericSignatureFormatError done
Event: 44.848 Thread 0x000001a562028e00 flushing nmethod 0x000001a54ad4ea10
Event: 44.854 Thread 0x000001a562028e00 flushing nmethod 0x000001a54b76f190


Dynamic libraries:
0x00007ff7cb580000 - 0x00007ff7cb58a000 	C:\Program Files\Android\Android Studio\jbr\bin\java.exe
0x00007ffad9dd0000 - 0x00007ffad9fc8000 	C:\WINDOWS\SYSTEM32\ntdll.dll
0x00007ffad90f0000 - 0x00007ffad91af000 	C:\WINDOWS\System32\KERNEL32.DLL
0x00007ffad78d0000 - 0x00007ffad7bc6000 	C:\WINDOWS\System32\KERNELBASE.dll
0x00007ffad74e0000 - 0x00007ffad75e0000 	C:\WINDOWS\System32\ucrtbase.dll
0x00007ffacbb30000 - 0x00007ffacbb4b000 	C:\Program Files\Android\Android Studio\jbr\bin\VCRUNTIME140.dll
0x00007ffacb9e0000 - 0x00007ffacb9f7000 	C:\Program Files\Android\Android Studio\jbr\bin\jli.dll
0x00007ffad7ee0000 - 0x00007ffad807d000 	C:\WINDOWS\System32\USER32.dll
0x00007ffad7c80000 - 0x00007ffad7ca2000 	C:\WINDOWS\System32\win32u.dll
0x00007ffaca0b0000 - 0x00007ffaca34a000 	C:\WINDOWS\WinSxS\amd64_microsoft.windows.common-controls_6595b64144ccf1df_6.0.19041.1110_none_60b5254171f9507e\COMCTL32.dll
0x00007ffad90c0000 - 0x00007ffad90ec000 	C:\WINDOWS\System32\GDI32.dll
0x00007ffad9c10000 - 0x00007ffad9cae000 	C:\WINDOWS\System32\msvcrt.dll
0x00007ffad77b0000 - 0x00007ffad78c5000 	C:\WINDOWS\System32\gdi32full.dll
0x00007ffad7d00000 - 0x00007ffad7d9d000 	C:\WINDOWS\System32\msvcp_win.dll
0x00007ffad8860000 - 0x00007ffad8890000 	C:\WINDOWS\System32\IMM32.DLL
0x00007ffad27e0000 - 0x00007ffad27ec000 	C:\Program Files\Android\Android Studio\jbr\bin\vcruntime140_1.dll
0x00007ffab5c20000 - 0x00007ffab5cad000 	C:\Program Files\Android\Android Studio\jbr\bin\msvcp140.dll
0x00007ffa6b4e0000 - 0x00007ffa6c14d000 	C:\Program Files\Android\Android Studio\jbr\bin\server\jvm.dll
0x00007ffad91c0000 - 0x00007ffad926f000 	C:\WINDOWS\System32\ADVAPI32.dll
0x00007ffad7e40000 - 0x00007ffad7edc000 	C:\WINDOWS\System32\sechost.dll
0x00007ffad8730000 - 0x00007ffad8856000 	C:\WINDOWS\System32\RPCRT4.dll
0x00007ffac6280000 - 0x00007ffac6289000 	C:\WINDOWS\SYSTEM32\WSOCK32.dll
0x00007ffac55d0000 - 0x00007ffac55f7000 	C:\WINDOWS\SYSTEM32\WINMM.dll
0x00007ffad1eb0000 - 0x00007ffad1eba000 	C:\WINDOWS\SYSTEM32\VERSION.dll
0x00007ffad8b50000 - 0x00007ffad8bbb000 	C:\WINDOWS\System32\WS2_32.dll
0x00007ffad5350000 - 0x00007ffad5362000 	C:\WINDOWS\SYSTEM32\kernel.appcore.dll
0x00007ffacbb90000 - 0x00007ffacbb9a000 	C:\Program Files\Android\Android Studio\jbr\bin\jimage.dll
0x00007ffac8cf0000 - 0x00007ffac8ed4000 	C:\WINDOWS\SYSTEM32\DBGHELP.DLL
0x00007ffad3800000 - 0x00007ffad3834000 	C:\WINDOWS\SYSTEM32\dbgcore.DLL
0x00007ffad7da0000 - 0x00007ffad7e22000 	C:\WINDOWS\System32\bcryptPrimitives.dll
0x00007ffac6190000 - 0x00007ffac61b5000 	C:\Program Files\Android\Android Studio\jbr\bin\java.dll
0x00007ffacb990000 - 0x00007ffacb9a8000 	C:\Program Files\Android\Android Studio\jbr\bin\zip.dll
0x00007ffad9390000 - 0x00007ffad9ad4000 	C:\WINDOWS\System32\SHELL32.dll
0x00007ffad5550000 - 0x00007ffad5ce3000 	C:\WINDOWS\SYSTEM32\windows.storage.dll
0x00007ffad8cd0000 - 0x00007ffad9024000 	C:\WINDOWS\System32\combase.dll
0x00007ffad6e20000 - 0x00007ffad6e4e000 	C:\WINDOWS\SYSTEM32\Wldp.dll
0x00007ffad89c0000 - 0x00007ffad8a6d000 	C:\WINDOWS\System32\SHCORE.dll
0x00007ffad8890000 - 0x00007ffad88e5000 	C:\WINDOWS\System32\shlwapi.dll
0x00007ffad73e0000 - 0x00007ffad7405000 	C:\WINDOWS\SYSTEM32\profapi.dll
0x00007ffac1710000 - 0x00007ffac1729000 	C:\Program Files\Android\Android Studio\jbr\bin\net.dll
0x00007ffacfe10000 - 0x00007ffacff1a000 	C:\WINDOWS\SYSTEM32\WINHTTP.dll
0x00007ffad6b80000 - 0x00007ffad6bea000 	C:\WINDOWS\system32\mswsock.dll
0x00007ffabfe90000 - 0x00007ffabfea6000 	C:\Program Files\Android\Android Studio\jbr\bin\nio.dll
0x00007ffacba10000 - 0x00007ffacba20000 	C:\Program Files\Android\Android Studio\jbr\bin\verify.dll
0x00007ffac6250000 - 0x00007ffac6277000 	C:\Users\jaisw\.gradle\native\68d5fa5c4cc2d200863cafc0d521ce42e7d3e7ee720ec0a83991735586a16f82\windows-amd64\native-platform.dll
0x00007ffaa7c70000 - 0x00007ffaa7db4000 	C:\Users\jaisw\.gradle\native\e376f236ea51e6404a007f0833ffe2c6e607c4080706a723a18a27aeea778392\windows-amd64\native-platform-file-events.dll
0x00007ffacbac0000 - 0x00007ffacbac9000 	C:\Program Files\Android\Android Studio\jbr\bin\management.dll
0x00007ffacba50000 - 0x00007ffacba5b000 	C:\Program Files\Android\Android Studio\jbr\bin\management_ext.dll
0x00007ffad7e30000 - 0x00007ffad7e38000 	C:\WINDOWS\System32\PSAPI.DLL
0x00007ffad6d80000 - 0x00007ffad6d98000 	C:\WINDOWS\SYSTEM32\CRYPTSP.dll
0x00007ffad6490000 - 0x00007ffad64c4000 	C:\WINDOWS\system32\rsaenh.dll
0x00007ffad74b0000 - 0x00007ffad74d7000 	C:\WINDOWS\System32\bcrypt.dll
0x00007ffad73a0000 - 0x00007ffad73ce000 	C:\WINDOWS\SYSTEM32\USERENV.dll
0x00007ffad6d70000 - 0x00007ffad6d7c000 	C:\WINDOWS\SYSTEM32\CRYPTBASE.dll
0x00007ffad6870000 - 0x00007ffad68ab000 	C:\WINDOWS\SYSTEM32\IPHLPAPI.DLL
0x00007ffad91b0000 - 0x00007ffad91b8000 	C:\WINDOWS\System32\NSI.dll
0x00007ffad0c90000 - 0x00007ffad0ca7000 	C:\WINDOWS\SYSTEM32\dhcpcsvc6.DLL
0x00007ffad1120000 - 0x00007ffad113d000 	C:\WINDOWS\SYSTEM32\dhcpcsvc.DLL
0x00007ffad68b0000 - 0x00007ffad697a000 	C:\WINDOWS\SYSTEM32\DNSAPI.dll
0x00007ffacb9d0000 - 0x00007ffacb9d7000 	C:\WINDOWS\system32\wshunix.dll

dbghelp: loaded successfully - version: 4.0.5 - missing functions: none
symbol engine: initialized successfully - sym options: 0x614 - pdb path: .;C:\Program Files\Android\Android Studio\jbr\bin;C:\WINDOWS\SYSTEM32;C:\WINDOWS\WinSxS\amd64_microsoft.windows.common-controls_6595b64144ccf1df_6.0.19041.1110_none_60b5254171f9507e;C:\Program Files\Android\Android Studio\jbr\bin\server;C:\Users\jaisw\.gradle\native\68d5fa5c4cc2d200863cafc0d521ce42e7d3e7ee720ec0a83991735586a16f82\windows-amd64;C:\Users\jaisw\.gradle\native\e376f236ea51e6404a007f0833ffe2c6e607c4080706a723a18a27aeea778392\windows-amd64

VM Arguments:
jvm_args: --add-opens=java.base/java.util=ALL-UNNAMED --add-opens=java.base/java.lang=ALL-UNNAMED --add-opens=java.base/java.lang.invoke=ALL-UNNAMED --add-opens=java.prefs/java.util.prefs=ALL-UNNAMED --add-opens=java.base/java.nio.charset=ALL-UNNAMED --add-opens=java.base/java.net=ALL-UNNAMED --add-opens=java.base/java.util.concurrent.atomic=ALL-UNNAMED -Xmx2048m -Dfile.encoding=UTF-8 -Duser.country=US -Duser.language=en -Duser.variant 
java_command: org.gradle.launcher.daemon.bootstrap.GradleDaemon 8.0
java_class_path (initial): C:\Users\jaisw\.gradle\wrapper\dists\gradle-8.0-bin\ca5e32bp14vu59qr306oxotwh\gradle-8.0\lib\gradle-launcher-8.0.jar
Launcher Type: SUN_STANDARD

[Global flags]
     intx CICompilerCount                          = 4                                         {product} {ergonomic}
     uint ConcGCThreads                            = 2                                         {product} {ergonomic}
     uint G1ConcRefinementThreads                  = 8                                         {product} {ergonomic}
   size_t G1HeapRegionSize                         = 1048576                                   {product} {ergonomic}
    uintx GCDrainStackTargetSize                   = 64                                        {product} {ergonomic}
   size_t InitialHeapSize                          = 100663296                                 {product} {ergonomic}
   size_t MarkStackSize                            = 4194304                                   {product} {ergonomic}
   size_t MaxHeapSize                              = 2147483648                                {product} {command line}
   size_t MaxNewSize                               = 1287651328                                {product} {ergonomic}
   size_t MinHeapDeltaBytes                        = 1048576                                   {product} {ergonomic}
   size_t MinHeapSize                              = 8388608                                   {product} {ergonomic}
    uintx NonNMethodCodeHeapSize                   = 5839372                                {pd product} {ergonomic}
    uintx NonProfiledCodeHeapSize                  = 122909434                              {pd product} {ergonomic}
    uintx ProfiledCodeHeapSize                     = 122909434                              {pd product} {ergonomic}
    uintx ReservedCodeCacheSize                    = 251658240                              {pd product} {ergonomic}
     bool SegmentedCodeCache                       = true                                      {product} {ergonomic}
   size_t SoftMaxHeapSize                          = 2147483648                             {manageable} {ergonomic}
     bool UseCompressedClassPointers               = true                           {product lp64_product} {ergonomic}
     bool UseCompressedOops                        = true                           {product lp64_product} {ergonomic}
     bool UseG1GC                                  = true                                      {product} {ergonomic}
     bool UseLargePagesIndividualAllocation        = false                                  {pd product} {ergonomic}

Logging:
Log output configuration:
 #0: stdout all=warning uptime,level,tags
 #1: stderr all=off uptime,level,tags

Environment Variables:
JAVA_HOME=C:\Program Files\Java\jdk-20
PATH=C:\Program Files\Common Files\Oracle\Java\javapath;C:\Users\jaisw\AppData\Local\Programs\Python\Python311\Scripts\;C:\Users\jaisw\AppData\Local\Programs\Python\Python311\;C:\windows\system32;C:\windows;C:\windows\System32\Wbem;C:\windows\System32\WindowsPowerShell\v1.0\;C:\windows\System32\OpenSSH\;C:\Program Files (x86)\NVIDIA Corporation\PhysX\Common;C:\Program Files\NVIDIA Corporation\NVIDIA NvDLISR;C:\WINDOWS\system32;C:\WINDOWS;C:\WINDOWS\System32\Wbem;C:\WINDOWS\System32\WindowsPowerShell\v1.0\;C:\WINDOWS\System32\OpenSSH\;C:\Program Files\Git\cmd;C:\Program Files\Java\jdk-20\bin;C:\windows\system32;C:\windows;C:\windows\System32\Wbem;C:\windows\System32\WindowsPowerShell\v1.0\;C:\windows\System32\OpenSSH\;C:\Program Files (x86)\NVIDIA Corporation\PhysX\Common;C:\Program Files\NVIDIA Corporation\NVIDIA NvDLISR;C:\WINDOWS\system32;C:\WINDOWS;C:\WINDOWS\System32\Wbem;C:\WINDOWS\System32\WindowsPowerShell\v1.0\;C:\WINDOWS\System32\OpenSSH\;C:\Program Files\swipl\bin;C:\Program Files\Git\cmd;C:\windows\system32;C:\windows;C:\windows\System32\Wbem;C:\windows\System32\WindowsPowerShell\v1.0\;C:\windows\System32\OpenSSH\;C:\Program Files (x86)\NVIDIA Corporation\PhysX\Common;C:\Program Files\NVIDIA Corporation\NVIDIA NvDLISR;C:\WINDOWS\system32;C:\WINDOWS;C:\WINDOWS\System32\Wbem;C:\WINDOWS\System32\WindowsPowerShell\v1.0\;C:\WINDOWS\System32\OpenSSH\;C:\Program Files\swipl\bin;C:\Program Files\Git\cmd;C:\Users\jaisw\AppData\Local\Microsoft\WindowsApps;C:\Program Files\Jet;C:\Users\jaisw\AppData\Local\Programs\Python\Python310\Scripts;;C:\Users\jaisw\AppData\Local\Programs\Microsoft VS Code\bin
USERNAME=jaisw
OS=Windows_NT
PROCESSOR_IDENTIFIER=AMD64 Family 23 Model 24 Stepping 1, AuthenticAMD
TMP=C:\Users\jaisw\AppData\Local\Temp
TEMP=C:\Users\jaisw\AppData\Local\Temp



---------------  S Y S T E M  ---------------

OS:
 Windows 10 , 64 bit Build 19041 (10.0.19041.3155)
OS uptime: 1 days 16:23 hours

CPU: total 8 (initial active 8) (8 cores per cpu, 2 threads per core) family 23 model 24 stepping 1 microcode 0x0, cx8, cmov, fxsr, ht, mmx, 3dnowpref, sse, sse2, sse3, ssse3, sse4a, sse4.1, sse4.2, popcnt, lzcnt, tsc, tscinvbit, avx, avx2, aes, clmul, bmi1, bmi2, adx, sha, fma, vzeroupper, clflush, clflushopt

Memory: 4k page, system-wide physical 6021M (314M free)
TotalPageFile size 24453M (AvailPageFile size 12M)
current process WorkingSet (physical memory assigned to process): 379M, peak: 379M
current process commit charge ("private bytes"): 427M, peak: 561M

vm_info: OpenJDK 64-Bit Server VM (17.0.6+0-b2043.56-9586694) for windows-amd64 JRE (17.0.6+0-b2043.56-9586694), built on Feb  9 2023 20:06:20 by "androidbuild" with MS VC++ 16.10 / 16.11 (VS2019)

END.
