#
# There is insufficient memory for the Java Runtime Environment to continue.
# Native memory allocation (mmap) failed to map 325058560 bytes for G1 virtual space
# Possible reasons:
#   The system is out of physical RAM or swap space
#   The process is running with CompressedOops enabled, and the Java Heap may be blocking the growth of the native heap
# Possible solutions:
#   Reduce memory load on the system
#   Increase physical memory or swap space
#   Check if swap backing store is full
#   Decrease Java heap size (-Xmx/-Xms)
#   Decrease number of Java threads
#   Decrease Java thread stack sizes (-Xss)
#   Set larger code cache with -XX:ReservedCodeCacheSize=
#   JVM is running with Unscaled Compressed Oops mode in which the Java heap is
#     placed in the first 4GB address space. The Java Heap base address is the
#     maximum limit for the native heap growth. Please use -XX:HeapBaseMinAddress
#     to set the Java Heap base and to place the Java Heap above 4GB virtual address.
# This output file may be truncated or incomplete.
#
#  Out of Memory Error (os_windows.cpp:3769), pid=24756, tid=25120
#
# JRE version: OpenJDK Runtime Environment (17.0.6) (build 17.0.6+0-b2043.56-9586694)
# Java VM: OpenJDK 64-Bit Server VM (17.0.6+0-b2043.56-9586694, mixed mode, tiered, compressed oops, compressed class ptrs, g1 gc, windows-amd64)
# No core dump will be written. Minidumps are not enabled by default on client versions of Windows
#

---------------  S U M M A R Y ------------

Command Line: --add-opens=java.base/java.util=ALL-UNNAMED --add-opens=java.base/java.lang=ALL-UNNAMED --add-opens=java.base/java.lang.invoke=ALL-UNNAMED --add-opens=java.prefs/java.util.prefs=ALL-UNNAMED --add-opens=java.base/java.nio.charset=ALL-UNNAMED --add-opens=java.base/java.net=ALL-UNNAMED --add-opens=java.base/java.util.concurrent.atomic=ALL-UNNAMED -Xmx2048m -Dfile.encoding=UTF-8 -Duser.country=US -Duser.language=en -Duser.variant org.gradle.launcher.daemon.bootstrap.GradleDaemon 8.0

Host: AMD Ryzen 5 3550H with Radeon Vega Mobile Gfx  , 8 cores, 5G,  Windows 10 , 64 bit Build 19041 (10.0.19041.3155)
Time: Sun Aug 13 17:20:05 2023 India Standard Time elapsed time: 203.054747 seconds (0d 0h 3m 23s)

---------------  T H R E A D  ---------------

Current thread (0x00000255025fdc70):  VMThread "VM Thread" [stack: 0x000000a41c700000,0x000000a41c800000] [id=25120]

Stack: [0x000000a41c700000,0x000000a41c800000]
Native frames: (J=compiled Java code, j=interpreted, Vv=VM code, C=native code)
V  [jvm.dll+0x683b4a]
V  [jvm.dll+0x842654]
V  [jvm.dll+0x843dfe]
V  [jvm.dll+0x844463]
V  [jvm.dll+0x249b75]
V  [jvm.dll+0x680a19]
V  [jvm.dll+0x674f0a]
V  [jvm.dll+0x309acb]
V  [jvm.dll+0x310f86]
V  [jvm.dll+0x3608ee]
V  [jvm.dll+0x360b1f]
V  [jvm.dll+0x2dfbf8]
V  [jvm.dll+0x2ddec4]
V  [jvm.dll+0x2dd4cc]
V  [jvm.dll+0x322261]
V  [jvm.dll+0x84893b]
V  [jvm.dll+0x849674]
V  [jvm.dll+0x849b8d]
V  [jvm.dll+0x849f64]
V  [jvm.dll+0x84a030]
V  [jvm.dll+0x7f25fa]
V  [jvm.dll+0x682985]
C  [ucrtbase.dll+0x21bb2]
C  [KERNEL32.DLL+0x17614]
C  [ntdll.dll+0x526b1]

VM_Operation (0x000000a4260fd7c0): G1TryInitiateConcMark, mode: safepoint, requested by thread 0x0000025509ca63b0


---------------  P R O C E S S  ---------------

Threads class SMR info:
_java_thread_list=0x0000025509d25060, length=145, elements={
0x000002556673b3f0, 0x0000025502601fe0, 0x0000025502603eb0, 0x000002550263e4e0,
0x000002550300a1b0, 0x000002550300ce80, 0x000002550300d740, 0x0000025503011830,
0x000002550301a140, 0x000002550302d210, 0x000002550319a260, 0x000002550319ab40,
0x00000255055472e0, 0x0000025504139e60, 0x0000025503c27760, 0x00000255032d7a90,
0x00000255045853b0, 0x00000255032b7ab0, 0x00000255043bb1b0, 0x0000025503df7960,
0x0000025503df8ca0, 0x0000025503df6150, 0x0000025503df7e30, 0x0000025503df6af0,
0x0000025503df6fc0, 0x0000025503df87d0, 0x0000025503df52e0, 0x0000025503df7490,
0x0000025503df57b0, 0x0000025503df5c80, 0x00000255047d12b0, 0x00000255047d1780,
0x00000255047d47a0, 0x00000255047d42d0, 0x00000255047d7c90, 0x00000255047d3930,
0x00000255047d0910, 0x00000255047d4c70, 0x00000255047d77c0, 0x00000255047d8160,
0x00000255047d2ac0, 0x00000255047d2f90, 0x00000255047d5ae0, 0x00000255047d5140,
0x00000255047d5fb0, 0x00000255047d72f0, 0x00000255047d6480, 0x00000255047d6950,
0x00000255047d6e20, 0x00000255047d3e00, 0x00000255047d3460, 0x0000025504936710,
0x0000025504934090, 0x0000025504931a10, 0x0000025504932880, 0x0000025504933220,
0x00000255049323b0, 0x0000025504931070, 0x0000025504935d70, 0x0000025504931540,
0x0000025504936be0, 0x0000025504934560, 0x00000255049383f0, 0x0000025504934a30,
0x00000255049336f0, 0x0000025504931ee0, 0x0000025504937580, 0x00000255049370b0,
0x0000025504937a50, 0x00000255049358a0, 0x0000025504932d50, 0x0000025504934f00,
0x0000025504936240, 0x0000025504933bc0, 0x00000255049353d0, 0x0000025504937f20,
0x00000255049388c0, 0x0000025507ddfe70, 0x0000025507de0340, 0x0000025507de1b50,
0x0000025507de2020, 0x0000025507de24f0, 0x0000025507de0810, 0x0000025507ddf000,
0x0000025507dde660, 0x0000025507de0ce0, 0x0000025507de11b0, 0x0000025507de1680,
0x0000025507dddcc0, 0x0000025507ddd7f0, 0x0000025507ddf4d0, 0x0000025507de29c0,
0x0000025507de2e90, 0x0000025507de3360, 0x0000025507de41d0, 0x0000025507de3830,
0x0000025507de3d00, 0x0000025507ddf9a0, 0x0000025507de46a0, 0x0000025507de4b70,
0x0000025507ddd320, 0x0000025507dde190, 0x0000025507ddeb30, 0x0000025507549d60,
0x0000025507546d40, 0x000002550754a230, 0x000002550754b570, 0x000002550754c8b0,
0x0000025507548ef0, 0x0000025507548080, 0x0000025507545060, 0x0000025507545ed0,
0x0000025507548550, 0x0000025507547210, 0x0000025507546870, 0x0000025507545a00,
0x000002550754a700, 0x00000255075463a0, 0x000002550754bf10, 0x00000255075476e0,
0x000002550754b0a0, 0x0000025507547bb0, 0x000002550754ba40, 0x0000025507548a20,
0x0000025507549890, 0x000002550754abd0, 0x0000025509ca5540, 0x0000025509caabe0,
0x0000025509ca8560, 0x0000025509ca7220, 0x0000025509ca5070, 0x0000025509ca98a0,
0x0000025509ca8f00, 0x0000025509ca5a10, 0x0000025509ca3d30, 0x0000025509ca8a30,
0x0000025509ca46d0, 0x0000025509ca4ba0, 0x0000025509ca63b0, 0x0000025509ca4200,
0x0000025509ca6d50, 0x0000025509ca76f0, 0x0000025509caa710, 0x0000025509caa240,
0x0000025509ca8090
}

Java Threads: ( => current thread )
  0x000002556673b3f0 JavaThread "main" [_thread_blocked, id=25080, stack(0x000000a41c100000,0x000000a41c200000)]
  0x0000025502601fe0 JavaThread "Reference Handler" daemon [_thread_blocked, id=25124, stack(0x000000a41c800000,0x000000a41c900000)]
  0x0000025502603eb0 JavaThread "Finalizer" daemon [_thread_blocked, id=25128, stack(0x000000a41c900000,0x000000a41ca00000)]
  0x000002550263e4e0 JavaThread "Signal Dispatcher" daemon [_thread_blocked, id=25132, stack(0x000000a41ca00000,0x000000a41cb00000)]
  0x000002550300a1b0 JavaThread "Attach Listener" daemon [_thread_blocked, id=25136, stack(0x000000a41cb00000,0x000000a41cc00000)]
  0x000002550300ce80 JavaThread "Service Thread" daemon [_thread_blocked, id=25140, stack(0x000000a41cc00000,0x000000a41cd00000)]
  0x000002550300d740 JavaThread "Monitor Deflation Thread" daemon [_thread_blocked, id=25144, stack(0x000000a41cd00000,0x000000a41ce00000)]
  0x0000025503011830 JavaThread "C2 CompilerThread0" daemon [_thread_blocked, id=25148, stack(0x000000a41ce00000,0x000000a41cf00000)]
  0x000002550301a140 JavaThread "C1 CompilerThread0" daemon [_thread_blocked, id=25152, stack(0x000000a41cf00000,0x000000a41d000000)]
  0x000002550302d210 JavaThread "Sweeper thread" daemon [_thread_blocked, id=25156, stack(0x000000a41d000000,0x000000a41d100000)]
  0x000002550319a260 JavaThread "Common-Cleaner" daemon [_thread_blocked, id=25160, stack(0x000000a41d100000,0x000000a41d200000)]
  0x000002550319ab40 JavaThread "Notification Thread" daemon [_thread_blocked, id=25164, stack(0x000000a41d200000,0x000000a41d300000)]
  0x00000255055472e0 JavaThread "Daemon health stats" [_thread_blocked, id=12348, stack(0x000000a41d800000,0x000000a41d900000)]
  0x0000025504139e60 JavaThread "Incoming local TCP Connector on port 57054" [_thread_in_native, id=21708, stack(0x000000a41d900000,0x000000a41da00000)]
  0x0000025503c27760 JavaThread "Daemon periodic checks" [_thread_blocked, id=4840, stack(0x000000a41da00000,0x000000a41db00000)]
  0x00000255032d7a90 JavaThread "Daemon" [_thread_blocked, id=24964, stack(0x000000a41db00000,0x000000a41dc00000)]
  0x00000255045853b0 JavaThread "Handler for socket connection from /127.0.0.1:57054 to /127.0.0.1:57057" [_thread_in_native, id=18832, stack(0x000000a41dc00000,0x000000a41dd00000)]
  0x00000255032b7ab0 JavaThread "Cancel handler" [_thread_blocked, id=5188, stack(0x000000a41dd00000,0x000000a41de00000)]
  0x00000255043bb1b0 JavaThread "Daemon worker" [_thread_blocked, id=24892, stack(0x000000a41de00000,0x000000a41df00000)]
  0x0000025503df7960 JavaThread "Asynchronous log dispatcher for DefaultDaemonConnection: socket connection from /127.0.0.1:57054 to /127.0.0.1:57057" [_thread_blocked, id=24900, stack(0x000000a41df00000,0x000000a41e000000)]
  0x0000025503df8ca0 JavaThread "Daemon client event forwarder" [_thread_blocked, id=24908, stack(0x000000a41e100000,0x000000a41e200000)]
  0x0000025503df6150 JavaThread "Cache worker for journal cache (C:\Users\jaisw\.gradle\caches\journal-1)" [_thread_blocked, id=12048, stack(0x000000a41e600000,0x000000a41e700000)]
  0x0000025503df7e30 JavaThread "File lock request listener" [_thread_in_native, id=24976, stack(0x000000a41e700000,0x000000a41e800000)]
  0x0000025503df6af0 JavaThread "Cache worker for file hash cache (C:\Users\jaisw\.gradle\caches\8.0\fileHashes)" [_thread_blocked, id=19572, stack(0x000000a41e800000,0x000000a41e900000)]
  0x0000025503df6fc0 JavaThread "File watcher server" daemon [_thread_blocked, id=10204, stack(0x000000a41e900000,0x000000a41ea00000)]
  0x0000025503df87d0 JavaThread "File watcher consumer" daemon [_thread_blocked, id=14664, stack(0x000000a41ea00000,0x000000a41eb00000)]
  0x0000025503df52e0 JavaThread "Cache worker for checksums cache (C:\Users\jaisw\AndroidStudioProjects\NewsWave\.gradle\8.0\checksums)" [_thread_blocked, id=20444, stack(0x000000a41eb00000,0x000000a41ec00000)]
  0x0000025503df7490 JavaThread "Cache worker for cache directory md-rule (C:\Users\jaisw\.gradle\caches\8.0\md-rule)" [_thread_blocked, id=20136, stack(0x000000a41ec00000,0x000000a41ed00000)]
  0x0000025503df57b0 JavaThread "Cache worker for file content cache (C:\Users\jaisw\.gradle\caches\8.0\fileContent)" [_thread_blocked, id=7768, stack(0x000000a41ed00000,0x000000a41ee00000)]
  0x0000025503df5c80 JavaThread "Cache worker for file hash cache (C:\Users\jaisw\AndroidStudioProjects\NewsWave\.gradle\8.0\fileHashes)" [_thread_blocked, id=9988, stack(0x000000a41ee00000,0x000000a41ef00000)]
  0x00000255047d12b0 JavaThread "Cache worker for cache directory md-supplier (C:\Users\jaisw\.gradle\caches\8.0\md-supplier)" [_thread_blocked, id=25032, stack(0x000000a41ef00000,0x000000a41f000000)]
  0x00000255047d1780 JavaThread "Cache worker for execution history cache (C:\Users\jaisw\.gradle\caches\8.0\executionHistory)" [_thread_blocked, id=7648, stack(0x000000a41f000000,0x000000a41f100000)]
  0x00000255047d47a0 JavaThread "jar transforms" [_thread_blocked, id=25284, stack(0x000000a41f100000,0x000000a41f200000)]
  0x00000255047d42d0 JavaThread "jar transforms Thread 2" [_thread_blocked, id=19036, stack(0x000000a41bf00000,0x000000a41c000000)]
  0x00000255047d7c90 JavaThread "jar transforms Thread 3" [_thread_blocked, id=24624, stack(0x000000a41c000000,0x000000a41c100000)]
  0x00000255047d3930 JavaThread "jar transforms Thread 4" [_thread_blocked, id=24632, stack(0x000000a41f200000,0x000000a41f300000)]
  0x00000255047d0910 JavaThread "Cache worker for dependencies-accessors (C:\Users\jaisw\AndroidStudioProjects\NewsWave\.gradle\8.0\dependencies-accessors)" [_thread_blocked, id=24652, stack(0x000000a41f300000,0x000000a41f400000)]
  0x00000255047d4c70 JavaThread "jar transforms Thread 5" [_thread_blocked, id=24680, stack(0x000000a41f400000,0x000000a41f500000)]
  0x00000255047d77c0 JavaThread "Cache worker for Build Output Cleanup Cache (C:\Users\jaisw\AndroidStudioProjects\NewsWave\.gradle\buildOutputCleanup)" [_thread_blocked, id=24696, stack(0x000000a41f700000,0x000000a41f800000)]
  0x00000255047d8160 JavaThread "Unconstrained build operations" [_thread_blocked, id=23492, stack(0x000000a41f800000,0x000000a41f900000)]
  0x00000255047d2ac0 JavaThread "Unconstrained build operations Thread 2" [_thread_blocked, id=8572, stack(0x000000a41fa00000,0x000000a41fb00000)]
  0x00000255047d2f90 JavaThread "Unconstrained build operations Thread 3" [_thread_blocked, id=25420, stack(0x000000a41fb00000,0x000000a41fc00000)]
  0x00000255047d5ae0 JavaThread "Unconstrained build operations Thread 4" [_thread_blocked, id=22504, stack(0x000000a41fc00000,0x000000a41fd00000)]
  0x00000255047d5140 JavaThread "Unconstrained build operations Thread 5" [_thread_blocked, id=10956, stack(0x000000a41fd00000,0x000000a41fe00000)]
  0x00000255047d5fb0 JavaThread "Unconstrained build operations Thread 6" [_thread_blocked, id=24480, stack(0x000000a41fe00000,0x000000a41ff00000)]
  0x00000255047d72f0 JavaThread "Unconstrained build operations Thread 7" [_thread_blocked, id=23844, stack(0x000000a41ff00000,0x000000a420000000)]
  0x00000255047d6480 JavaThread "Unconstrained build operations Thread 8" [_thread_blocked, id=25512, stack(0x000000a420000000,0x000000a420100000)]
  0x00000255047d6950 JavaThread "Unconstrained build operations Thread 9" [_thread_blocked, id=25408, stack(0x000000a420100000,0x000000a420200000)]
  0x00000255047d6e20 JavaThread "Unconstrained build operations Thread 10" [_thread_blocked, id=2664, stack(0x000000a420200000,0x000000a420300000)]
  0x00000255047d3e00 JavaThread "Unconstrained build operations Thread 11" [_thread_blocked, id=21676, stack(0x000000a420300000,0x000000a420400000)]
  0x00000255047d3460 JavaThread "Unconstrained build operations Thread 12" [_thread_blocked, id=25316, stack(0x000000a420400000,0x000000a420500000)]
  0x0000025504936710 JavaThread "Unconstrained build operations Thread 13" [_thread_blocked, id=25312, stack(0x000000a420500000,0x000000a420600000)]
  0x0000025504934090 JavaThread "Unconstrained build operations Thread 14" [_thread_blocked, id=25308, stack(0x000000a420600000,0x000000a420700000)]
  0x0000025504931a10 JavaThread "Unconstrained build operations Thread 15" [_thread_blocked, id=25412, stack(0x000000a420700000,0x000000a420800000)]
  0x0000025504932880 JavaThread "Unconstrained build operations Thread 16" [_thread_blocked, id=25416, stack(0x000000a420800000,0x000000a420900000)]
  0x0000025504933220 JavaThread "Unconstrained build operations Thread 17" [_thread_blocked, id=25276, stack(0x000000a420900000,0x000000a420a00000)]
  0x00000255049323b0 JavaThread "Unconstrained build operations Thread 18" [_thread_blocked, id=23500, stack(0x000000a420a00000,0x000000a420b00000)]
  0x0000025504931070 JavaThread "Unconstrained build operations Thread 19" [_thread_blocked, id=12796, stack(0x000000a420b00000,0x000000a420c00000)]
  0x0000025504935d70 JavaThread "Unconstrained build operations Thread 20" [_thread_blocked, id=21512, stack(0x000000a420c00000,0x000000a420d00000)]
  0x0000025504931540 JavaThread "Unconstrained build operations Thread 21" [_thread_blocked, id=25272, stack(0x000000a420d00000,0x000000a420e00000)]
  0x0000025504936be0 JavaThread "Unconstrained build operations Thread 22" [_thread_blocked, id=2764, stack(0x000000a420e00000,0x000000a420f00000)]
  0x0000025504934560 JavaThread "Unconstrained build operations Thread 23" [_thread_blocked, id=21532, stack(0x000000a420f00000,0x000000a421000000)]
  0x00000255049383f0 JavaThread "Unconstrained build operations Thread 24" [_thread_blocked, id=16388, stack(0x000000a421000000,0x000000a421100000)]
  0x0000025504934a30 JavaThread "Unconstrained build operations Thread 25" [_thread_blocked, id=19552, stack(0x000000a421100000,0x000000a421200000)]
  0x00000255049336f0 JavaThread "Unconstrained build operations Thread 26" [_thread_blocked, id=11676, stack(0x000000a421200000,0x000000a421300000)]
  0x0000025504931ee0 JavaThread "Unconstrained build operations Thread 27" [_thread_blocked, id=23148, stack(0x000000a421300000,0x000000a421400000)]
  0x0000025504937580 JavaThread "Unconstrained build operations Thread 28" [_thread_blocked, id=12484, stack(0x000000a421400000,0x000000a421500000)]
  0x00000255049370b0 JavaThread "Unconstrained build operations Thread 29" [_thread_blocked, id=24984, stack(0x000000a421500000,0x000000a421600000)]
  0x0000025504937a50 JavaThread "Unconstrained build operations Thread 30" [_thread_blocked, id=25580, stack(0x000000a421600000,0x000000a421700000)]
  0x00000255049358a0 JavaThread "Unconstrained build operations Thread 31" [_thread_blocked, id=15508, stack(0x000000a421700000,0x000000a421800000)]
  0x0000025504932d50 JavaThread "Unconstrained build operations Thread 32" [_thread_blocked, id=13904, stack(0x000000a421800000,0x000000a421900000)]
  0x0000025504934f00 JavaThread "Unconstrained build operations Thread 33" [_thread_blocked, id=7996, stack(0x000000a421900000,0x000000a421a00000)]
  0x0000025504936240 JavaThread "Unconstrained build operations Thread 34" [_thread_blocked, id=18272, stack(0x000000a421a00000,0x000000a421b00000)]
  0x0000025504933bc0 JavaThread "Unconstrained build operations Thread 35" [_thread_blocked, id=15864, stack(0x000000a421b00000,0x000000a421c00000)]
  0x00000255049353d0 JavaThread "Unconstrained build operations Thread 36" [_thread_blocked, id=19120, stack(0x000000a421c00000,0x000000a421d00000)]
  0x0000025504937f20 JavaThread "Unconstrained build operations Thread 37" [_thread_blocked, id=17652, stack(0x000000a421d00000,0x000000a421e00000)]
  0x00000255049388c0 JavaThread "Unconstrained build operations Thread 38" [_thread_blocked, id=24092, stack(0x000000a421e00000,0x000000a421f00000)]
  0x0000025507ddfe70 JavaThread "Unconstrained build operations Thread 39" [_thread_blocked, id=16048, stack(0x000000a421f00000,0x000000a422000000)]
  0x0000025507de0340 JavaThread "Unconstrained build operations Thread 40" [_thread_blocked, id=13572, stack(0x000000a422000000,0x000000a422100000)]
  0x0000025507de1b50 JavaThread "Unconstrained build operations Thread 41" [_thread_blocked, id=19596, stack(0x000000a422100000,0x000000a422200000)]
  0x0000025507de2020 JavaThread "Unconstrained build operations Thread 42" [_thread_blocked, id=13440, stack(0x000000a422200000,0x000000a422300000)]
  0x0000025507de24f0 JavaThread "Unconstrained build operations Thread 43" [_thread_blocked, id=17524, stack(0x000000a422300000,0x000000a422400000)]
  0x0000025507de0810 JavaThread "Unconstrained build operations Thread 44" [_thread_blocked, id=18344, stack(0x000000a422400000,0x000000a422500000)]
  0x0000025507ddf000 JavaThread "Unconstrained build operations Thread 45" [_thread_blocked, id=5404, stack(0x000000a422500000,0x000000a422600000)]
  0x0000025507dde660 JavaThread "Unconstrained build operations Thread 46" [_thread_blocked, id=20144, stack(0x000000a422600000,0x000000a422700000)]
  0x0000025507de0ce0 JavaThread "Unconstrained build operations Thread 47" [_thread_blocked, id=16740, stack(0x000000a422700000,0x000000a422800000)]
  0x0000025507de11b0 JavaThread "Unconstrained build operations Thread 48" [_thread_blocked, id=5428, stack(0x000000a422800000,0x000000a422900000)]
  0x0000025507de1680 JavaThread "Unconstrained build operations Thread 49" [_thread_blocked, id=8336, stack(0x000000a422900000,0x000000a422a00000)]
  0x0000025507dddcc0 JavaThread "Unconstrained build operations Thread 50" [_thread_blocked, id=18748, stack(0x000000a422a00000,0x000000a422b00000)]
  0x0000025507ddd7f0 JavaThread "Unconstrained build operations Thread 51" [_thread_blocked, id=22560, stack(0x000000a422b00000,0x000000a422c00000)]
  0x0000025507ddf4d0 JavaThread "Unconstrained build operations Thread 52" [_thread_blocked, id=8344, stack(0x000000a422c00000,0x000000a422d00000)]
  0x0000025507de29c0 JavaThread "Unconstrained build operations Thread 53" [_thread_blocked, id=6480, stack(0x000000a422d00000,0x000000a422e00000)]
  0x0000025507de2e90 JavaThread "Unconstrained build operations Thread 54" [_thread_blocked, id=2296, stack(0x000000a422e00000,0x000000a422f00000)]
  0x0000025507de3360 JavaThread "Unconstrained build operations Thread 55" [_thread_blocked, id=25048, stack(0x000000a422f00000,0x000000a423000000)]
  0x0000025507de41d0 JavaThread "Unconstrained build operations Thread 56" [_thread_blocked, id=25052, stack(0x000000a423000000,0x000000a423100000)]
  0x0000025507de3830 JavaThread "Unconstrained build operations Thread 57" [_thread_blocked, id=25060, stack(0x000000a423100000,0x000000a423200000)]
  0x0000025507de3d00 JavaThread "Unconstrained build operations Thread 58" [_thread_blocked, id=25056, stack(0x000000a423200000,0x000000a423300000)]
  0x0000025507ddf9a0 JavaThread "Unconstrained build operations Thread 59" [_thread_blocked, id=12504, stack(0x000000a423300000,0x000000a423400000)]
  0x0000025507de46a0 JavaThread "Unconstrained build operations Thread 60" [_thread_blocked, id=9420, stack(0x000000a423400000,0x000000a423500000)]
  0x0000025507de4b70 JavaThread "Unconstrained build operations Thread 61" [_thread_blocked, id=1324, stack(0x000000a423500000,0x000000a423600000)]
  0x0000025507ddd320 JavaThread "Unconstrained build operations Thread 62" [_thread_blocked, id=24720, stack(0x000000a423600000,0x000000a423700000)]
  0x0000025507dde190 JavaThread "Unconstrained build operations Thread 63" [_thread_blocked, id=23680, stack(0x000000a423700000,0x000000a423800000)]
  0x0000025507ddeb30 JavaThread "Unconstrained build operations Thread 64" [_thread_blocked, id=22756, stack(0x000000a423800000,0x000000a423900000)]
  0x0000025507549d60 JavaThread "Unconstrained build operations Thread 65" [_thread_blocked, id=22768, stack(0x000000a423900000,0x000000a423a00000)]
  0x0000025507546d40 JavaThread "Unconstrained build operations Thread 66" [_thread_blocked, id=15668, stack(0x000000a423a00000,0x000000a423b00000)]
  0x000002550754a230 JavaThread "Unconstrained build operations Thread 67" [_thread_blocked, id=14884, stack(0x000000a423b00000,0x000000a423c00000)]
  0x000002550754b570 JavaThread "Unconstrained build operations Thread 68" [_thread_blocked, id=23044, stack(0x000000a423c00000,0x000000a423d00000)]
  0x000002550754c8b0 JavaThread "Unconstrained build operations Thread 69" [_thread_blocked, id=6308, stack(0x000000a423d00000,0x000000a423e00000)]
  0x0000025507548ef0 JavaThread "Unconstrained build operations Thread 70" [_thread_blocked, id=24944, stack(0x000000a423e00000,0x000000a423f00000)]
  0x0000025507548080 JavaThread "Unconstrained build operations Thread 71" [_thread_blocked, id=24936, stack(0x000000a423f00000,0x000000a424000000)]
  0x0000025507545060 JavaThread "Unconstrained build operations Thread 72" [_thread_blocked, id=24932, stack(0x000000a424000000,0x000000a424100000)]
  0x0000025507545ed0 JavaThread "Unconstrained build operations Thread 73" [_thread_blocked, id=24924, stack(0x000000a424100000,0x000000a424200000)]
  0x0000025507548550 JavaThread "Unconstrained build operations Thread 74" [_thread_blocked, id=24920, stack(0x000000a424200000,0x000000a424300000)]
  0x0000025507547210 JavaThread "Unconstrained build operations Thread 75" [_thread_blocked, id=24940, stack(0x000000a424300000,0x000000a424400000)]
  0x0000025507546870 JavaThread "Unconstrained build operations Thread 76" [_thread_blocked, id=24960, stack(0x000000a424400000,0x000000a424500000)]
  0x0000025507545a00 JavaThread "Unconstrained build operations Thread 77" [_thread_blocked, id=24928, stack(0x000000a424500000,0x000000a424600000)]
  0x000002550754a700 JavaThread "Unconstrained build operations Thread 78" [_thread_blocked, id=22332, stack(0x000000a424600000,0x000000a424700000)]
  0x00000255075463a0 JavaThread "Unconstrained build operations Thread 79" [_thread_blocked, id=25116, stack(0x000000a424700000,0x000000a424800000)]
  0x000002550754bf10 JavaThread "Unconstrained build operations Thread 80" [_thread_blocked, id=25096, stack(0x000000a424800000,0x000000a424900000)]
  0x00000255075476e0 JavaThread "jar transforms Thread 6" [_thread_blocked, id=11244, stack(0x000000a424900000,0x000000a424a00000)]
  0x000002550754b0a0 JavaThread "jar transforms Thread 7" [_thread_blocked, id=24828, stack(0x000000a424a00000,0x000000a424b00000)]
  0x0000025507547bb0 JavaThread "jar transforms Thread 8" [_thread_blocked, id=21072, stack(0x000000a424b00000,0x000000a424c00000)]
  0x000002550754ba40 JavaThread "build event listener" [_thread_blocked, id=8528, stack(0x000000a41be00000,0x000000a41bf00000)]
  0x0000025507548a20 JavaThread "Memory manager" [_thread_blocked, id=24748, stack(0x000000a424c00000,0x000000a424d00000)]
  0x0000025507549890 JavaThread "pool-3-thread-1" [_thread_blocked, id=24016, stack(0x000000a41e000000,0x000000a41e100000)]
  0x000002550754abd0 JavaThread "build event listener" [_thread_blocked, id=9732, stack(0x000000a424d00000,0x000000a424e00000)]
  0x0000025509ca5540 JavaThread "included builds" [_thread_blocked, id=15724, stack(0x000000a424e00000,0x000000a424f00000)]
  0x0000025509caabe0 JavaThread "Execution worker" [_thread_blocked, id=7064, stack(0x000000a424f00000,0x000000a425000000)]
  0x0000025509ca8560 JavaThread "Execution worker Thread 2" [_thread_blocked, id=820, stack(0x000000a425000000,0x000000a425100000)]
  0x0000025509ca7220 JavaThread "Execution worker Thread 3" [_thread_blocked, id=2696, stack(0x000000a425100000,0x000000a425200000)]
  0x0000025509ca5070 JavaThread "Execution worker Thread 4" [_thread_blocked, id=12344, stack(0x000000a425200000,0x000000a425300000)]
  0x0000025509ca98a0 JavaThread "Execution worker Thread 5" [_thread_blocked, id=20272, stack(0x000000a425300000,0x000000a425400000)]
  0x0000025509ca8f00 JavaThread "Execution worker Thread 6" [_thread_blocked, id=20204, stack(0x000000a425400000,0x000000a425500000)]
  0x0000025509ca5a10 JavaThread "Execution worker Thread 7" [_thread_blocked, id=22256, stack(0x000000a425500000,0x000000a425600000)]
  0x0000025509ca3d30 JavaThread "Cache worker for execution history cache (C:\Users\jaisw\AndroidStudioProjects\NewsWave\.gradle\8.0\executionHistory)" [_thread_blocked, id=25180, stack(0x000000a425600000,0x000000a425700000)]
  0x0000025509ca8a30 JavaThread "WorkerExecutor Queue" [_thread_blocked, id=25540, stack(0x000000a425700000,0x000000a425800000)]
  0x0000025509ca46d0 JavaThread "WorkerExecutor Queue Thread 2" [_thread_blocked, id=16968, stack(0x000000a425800000,0x000000a425900000)]
  0x0000025509ca4ba0 JavaThread "WorkerExecutor Queue Thread 3" [_thread_blocked, id=22816, stack(0x000000a425f00000,0x000000a426000000)]
  0x0000025509ca63b0 JavaThread "WorkerExecutor Queue Thread 4" [_thread_blocked, id=11424, stack(0x000000a426000000,0x000000a426100000)]
  0x0000025509ca4200 JavaThread "WorkerExecutor Queue Thread 5" [_thread_blocked, id=25576, stack(0x000000a426100000,0x000000a426200000)]
  0x0000025509ca6d50 JavaThread "WorkerExecutor Queue Thread 6" [_thread_blocked, id=21192, stack(0x000000a426200000,0x000000a426300000)]
  0x0000025509ca76f0 JavaThread "WorkerExecutor Queue Thread 7" [_thread_blocked, id=11080, stack(0x000000a426300000,0x000000a426400000)]
  0x0000025509caa710 JavaThread "WorkerExecutor Queue Thread 8" [_thread_blocked, id=14008, stack(0x000000a426400000,0x000000a426500000)]
  0x0000025509caa240 JavaThread "Java2D Disposer" daemon [_thread_blocked, id=25404, stack(0x000000a426800000,0x000000a426900000)]
  0x0000025509ca8090 JavaThread "AWT-Windows" daemon [_thread_in_native, id=24736, stack(0x000000a426a00000,0x000000a426b00000)]

Other Threads:
=>0x00000255025fdc70 VMThread "VM Thread" [stack: 0x000000a41c700000,0x000000a41c800000] [id=25120]
  0x00000255667c30c0 WatcherThread [stack: 0x000000a41d300000,0x000000a41d400000] [id=25168]
  0x00000255667986c0 GCTaskThread "GC Thread#0" [stack: 0x000000a41c200000,0x000000a41c300000] [id=25084]
  0x00000255030df8d0 GCTaskThread "GC Thread#1" [stack: 0x000000a41d500000,0x000000a41d600000] [id=25296]
  0x0000025503b6fc70 GCTaskThread "GC Thread#2" [stack: 0x000000a41d600000,0x000000a41d700000] [id=25300]
  0x0000025503b6ff20 GCTaskThread "GC Thread#3" [stack: 0x000000a41d700000,0x000000a41d800000] [id=25304]
  0x0000025504255520 GCTaskThread "GC Thread#4" [stack: 0x000000a41d400000,0x000000a41d500000] [id=25528]
  0x00000255044113f0 GCTaskThread "GC Thread#5" [stack: 0x000000a41e200000,0x000000a41e300000] [id=24844]
  0x0000025505ebf530 GCTaskThread "GC Thread#6" [stack: 0x000000a41e300000,0x000000a41e400000] [id=24848]
  0x0000025505ebf7e0 GCTaskThread "GC Thread#7" [stack: 0x000000a41e400000,0x000000a41e500000] [id=10728]
  0x00000255667a9510 ConcurrentGCThread "G1 Main Marker" [stack: 0x000000a41c300000,0x000000a41c400000] [id=25088]
  0x00000255667aa5d0 ConcurrentGCThread "G1 Conc#0" [stack: 0x000000a41c400000,0x000000a41c500000] [id=25092]
  0x0000025504859cd0 ConcurrentGCThread "G1 Conc#1" [stack: 0x000000a41e500000,0x000000a41e600000] [id=18492]
  0x000002556680dcf0 ConcurrentGCThread "G1 Refine#0" [stack: 0x000000a41c500000,0x000000a41c600000] [id=25100]
  0x000002550a397940 ConcurrentGCThread "G1 Refine#1" [stack: 0x000000a425900000,0x000000a425a00000] [id=25072]
  0x000002550a397f00 ConcurrentGCThread "G1 Refine#2" [stack: 0x000000a425a00000,0x000000a425b00000] [id=19512]
  0x00000255075ac6e0 ConcurrentGCThread "G1 Refine#3" [stack: 0x000000a425b00000,0x000000a425c00000] [id=25184]
  0x00000255075acf80 ConcurrentGCThread "G1 Refine#4" [stack: 0x000000a425c00000,0x000000a425d00000] [id=23276]
  0x0000025509d47e50 ConcurrentGCThread "G1 Refine#5" [stack: 0x000000a425d00000,0x000000a425e00000] [id=25292]
  0x0000025509d48130 ConcurrentGCThread "G1 Refine#6" [stack: 0x000000a425e00000,0x000000a425f00000] [id=24816]
  0x000002556680e620 ConcurrentGCThread "G1 Service" [stack: 0x000000a41c600000,0x000000a41c700000] [id=25104]

Threads with active compile tasks:
C2 CompilerThread0   205695 17322       4       com.android.tools.r8.utils.t0::e (297 bytes)
C1 CompilerThread0   205695 17331 %     3       com.android.tools.r8.internal.Rn::a @ 381 (998 bytes)

VM state: at safepoint (normal execution)

VM Mutex/Monitor currently owned by a thread:  ([mutex/lock_event])
[0x0000025566736aa0] Threads_lock - owner thread: 0x00000255025fdc70
[0x0000025566737430] Heap_lock - owner thread: 0x0000025509ca63b0

Heap address: 0x0000000080000000, size: 2048 MB, Compressed Oops mode: 32-bit

CDS archive(s) not mapped
Compressed class space mapped at: 0x0000000100000000-0x0000000140000000, reserved size: 1073741824
Narrow klass base: 0x0000000000000000, Narrow klass shift: 3, Narrow klass range: 0x140000000

GC Precious Log:
 CPUs: 8 total, 8 available
 Memory: 6021M
 Large Page Support: Disabled
 NUMA Support: Disabled
 Compressed Oops: Enabled (32-bit)
 Heap Region Size: 1M
 Heap Min Capacity: 8M
 Heap Initial Capacity: 96M
 Heap Max Capacity: 2G
 Pre-touch: Disabled
 Parallel Workers: 8
 Concurrent Workers: 2
 Concurrent Refinement Workers: 8
 Periodic GC: Disabled

Heap:
 garbage-first heap   total 227328K, used 132837K [0x0000000080000000, 0x0000000100000000)
  region size 1024K, 3 young (3072K), 3 survivors (3072K)
 Metaspace       used 121421K, committed 122240K, reserved 1155072K
  class space    used 16036K, committed 16384K, reserved 1048576K

Heap Regions: E=young(eden), S=young(survivor), O=old, HS=humongous(starts), HC=humongous(continues), CS=collection set, F=free, OA=open archive, CA=closed archive, TAMS=top-at-mark-start (previous, next)
|   0|0x0000000080000000, 0x0000000080100000, 0x0000000080100000|100%|HS|  |TAMS 0x0000000080100000, 0x0000000080100000| Complete 
|   1|0x0000000080100000, 0x0000000080200000, 0x0000000080200000|100%|HC|  |TAMS 0x0000000080200000, 0x0000000080200000| Complete 
|   2|0x0000000080200000, 0x0000000080300000, 0x0000000080300000|100%|HC|  |TAMS 0x0000000080300000, 0x0000000080300000| Complete 
|   3|0x0000000080300000, 0x0000000080400000, 0x0000000080400000|100%|HC|  |TAMS 0x0000000080400000, 0x0000000080400000| Complete 
|   4|0x0000000080400000, 0x0000000080500000, 0x0000000080500000|100%| O|  |TAMS 0x0000000080500000, 0x0000000080500000| Untracked 
|   5|0x0000000080500000, 0x0000000080600000, 0x0000000080600000|100%| O|  |TAMS 0x0000000080600000, 0x0000000080600000| Untracked 
|   6|0x0000000080600000, 0x0000000080700000, 0x0000000080700000|100%| O|  |TAMS 0x0000000080700000, 0x0000000080700000| Untracked 
|   7|0x0000000080700000, 0x0000000080800000, 0x0000000080800000|100%| O|  |TAMS 0x0000000080800000, 0x0000000080800000| Untracked 
|   8|0x0000000080800000, 0x0000000080900000, 0x0000000080900000|100%| O|  |TAMS 0x0000000080900000, 0x0000000080900000| Untracked 
|   9|0x0000000080900000, 0x0000000080a00000, 0x0000000080a00000|100%| O|  |TAMS 0x0000000080a00000, 0x0000000080a00000| Untracked 
|  10|0x0000000080a00000, 0x0000000080b00000, 0x0000000080b00000|100%| O|  |TAMS 0x0000000080b00000, 0x0000000080b00000| Untracked 
|  11|0x0000000080b00000, 0x0000000080c00000, 0x0000000080c00000|100%| O|  |TAMS 0x0000000080c00000, 0x0000000080c00000| Untracked 
|  12|0x0000000080c00000, 0x0000000080d00000, 0x0000000080d00000|100%| O|  |TAMS 0x0000000080d00000, 0x0000000080d00000| Untracked 
|  13|0x0000000080d00000, 0x0000000080e00000, 0x0000000080e00000|100%| O|  |TAMS 0x0000000080e00000, 0x0000000080e00000| Untracked 
|  14|0x0000000080e00000, 0x0000000080f00000, 0x0000000080f00000|100%| O|  |TAMS 0x0000000080f00000, 0x0000000080f00000| Untracked 
|  15|0x0000000080f00000, 0x0000000081000000, 0x0000000081000000|100%| O|  |TAMS 0x0000000081000000, 0x0000000081000000| Untracked 
|  16|0x0000000081000000, 0x0000000081100000, 0x0000000081100000|100%| O|  |TAMS 0x0000000081100000, 0x0000000081100000| Untracked 
|  17|0x0000000081100000, 0x0000000081200000, 0x0000000081200000|100%| O|  |TAMS 0x0000000081200000, 0x0000000081200000| Untracked 
|  18|0x0000000081200000, 0x0000000081300000, 0x0000000081300000|100%| O|  |TAMS 0x0000000081300000, 0x0000000081300000| Untracked 
|  19|0x0000000081300000, 0x0000000081400000, 0x0000000081400000|100%| O|  |TAMS 0x0000000081400000, 0x0000000081400000| Untracked 
|  20|0x0000000081400000, 0x0000000081500000, 0x0000000081500000|100%| O|  |TAMS 0x0000000081500000, 0x0000000081500000| Untracked 
|  21|0x0000000081500000, 0x0000000081600000, 0x0000000081600000|100%| O|  |TAMS 0x0000000081600000, 0x0000000081600000| Untracked 
|  22|0x0000000081600000, 0x0000000081700000, 0x0000000081700000|100%| O|  |TAMS 0x0000000081700000, 0x0000000081700000| Untracked 
|  23|0x0000000081700000, 0x0000000081800000, 0x0000000081800000|100%| O|  |TAMS 0x0000000081800000, 0x0000000081800000| Untracked 
|  24|0x0000000081800000, 0x0000000081900000, 0x0000000081900000|100%| O|  |TAMS 0x0000000081900000, 0x0000000081900000| Untracked 
|  25|0x0000000081900000, 0x0000000081a00000, 0x0000000081a00000|100%| O|  |TAMS 0x0000000081a00000, 0x0000000081a00000| Untracked 
|  26|0x0000000081a00000, 0x0000000081b00000, 0x0000000081b00000|100%| O|  |TAMS 0x0000000081b00000, 0x0000000081b00000| Untracked 
|  27|0x0000000081b00000, 0x0000000081c00000, 0x0000000081c00000|100%| O|  |TAMS 0x0000000081c00000, 0x0000000081c00000| Untracked 
|  28|0x0000000081c00000, 0x0000000081d00000, 0x0000000081d00000|100%| O|  |TAMS 0x0000000081d00000, 0x0000000081d00000| Untracked 
|  29|0x0000000081d00000, 0x0000000081e00000, 0x0000000081e00000|100%| O|  |TAMS 0x0000000081e00000, 0x0000000081e00000| Untracked 
|  30|0x0000000081e00000, 0x0000000081f00000, 0x0000000081f00000|100%| O|  |TAMS 0x0000000081f00000, 0x0000000081f00000| Untracked 
|  31|0x0000000081f00000, 0x0000000082000000, 0x0000000082000000|100%| O|  |TAMS 0x0000000082000000, 0x0000000082000000| Untracked 
|  32|0x0000000082000000, 0x0000000082100000, 0x0000000082100000|100%| O|  |TAMS 0x0000000082100000, 0x0000000082100000| Untracked 
|  33|0x0000000082100000, 0x0000000082200000, 0x0000000082200000|100%| O|  |TAMS 0x0000000082200000, 0x0000000082200000| Untracked 
|  34|0x0000000082200000, 0x0000000082300000, 0x0000000082300000|100%| O|  |TAMS 0x0000000082300000, 0x0000000082300000| Untracked 
|  35|0x0000000082300000, 0x0000000082400000, 0x0000000082400000|100%| O|  |TAMS 0x0000000082400000, 0x0000000082400000| Untracked 
|  36|0x0000000082400000, 0x0000000082500000, 0x0000000082500000|100%| O|  |TAMS 0x0000000082500000, 0x0000000082500000| Untracked 
|  37|0x0000000082500000, 0x0000000082600000, 0x0000000082600000|100%| O|  |TAMS 0x0000000082600000, 0x0000000082600000| Untracked 
|  38|0x0000000082600000, 0x0000000082700000, 0x0000000082700000|100%| O|  |TAMS 0x0000000082700000, 0x0000000082700000| Untracked 
|  39|0x0000000082700000, 0x0000000082800000, 0x0000000082800000|100%| O|  |TAMS 0x0000000082800000, 0x0000000082800000| Untracked 
|  40|0x0000000082800000, 0x0000000082900000, 0x0000000082900000|100%|HS|  |TAMS 0x0000000082900000, 0x0000000082900000| Complete 
|  41|0x0000000082900000, 0x0000000082a00000, 0x0000000082a00000|100%|HS|  |TAMS 0x0000000082a00000, 0x0000000082a00000| Complete 
|  42|0x0000000082a00000, 0x0000000082b00000, 0x0000000082b00000|100%| O|  |TAMS 0x0000000082b00000, 0x0000000082b00000| Untracked 
|  43|0x0000000082b00000, 0x0000000082c00000, 0x0000000082c00000|100%| O|  |TAMS 0x0000000082c00000, 0x0000000082c00000| Untracked 
|  44|0x0000000082c00000, 0x0000000082d00000, 0x0000000082d00000|100%| O|  |TAMS 0x0000000082d00000, 0x0000000082d00000| Untracked 
|  45|0x0000000082d00000, 0x0000000082e00000, 0x0000000082e00000|100%| O|  |TAMS 0x0000000082e00000, 0x0000000082e00000| Untracked 
|  46|0x0000000082e00000, 0x0000000082f00000, 0x0000000082f00000|100%| O|  |TAMS 0x0000000082f00000, 0x0000000082f00000| Untracked 
|  47|0x0000000082f00000, 0x0000000083000000, 0x0000000083000000|100%| O|  |TAMS 0x0000000083000000, 0x0000000083000000| Untracked 
|  48|0x0000000083000000, 0x0000000083100000, 0x0000000083100000|100%| O|  |TAMS 0x0000000083100000, 0x0000000083100000| Untracked 
|  49|0x0000000083100000, 0x0000000083200000, 0x0000000083200000|100%| O|  |TAMS 0x0000000083200000, 0x0000000083200000| Untracked 
|  50|0x0000000083200000, 0x0000000083300000, 0x0000000083300000|100%| O|  |TAMS 0x0000000083300000, 0x0000000083300000| Untracked 
|  51|0x0000000083300000, 0x0000000083400000, 0x0000000083400000|100%| O|  |TAMS 0x0000000083400000, 0x0000000083400000| Untracked 
|  52|0x0000000083400000, 0x0000000083500000, 0x0000000083500000|100%| O|  |TAMS 0x0000000083500000, 0x0000000083500000| Untracked 
|  53|0x0000000083500000, 0x0000000083600000, 0x0000000083600000|100%| O|  |TAMS 0x0000000083600000, 0x0000000083600000| Untracked 
|  54|0x0000000083600000, 0x0000000083700000, 0x0000000083700000|100%| O|  |TAMS 0x0000000083700000, 0x0000000083700000| Untracked 
|  55|0x0000000083700000, 0x0000000083800000, 0x0000000083800000|100%| O|  |TAMS 0x0000000083800000, 0x0000000083800000| Untracked 
|  56|0x0000000083800000, 0x0000000083900000, 0x0000000083900000|100%| O|  |TAMS 0x0000000083900000, 0x0000000083900000| Untracked 
|  57|0x0000000083900000, 0x0000000083a00000, 0x0000000083a00000|100%| O|  |TAMS 0x0000000083a00000, 0x0000000083a00000| Untracked 
|  58|0x0000000083a00000, 0x0000000083b00000, 0x0000000083b00000|100%| O|  |TAMS 0x0000000083b00000, 0x0000000083b00000| Untracked 
|  59|0x0000000083b00000, 0x0000000083c00000, 0x0000000083c00000|100%| O|  |TAMS 0x0000000083c00000, 0x0000000083c00000| Untracked 
|  60|0x0000000083c00000, 0x0000000083d00000, 0x0000000083d00000|100%| O|  |TAMS 0x0000000083d00000, 0x0000000083d00000| Untracked 
|  61|0x0000000083d00000, 0x0000000083e00000, 0x0000000083e00000|100%| O|  |TAMS 0x0000000083e00000, 0x0000000083e00000| Untracked 
|  62|0x0000000083e00000, 0x0000000083f00000, 0x0000000083f00000|100%| O|  |TAMS 0x0000000083f00000, 0x0000000083f00000| Untracked 
|  63|0x0000000083f00000, 0x0000000084000000, 0x0000000084000000|100%| O|  |TAMS 0x0000000084000000, 0x0000000084000000| Untracked 
|  64|0x0000000084000000, 0x0000000084100000, 0x0000000084100000|100%| O|  |TAMS 0x0000000084100000, 0x0000000084100000| Untracked 
|  65|0x0000000084100000, 0x0000000084200000, 0x0000000084200000|100%| O|  |TAMS 0x0000000084200000, 0x0000000084200000| Untracked 
|  66|0x0000000084200000, 0x0000000084300000, 0x0000000084300000|100%| O|  |TAMS 0x0000000084300000, 0x0000000084300000| Untracked 
|  67|0x0000000084300000, 0x0000000084400000, 0x0000000084400000|100%| O|  |TAMS 0x0000000084400000, 0x0000000084400000| Untracked 
|  68|0x0000000084400000, 0x0000000084500000, 0x0000000084500000|100%| O|  |TAMS 0x0000000084500000, 0x0000000084500000| Untracked 
|  69|0x0000000084500000, 0x0000000084600000, 0x0000000084600000|100%| O|  |TAMS 0x0000000084600000, 0x0000000084600000| Untracked 
|  70|0x0000000084600000, 0x0000000084700000, 0x0000000084700000|100%| O|  |TAMS 0x0000000084700000, 0x0000000084700000| Untracked 
|  71|0x0000000084700000, 0x0000000084800000, 0x0000000084800000|100%| O|  |TAMS 0x0000000084800000, 0x0000000084800000| Untracked 
|  72|0x0000000084800000, 0x0000000084900000, 0x0000000084900000|100%| O|  |TAMS 0x0000000084900000, 0x0000000084900000| Untracked 
|  73|0x0000000084900000, 0x0000000084a00000, 0x0000000084a00000|100%| O|  |TAMS 0x0000000084a00000, 0x0000000084a00000| Untracked 
|  74|0x0000000084a00000, 0x0000000084b00000, 0x0000000084b00000|100%| O|  |TAMS 0x0000000084b00000, 0x0000000084b00000| Untracked 
|  75|0x0000000084b00000, 0x0000000084c00000, 0x0000000084c00000|100%| O|  |TAMS 0x0000000084c00000, 0x0000000084c00000| Untracked 
|  76|0x0000000084c00000, 0x0000000084d00000, 0x0000000084d00000|100%| O|  |TAMS 0x0000000084d00000, 0x0000000084d00000| Untracked 
|  77|0x0000000084d00000, 0x0000000084e00000, 0x0000000084e00000|100%| O|  |TAMS 0x0000000084e00000, 0x0000000084e00000| Untracked 
|  78|0x0000000084e00000, 0x0000000084f00000, 0x0000000084f00000|100%| O|  |TAMS 0x0000000084f00000, 0x0000000084f00000| Untracked 
|  79|0x0000000084f00000, 0x0000000085000000, 0x0000000085000000|100%| O|  |TAMS 0x0000000085000000, 0x0000000085000000| Untracked 
|  80|0x0000000085000000, 0x0000000085100000, 0x0000000085100000|100%| O|  |TAMS 0x0000000085100000, 0x0000000085100000| Untracked 
|  81|0x0000000085100000, 0x0000000085100000, 0x0000000085200000|  0%| F|  |TAMS 0x0000000085100000, 0x0000000085100000| Untracked 
|  82|0x0000000085200000, 0x0000000085300000, 0x0000000085300000|100%| O|  |TAMS 0x0000000085300000, 0x0000000085300000| Untracked 
|  83|0x0000000085300000, 0x0000000085400000, 0x0000000085400000|100%| O|  |TAMS 0x0000000085400000, 0x0000000085400000| Untracked 
|  84|0x0000000085400000, 0x0000000085500000, 0x0000000085500000|100%| O|  |TAMS 0x0000000085500000, 0x0000000085500000| Untracked 
|  85|0x0000000085500000, 0x0000000085600000, 0x0000000085600000|100%| O|  |TAMS 0x0000000085600000, 0x0000000085600000| Untracked 
|  86|0x0000000085600000, 0x0000000085700000, 0x0000000085700000|100%| O|  |TAMS 0x0000000085700000, 0x0000000085700000| Untracked 
|  87|0x0000000085700000, 0x0000000085800000, 0x0000000085800000|100%| O|  |TAMS 0x0000000085800000, 0x0000000085800000| Untracked 
|  88|0x0000000085800000, 0x0000000085900000, 0x0000000085900000|100%| O|  |TAMS 0x0000000085900000, 0x0000000085900000| Untracked 
|  89|0x0000000085900000, 0x0000000085a00000, 0x0000000085a00000|100%| O|  |TAMS 0x0000000085a00000, 0x0000000085a00000| Untracked 
|  90|0x0000000085a00000, 0x0000000085b00000, 0x0000000085b00000|100%| O|  |TAMS 0x0000000085b00000, 0x0000000085b00000| Untracked 
|  91|0x0000000085b00000, 0x0000000085c00000, 0x0000000085c00000|100%| O|  |TAMS 0x0000000085c00000, 0x0000000085c00000| Untracked 
|  92|0x0000000085c00000, 0x0000000085d00000, 0x0000000085d00000|100%| O|  |TAMS 0x0000000085d00000, 0x0000000085d00000| Untracked 
|  93|0x0000000085d00000, 0x0000000085e00000, 0x0000000085e00000|100%| O|  |TAMS 0x0000000085e00000, 0x0000000085e00000| Untracked 
|  94|0x0000000085e00000, 0x0000000085f00000, 0x0000000085f00000|100%| O|  |TAMS 0x0000000085f00000, 0x0000000085f00000| Untracked 
|  95|0x0000000085f00000, 0x0000000086000000, 0x0000000086000000|100%| O|  |TAMS 0x0000000086000000, 0x0000000086000000| Untracked 
|  96|0x0000000086000000, 0x0000000086100000, 0x0000000086100000|100%| O|  |TAMS 0x0000000086100000, 0x0000000086100000| Untracked 
|  97|0x0000000086100000, 0x0000000086200000, 0x0000000086200000|100%| O|  |TAMS 0x0000000086200000, 0x0000000086200000| Untracked 
|  98|0x0000000086200000, 0x0000000086300000, 0x0000000086300000|100%| O|  |TAMS 0x0000000086300000, 0x0000000086300000| Untracked 
|  99|0x0000000086300000, 0x0000000086400000, 0x0000000086400000|100%| O|  |TAMS 0x0000000086400000, 0x0000000086400000| Untracked 
| 100|0x0000000086400000, 0x0000000086500000, 0x0000000086500000|100%| O|  |TAMS 0x0000000086400000, 0x0000000086500000| Untracked 
| 101|0x0000000086500000, 0x0000000086600000, 0x0000000086600000|100%| O|  |TAMS 0x0000000086500000, 0x0000000086600000| Untracked 
| 102|0x0000000086600000, 0x0000000086700000, 0x0000000086700000|100%| O|  |TAMS 0x0000000086700000, 0x0000000086700000| Untracked 
| 103|0x0000000086700000, 0x0000000086800000, 0x0000000086800000|100%| O|  |TAMS 0x0000000086800000, 0x0000000086800000| Untracked 
| 104|0x0000000086800000, 0x0000000086900000, 0x0000000086900000|100%| O|  |TAMS 0x0000000086900000, 0x0000000086900000| Untracked 
| 105|0x0000000086900000, 0x0000000086a00000, 0x0000000086a00000|100%| O|  |TAMS 0x0000000086a00000, 0x0000000086a00000| Untracked 
| 106|0x0000000086a00000, 0x0000000086b00000, 0x0000000086b00000|100%| O|  |TAMS 0x0000000086b00000, 0x0000000086b00000| Untracked 
| 107|0x0000000086b00000, 0x0000000086c00000, 0x0000000086c00000|100%| O|  |TAMS 0x0000000086b6fc00, 0x0000000086c00000| Untracked 
| 108|0x0000000086c00000, 0x0000000086c00000, 0x0000000086d00000|  0%| F|  |TAMS 0x0000000086c00000, 0x0000000086c00000| Untracked 
| 109|0x0000000086d00000, 0x0000000086e00000, 0x0000000086e00000|100%| O|  |TAMS 0x0000000086e00000, 0x0000000086e00000| Untracked 
| 110|0x0000000086e00000, 0x0000000086f00000, 0x0000000086f00000|100%| O|  |TAMS 0x0000000086e00000, 0x0000000086f00000| Untracked 
| 111|0x0000000086f00000, 0x0000000087000000, 0x0000000087000000|100%| O|  |TAMS 0x0000000086f00000, 0x0000000087000000| Untracked 
| 112|0x0000000087000000, 0x0000000087100000, 0x0000000087100000|100%| O|  |TAMS 0x0000000087000000, 0x0000000087100000| Untracked 
| 113|0x0000000087100000, 0x0000000087200000, 0x0000000087200000|100%| O|  |TAMS 0x0000000087200000, 0x0000000087200000| Untracked 
| 114|0x0000000087200000, 0x0000000087300000, 0x0000000087300000|100%| O|  |TAMS 0x0000000087300000, 0x0000000087300000| Untracked 
| 115|0x0000000087300000, 0x0000000087400000, 0x0000000087400000|100%| O|  |TAMS 0x0000000087300000, 0x0000000087400000| Untracked 
| 116|0x0000000087400000, 0x0000000087500000, 0x0000000087500000|100%| O|  |TAMS 0x0000000087400000, 0x0000000087500000| Untracked 
| 117|0x0000000087500000, 0x0000000087600000, 0x0000000087600000|100%| O|  |TAMS 0x0000000087600000, 0x0000000087600000| Untracked 
| 118|0x0000000087600000, 0x0000000087700000, 0x0000000087700000|100%| O|  |TAMS 0x0000000087600000, 0x0000000087700000| Untracked 
| 119|0x0000000087700000, 0x0000000087800000, 0x0000000087800000|100%| O|  |TAMS 0x0000000087700000, 0x0000000087800000| Untracked 
| 120|0x0000000087800000, 0x0000000087900000, 0x0000000087900000|100%| O|  |TAMS 0x0000000087800000, 0x0000000087900000| Untracked 
| 121|0x0000000087900000, 0x0000000087a00000, 0x0000000087a00000|100%| O|  |TAMS 0x0000000087900000, 0x0000000087a00000| Untracked 
| 122|0x0000000087a00000, 0x0000000087b00000, 0x0000000087b00000|100%| O|  |TAMS 0x0000000087a00000, 0x0000000087b00000| Untracked 
| 123|0x0000000087b00000, 0x0000000087c00000, 0x0000000087c00000|100%| O|  |TAMS 0x0000000087b00000, 0x0000000087c00000| Untracked 
| 124|0x0000000087c00000, 0x0000000087d00000, 0x0000000087d00000|100%| O|  |TAMS 0x0000000087c00000, 0x0000000087d00000| Untracked 
| 125|0x0000000087d00000, 0x0000000087e00000, 0x0000000087e00000|100%| O|  |TAMS 0x0000000087d00000, 0x0000000087e00000| Untracked 
| 126|0x0000000087e00000, 0x0000000087f00000, 0x0000000087f00000|100%| O|  |TAMS 0x0000000087e00000, 0x0000000087f00000| Untracked 
| 127|0x0000000087f00000, 0x0000000088000000, 0x0000000088000000|100%| O|  |TAMS 0x0000000087f00000, 0x0000000088000000| Untracked 
| 128|0x0000000088000000, 0x0000000088100000, 0x0000000088100000|100%| O|  |TAMS 0x0000000088000000, 0x0000000088100000| Untracked 
| 129|0x0000000088100000, 0x000000008818ee00, 0x0000000088200000| 55%| O|  |TAMS 0x0000000088100000, 0x000000008818ee00| Untracked 
| 130|0x0000000088200000, 0x0000000088200000, 0x0000000088300000|  0%| F|  |TAMS 0x0000000088200000, 0x0000000088200000| Untracked 
| 131|0x0000000088300000, 0x0000000088300000, 0x0000000088400000|  0%| F|  |TAMS 0x0000000088300000, 0x0000000088300000| Untracked 
| 132|0x0000000088400000, 0x0000000088400000, 0x0000000088500000|  0%| F|  |TAMS 0x0000000088400000, 0x0000000088400000| Untracked 
| 133|0x0000000088500000, 0x0000000088500000, 0x0000000088600000|  0%| F|  |TAMS 0x0000000088500000, 0x0000000088500000| Untracked 
| 134|0x0000000088600000, 0x0000000088600000, 0x0000000088700000|  0%| F|  |TAMS 0x0000000088600000, 0x0000000088600000| Untracked 
| 135|0x0000000088700000, 0x0000000088700000, 0x0000000088800000|  0%| F|  |TAMS 0x0000000088700000, 0x0000000088700000| Untracked 
| 136|0x0000000088800000, 0x0000000088800000, 0x0000000088900000|  0%| F|  |TAMS 0x0000000088800000, 0x0000000088800000| Untracked 
| 137|0x0000000088900000, 0x0000000088900000, 0x0000000088a00000|  0%| F|  |TAMS 0x0000000088900000, 0x0000000088900000| Untracked 
| 138|0x0000000088a00000, 0x0000000088a00000, 0x0000000088b00000|  0%| F|  |TAMS 0x0000000088a00000, 0x0000000088a00000| Untracked 
| 139|0x0000000088b00000, 0x0000000088b00000, 0x0000000088c00000|  0%| F|  |TAMS 0x0000000088b00000, 0x0000000088b00000| Untracked 
| 140|0x0000000088c00000, 0x0000000088c00000, 0x0000000088d00000|  0%| F|  |TAMS 0x0000000088c00000, 0x0000000088c00000| Untracked 
| 141|0x0000000088d00000, 0x0000000088d00000, 0x0000000088e00000|  0%| F|  |TAMS 0x0000000088d00000, 0x0000000088d00000| Untracked 
| 142|0x0000000088e00000, 0x0000000088e00000, 0x0000000088f00000|  0%| F|  |TAMS 0x0000000088e00000, 0x0000000088e00000| Untracked 
| 143|0x0000000088f00000, 0x0000000088f00000, 0x0000000089000000|  0%| F|  |TAMS 0x0000000088f00000, 0x0000000088f00000| Untracked 
| 144|0x0000000089000000, 0x0000000089000000, 0x0000000089100000|  0%| F|  |TAMS 0x0000000089000000, 0x0000000089000000| Untracked 
| 145|0x0000000089100000, 0x0000000089100000, 0x0000000089200000|  0%| F|  |TAMS 0x0000000089100000, 0x0000000089100000| Untracked 
| 146|0x0000000089200000, 0x0000000089200000, 0x0000000089300000|  0%| F|  |TAMS 0x0000000089200000, 0x0000000089200000| Untracked 
| 147|0x0000000089300000, 0x0000000089300000, 0x0000000089400000|  0%| F|  |TAMS 0x0000000089300000, 0x0000000089300000| Untracked 
| 148|0x0000000089400000, 0x0000000089400000, 0x0000000089500000|  0%| F|  |TAMS 0x0000000089400000, 0x0000000089400000| Untracked 
| 149|0x0000000089500000, 0x0000000089500000, 0x0000000089600000|  0%| F|  |TAMS 0x0000000089500000, 0x0000000089500000| Untracked 
| 150|0x0000000089600000, 0x0000000089600000, 0x0000000089700000|  0%| F|  |TAMS 0x0000000089600000, 0x0000000089600000| Untracked 
| 151|0x0000000089700000, 0x0000000089700000, 0x0000000089800000|  0%| F|  |TAMS 0x0000000089700000, 0x0000000089700000| Untracked 
| 152|0x0000000089800000, 0x0000000089800000, 0x0000000089900000|  0%| F|  |TAMS 0x0000000089800000, 0x0000000089800000| Untracked 
| 153|0x0000000089900000, 0x0000000089900000, 0x0000000089a00000|  0%| F|  |TAMS 0x0000000089900000, 0x0000000089900000| Untracked 
| 154|0x0000000089a00000, 0x0000000089a00000, 0x0000000089b00000|  0%| F|  |TAMS 0x0000000089a00000, 0x0000000089a00000| Untracked 
| 155|0x0000000089b00000, 0x0000000089b00000, 0x0000000089c00000|  0%| F|  |TAMS 0x0000000089b00000, 0x0000000089b00000| Untracked 
| 156|0x0000000089c00000, 0x0000000089c00000, 0x0000000089d00000|  0%| F|  |TAMS 0x0000000089c00000, 0x0000000089c00000| Untracked 
| 157|0x0000000089d00000, 0x0000000089d00000, 0x0000000089e00000|  0%| F|  |TAMS 0x0000000089d00000, 0x0000000089d00000| Untracked 
| 158|0x0000000089e00000, 0x0000000089e00000, 0x0000000089f00000|  0%| F|  |TAMS 0x0000000089e00000, 0x0000000089e00000| Untracked 
| 159|0x0000000089f00000, 0x0000000089f00000, 0x000000008a000000|  0%| F|  |TAMS 0x0000000089f00000, 0x0000000089f00000| Untracked 
| 160|0x000000008a000000, 0x000000008a000000, 0x000000008a100000|  0%| F|  |TAMS 0x000000008a000000, 0x000000008a000000| Untracked 
| 161|0x000000008a100000, 0x000000008a100000, 0x000000008a200000|  0%| F|  |TAMS 0x000000008a100000, 0x000000008a100000| Untracked 
| 162|0x000000008a200000, 0x000000008a200000, 0x000000008a300000|  0%| F|  |TAMS 0x000000008a200000, 0x000000008a200000| Untracked 
| 163|0x000000008a300000, 0x000000008a300000, 0x000000008a400000|  0%| F|  |TAMS 0x000000008a300000, 0x000000008a300000| Untracked 
| 164|0x000000008a400000, 0x000000008a400000, 0x000000008a500000|  0%| F|  |TAMS 0x000000008a400000, 0x000000008a400000| Untracked 
| 165|0x000000008a500000, 0x000000008a500000, 0x000000008a600000|  0%| F|  |TAMS 0x000000008a500000, 0x000000008a500000| Untracked 
| 166|0x000000008a600000, 0x000000008a600000, 0x000000008a700000|  0%| F|  |TAMS 0x000000008a600000, 0x000000008a600000| Untracked 
| 167|0x000000008a700000, 0x000000008a700000, 0x000000008a800000|  0%| F|  |TAMS 0x000000008a700000, 0x000000008a700000| Untracked 
| 168|0x000000008a800000, 0x000000008a800000, 0x000000008a900000|  0%| F|  |TAMS 0x000000008a800000, 0x000000008a800000| Untracked 
| 169|0x000000008a900000, 0x000000008a900000, 0x000000008aa00000|  0%| F|  |TAMS 0x000000008a900000, 0x000000008a900000| Untracked 
| 170|0x000000008aa00000, 0x000000008aa00000, 0x000000008ab00000|  0%| F|  |TAMS 0x000000008aa00000, 0x000000008aa00000| Untracked 
| 171|0x000000008ab00000, 0x000000008ab00000, 0x000000008ac00000|  0%| F|  |TAMS 0x000000008ab00000, 0x000000008ab00000| Untracked 
| 172|0x000000008ac00000, 0x000000008ac00000, 0x000000008ad00000|  0%| F|  |TAMS 0x000000008ac00000, 0x000000008ac00000| Untracked 
| 173|0x000000008ad00000, 0x000000008ad00000, 0x000000008ae00000|  0%| F|  |TAMS 0x000000008ad00000, 0x000000008ad00000| Untracked 
| 174|0x000000008ae00000, 0x000000008ae00000, 0x000000008af00000|  0%| F|  |TAMS 0x000000008ae00000, 0x000000008ae00000| Untracked 
| 175|0x000000008af00000, 0x000000008af00000, 0x000000008b000000|  0%| F|  |TAMS 0x000000008af00000, 0x000000008af00000| Untracked 
| 176|0x000000008b000000, 0x000000008b000000, 0x000000008b100000|  0%| F|  |TAMS 0x000000008b000000, 0x000000008b000000| Untracked 
| 177|0x000000008b100000, 0x000000008b100000, 0x000000008b200000|  0%| F|  |TAMS 0x000000008b100000, 0x000000008b100000| Untracked 
| 178|0x000000008b200000, 0x000000008b200000, 0x000000008b300000|  0%| F|  |TAMS 0x000000008b200000, 0x000000008b200000| Untracked 
| 179|0x000000008b300000, 0x000000008b300000, 0x000000008b400000|  0%| F|  |TAMS 0x000000008b300000, 0x000000008b300000| Untracked 
| 180|0x000000008b400000, 0x000000008b400000, 0x000000008b500000|  0%| F|  |TAMS 0x000000008b400000, 0x000000008b400000| Untracked 
| 181|0x000000008b500000, 0x000000008b500000, 0x000000008b600000|  0%| F|  |TAMS 0x000000008b500000, 0x000000008b500000| Untracked 
| 182|0x000000008b600000, 0x000000008b600000, 0x000000008b700000|  0%| F|  |TAMS 0x000000008b600000, 0x000000008b600000| Untracked 
| 183|0x000000008b700000, 0x000000008b700000, 0x000000008b800000|  0%| F|  |TAMS 0x000000008b700000, 0x000000008b700000| Untracked 
| 184|0x000000008b800000, 0x000000008b800000, 0x000000008b900000|  0%| F|  |TAMS 0x000000008b800000, 0x000000008b800000| Untracked 
| 185|0x000000008b900000, 0x000000008b900000, 0x000000008ba00000|  0%| F|  |TAMS 0x000000008b900000, 0x000000008b900000| Untracked 
| 186|0x000000008ba00000, 0x000000008ba00000, 0x000000008bb00000|  0%| F|  |TAMS 0x000000008ba00000, 0x000000008ba00000| Untracked 
| 187|0x000000008bb00000, 0x000000008bb00000, 0x000000008bc00000|  0%| F|  |TAMS 0x000000008bb00000, 0x000000008bb00000| Untracked 
| 188|0x000000008bc00000, 0x000000008bc00000, 0x000000008bd00000|  0%| F|  |TAMS 0x000000008bc00000, 0x000000008bc00000| Untracked 
| 189|0x000000008bd00000, 0x000000008bd00000, 0x000000008be00000|  0%| F|  |TAMS 0x000000008bd00000, 0x000000008bd00000| Untracked 
| 190|0x000000008be00000, 0x000000008be00000, 0x000000008bf00000|  0%| F|  |TAMS 0x000000008be00000, 0x000000008be00000| Untracked 
| 191|0x000000008bf00000, 0x000000008bf00000, 0x000000008c000000|  0%| F|  |TAMS 0x000000008bf00000, 0x000000008bf00000| Untracked 
| 192|0x000000008c000000, 0x000000008c000000, 0x000000008c100000|  0%| F|  |TAMS 0x000000008c000000, 0x000000008c000000| Untracked 
| 193|0x000000008c100000, 0x000000008c100000, 0x000000008c200000|  0%| F|  |TAMS 0x000000008c100000, 0x000000008c100000| Untracked 
| 194|0x000000008c200000, 0x000000008c200000, 0x000000008c300000|  0%| F|  |TAMS 0x000000008c200000, 0x000000008c200000| Untracked 
| 195|0x000000008c300000, 0x000000008c300000, 0x000000008c400000|  0%| F|  |TAMS 0x000000008c300000, 0x000000008c300000| Untracked 
| 196|0x000000008c400000, 0x000000008c400000, 0x000000008c500000|  0%| F|  |TAMS 0x000000008c400000, 0x000000008c400000| Untracked 
| 197|0x000000008c500000, 0x000000008c500000, 0x000000008c600000|  0%| F|  |TAMS 0x000000008c500000, 0x000000008c500000| Untracked 
| 198|0x000000008c600000, 0x000000008c600000, 0x000000008c700000|  0%| F|  |TAMS 0x000000008c600000, 0x000000008c600000| Untracked 
| 199|0x000000008c700000, 0x000000008c700000, 0x000000008c800000|  0%| F|  |TAMS 0x000000008c700000, 0x000000008c700000| Untracked 
| 200|0x000000008c800000, 0x000000008c800000, 0x000000008c900000|  0%| F|  |TAMS 0x000000008c800000, 0x000000008c800000| Untracked 
| 201|0x000000008c900000, 0x000000008c900000, 0x000000008ca00000|  0%| F|  |TAMS 0x000000008c900000, 0x000000008c900000| Untracked 
| 202|0x000000008ca00000, 0x000000008ca00000, 0x000000008cb00000|  0%| F|  |TAMS 0x000000008ca00000, 0x000000008ca00000| Untracked 
| 203|0x000000008cb00000, 0x000000008cb00000, 0x000000008cc00000|  0%| F|  |TAMS 0x000000008cb00000, 0x000000008cb00000| Untracked 
| 204|0x000000008cc00000, 0x000000008cc00000, 0x000000008cd00000|  0%| F|  |TAMS 0x000000008cc00000, 0x000000008cc00000| Untracked 
| 205|0x000000008cd00000, 0x000000008cd00000, 0x000000008ce00000|  0%| F|  |TAMS 0x000000008cd00000, 0x000000008cd00000| Untracked 
| 206|0x000000008ce00000, 0x000000008ce00000, 0x000000008cf00000|  0%| F|  |TAMS 0x000000008ce00000, 0x000000008ce00000| Untracked 
| 207|0x000000008cf00000, 0x000000008cf2a7c0, 0x000000008d000000| 16%| S|CS|TAMS 0x000000008cf00000, 0x000000008cf00000| Complete 
| 208|0x000000008d000000, 0x000000008d100000, 0x000000008d100000|100%| S|CS|TAMS 0x000000008d000000, 0x000000008d000000| Complete 
| 209|0x000000008d100000, 0x000000008d200000, 0x000000008d200000|100%| S|CS|TAMS 0x000000008d100000, 0x000000008d100000| Complete 
| 210|0x000000008d200000, 0x000000008d200000, 0x000000008d300000|  0%| F|  |TAMS 0x000000008d200000, 0x000000008d200000| Untracked 
| 211|0x000000008d300000, 0x000000008d300000, 0x000000008d400000|  0%| F|  |TAMS 0x000000008d300000, 0x000000008d300000| Untracked 
| 212|0x000000008d400000, 0x000000008d400000, 0x000000008d500000|  0%| F|  |TAMS 0x000000008d400000, 0x000000008d400000| Untracked 
| 213|0x000000008d500000, 0x000000008d500000, 0x000000008d600000|  0%| F|  |TAMS 0x000000008d500000, 0x000000008d500000| Untracked 
| 214|0x000000008d600000, 0x000000008d600000, 0x000000008d700000|  0%| F|  |TAMS 0x000000008d600000, 0x000000008d600000| Untracked 
| 215|0x000000008d700000, 0x000000008d700000, 0x000000008d800000|  0%| F|  |TAMS 0x000000008d700000, 0x000000008d700000| Untracked 
| 216|0x000000008d800000, 0x000000008d800000, 0x000000008d900000|  0%| F|  |TAMS 0x000000008d800000, 0x000000008d800000| Untracked 
| 217|0x000000008d900000, 0x000000008d900000, 0x000000008da00000|  0%| F|  |TAMS 0x000000008d900000, 0x000000008d900000| Untracked 
| 218|0x000000008da00000, 0x000000008da00000, 0x000000008db00000|  0%| F|  |TAMS 0x000000008da00000, 0x000000008da00000| Untracked 
| 219|0x000000008db00000, 0x000000008db00000, 0x000000008dc00000|  0%| F|  |TAMS 0x000000008db00000, 0x000000008db00000| Untracked 
| 220|0x000000008dc00000, 0x000000008dc00000, 0x000000008dd00000|  0%| F|  |TAMS 0x000000008dc00000, 0x000000008dc00000| Untracked 
| 221|0x000000008dd00000, 0x000000008dd00000, 0x000000008de00000|  0%| F|  |TAMS 0x000000008dd00000, 0x000000008dd00000| Untracked 

Card table byte_map: [0x000002557b290000,0x000002557b690000] _byte_map_base: 0x000002557ae90000

Marking Bits (Prev, Next): (CMBitMap*) 0x0000025566798c20, (CMBitMap*) 0x0000025566798be0
 Prev Bits: [0x000002557da90000, 0x000002557fa90000)
 Next Bits: [0x000002557ba90000, 0x000002557da90000)

Polling page: 0x00000255665f0000

Metaspace:

Usage:
  Non-class:    102.92 MB used.
      Class:     15.66 MB used.
       Both:    118.58 MB used.

Virtual space:
  Non-class space:      104.00 MB reserved,     103.38 MB (>99%) committed,  13 nodes.
      Class space:        1.00 GB reserved,      16.00 MB (  2%) committed,  1 nodes.
             Both:        1.10 GB reserved,     119.38 MB ( 11%) committed. 

Chunk freelists:
   Non-Class:  240.00 KB
       Class:  32.00 KB
        Both:  272.00 KB

MaxMetaspaceSize: unlimited
CompressedClassSpaceSize: 1.00 GB
Initial GC threshold: 21.00 MB
Current GC threshold: 194.69 MB
CDS: off
MetaspaceReclaimPolicy: balanced
 - commit_granule_bytes: 65536.
 - commit_granule_words: 8192.
 - virtual_space_node_default_size: 1048576.
 - enlarge_chunks_in_place: 1.
 - new_chunks_are_fully_committed: 0.
 - uncommit_free_chunks: 1.
 - use_allocation_guard: 0.
 - handle_deallocations: 1.


Internal statistics:

num_allocs_failed_limit: 6.
num_arena_births: 1216.
num_arena_deaths: 0.
num_vsnodes_births: 14.
num_vsnodes_deaths: 0.
num_space_committed: 1909.
num_space_uncommitted: 0.
num_chunks_returned_to_freelist: 6.
num_chunks_taken_from_freelist: 5541.
num_chunk_merges: 6.
num_chunk_splits: 3716.
num_chunks_enlarged: 2523.
num_purges: 0.
num_inconsistent_stats: 0.

CodeHeap 'non-profiled nmethods': size=120000Kb used=8831Kb max_used=8831Kb free=111168Kb
 bounds [0x0000025572ef0000, 0x0000025573790000, 0x000002557a420000]
CodeHeap 'profiled nmethods': size=120000Kb used=28524Kb max_used=28524Kb free=91475Kb
 bounds [0x000002556b420000, 0x000002556d000000, 0x0000025572950000]
CodeHeap 'non-nmethods': size=5760Kb used=2535Kb max_used=2579Kb free=3224Kb
 bounds [0x0000025572950000, 0x0000025572be0000, 0x0000025572ef0000]
 total_blobs=15391 nmethods=14285 adapters=1018
 compilation: enabled
              stopped_count=0, restarted_count=0
 full_count=0

Compilation events (20 events):
Event: 202.579 Thread 0x000002550301a140 nmethod 17299 0x000002556cfde190 code [0x000002556cfde8c0, 0x000002556cfe25d8]
Event: 202.579 Thread 0x000002550301a140 17287       2       com.android.tools.r8.internal.d7::<init> (112 bytes)
Event: 202.579 Thread 0x000002550301a140 nmethod 17287 0x000002556cfe4690 code [0x000002556cfe4820, 0x000002556cfe4978]
Event: 202.579 Thread 0x000002550301a140 17307       2       com.android.tools.r8.internal.Wh::a (122 bytes)
Event: 202.579 Thread 0x000002550301a140 nmethod 17307 0x000002556cfe4a10 code [0x000002556cfe4c40, 0x000002556cfe5358]
Event: 202.579 Thread 0x000002550301a140 17302       2       com.android.tools.r8.internal.D6::a (86 bytes)
Event: 202.580 Thread 0x000002550301a140 nmethod 17302 0x000002556cfe5590 code [0x000002556cfe57a0, 0x000002556cfe5c18]
Event: 202.580 Thread 0x000002550301a140 17303       2       com.android.tools.r8.internal.D6::<init> (43 bytes)
Event: 202.580 Thread 0x000002550301a140 nmethod 17303 0x000002556cfe5e90 code [0x000002556cfe6020, 0x000002556cfe61d8]
Event: 202.580 Thread 0x000002550301a140 17304       2       com.android.tools.r8.graph.h4::a (72 bytes)
Event: 202.581 Thread 0x000002550301a140 nmethod 17304 0x000002556cfe6290 code [0x000002556cfe6500, 0x000002556cfe6dc8]
Event: 202.581 Thread 0x000002550301a140 17323       2       com.android.tools.r8.graph.h4::a (174 bytes)
Event: 202.593 Thread 0x000002550301a140 nmethod 17323 0x000002556cfe7410 code [0x000002556cfe76c0, 0x000002556cfe8228]
Event: 202.594 Thread 0x000002550301a140 17324       2       com.android.tools.r8.internal.Y9::a (6329 bytes)
Event: 202.594 Thread 0x0000025503011830 nmethod 17257 0x000002557378eb10 code [0x000002557378ecc0, 0x000002557378fa78]
Event: 202.594 Thread 0x0000025503011830 17322       4       com.android.tools.r8.utils.t0::e (297 bytes)
Event: 202.625 Thread 0x000002550301a140 nmethod 17324 0x000002556cfe8990 code [0x000002556cfe96e0, 0x000002556cff2978]
Event: 202.626 Thread 0x000002550301a140 17343       2       java.util.stream.AbstractPipeline::<init> (91 bytes)
Event: 202.626 Thread 0x000002550301a140 nmethod 17343 0x000002556cffad10 code [0x000002556cffaee0, 0x000002556cffb278]
Event: 202.626 Thread 0x000002550301a140 17331 %     3       com.android.tools.r8.internal.Rn::a @ 381 (998 bytes)

GC Heap History (20 events):
Event: 184.078 GC heap after
{Heap after GC invocations=66 (full 0):
 garbage-first heap   total 227328K, used 105908K [0x0000000080000000, 0x0000000100000000)
  region size 1024K, 1 young (1024K), 1 survivors (1024K)
 Metaspace       used 106847K, committed 107584K, reserved 1146880K
  class space    used 13960K, committed 14272K, reserved 1048576K
}
Event: 191.455 GC heap before
{Heap before GC invocations=66 (full 0):
 garbage-first heap   total 227328K, used 181684K [0x0000000080000000, 0x0000000100000000)
  region size 1024K, 76 young (77824K), 1 survivors (1024K)
 Metaspace       used 111636K, committed 112448K, reserved 1146880K
  class space    used 14594K, committed 14976K, reserved 1048576K
}
Event: 191.461 GC heap after
{Heap after GC invocations=67 (full 0):
 garbage-first heap   total 227328K, used 109882K [0x0000000080000000, 0x0000000100000000)
  region size 1024K, 5 young (5120K), 5 survivors (5120K)
 Metaspace       used 111636K, committed 112448K, reserved 1146880K
  class space    used 14594K, committed 14976K, reserved 1048576K
}
Event: 192.899 GC heap before
{Heap before GC invocations=68 (full 0):
 garbage-first heap   total 227328K, used 184634K [0x0000000080000000, 0x0000000100000000)
  region size 1024K, 79 young (80896K), 5 survivors (5120K)
 Metaspace       used 112781K, committed 113536K, reserved 1155072K
  class space    used 14737K, committed 15104K, reserved 1048576K
}
Event: 192.904 GC heap after
{Heap after GC invocations=69 (full 0):
 garbage-first heap   total 227328K, used 111291K [0x0000000080000000, 0x0000000100000000)
  region size 1024K, 6 young (6144K), 6 survivors (6144K)
 Metaspace       used 112781K, committed 113536K, reserved 1155072K
  class space    used 14737K, committed 15104K, reserved 1048576K
}
Event: 193.125 GC heap before
{Heap before GC invocations=69 (full 0):
 garbage-first heap   total 227328K, used 115387K [0x0000000080000000, 0x0000000100000000)
  region size 1024K, 11 young (11264K), 6 survivors (6144K)
 Metaspace       used 112791K, committed 113600K, reserved 1155072K
  class space    used 14738K, committed 15104K, reserved 1048576K
}
Event: 193.130 GC heap after
{Heap after GC invocations=70 (full 0):
 garbage-first heap   total 227328K, used 103749K [0x0000000080000000, 0x0000000100000000)
  region size 1024K, 1 young (1024K), 1 survivors (1024K)
 Metaspace       used 112791K, committed 113600K, reserved 1155072K
  class space    used 14738K, committed 15104K, reserved 1048576K
}
Event: 196.491 GC heap before
{Heap before GC invocations=70 (full 0):
 garbage-first heap   total 227328K, used 186693K [0x0000000080000000, 0x0000000100000000)
  region size 1024K, 83 young (84992K), 1 survivors (1024K)
 Metaspace       used 112946K, committed 113728K, reserved 1155072K
  class space    used 14743K, committed 15104K, reserved 1048576K
}
Event: 196.494 GC heap after
{Heap after GC invocations=71 (full 0):
 garbage-first heap   total 227328K, used 105089K [0x0000000080000000, 0x0000000100000000)
  region size 1024K, 3 young (3072K), 3 survivors (3072K)
 Metaspace       used 112946K, committed 113728K, reserved 1155072K
  class space    used 14743K, committed 15104K, reserved 1048576K
}
Event: 201.168 GC heap before
{Heap before GC invocations=72 (full 0):
 garbage-first heap   total 227328K, used 188033K [0x0000000080000000, 0x0000000100000000)
  region size 1024K, 85 young (87040K), 3 survivors (3072K)
 Metaspace       used 116229K, committed 117056K, reserved 1155072K
  class space    used 15241K, committed 15616K, reserved 1048576K
}
Event: 201.176 GC heap after
{Heap after GC invocations=73 (full 0):
 garbage-first heap   total 227328K, used 115439K [0x0000000080000000, 0x0000000100000000)
  region size 1024K, 11 young (11264K), 11 survivors (11264K)
 Metaspace       used 116229K, committed 117056K, reserved 1155072K
  class space    used 15241K, committed 15616K, reserved 1048576K
}
Event: 201.187 GC heap before
{Heap before GC invocations=73 (full 0):
 garbage-first heap   total 227328K, used 116463K [0x0000000080000000, 0x0000000100000000)
  region size 1024K, 12 young (12288K), 11 survivors (11264K)
 Metaspace       used 116351K, committed 117120K, reserved 1155072K
  class space    used 15271K, committed 15616K, reserved 1048576K
}
Event: 201.192 GC heap after
{Heap after GC invocations=74 (full 0):
 garbage-first heap   total 227328K, used 114472K [0x0000000080000000, 0x0000000100000000)
  region size 1024K, 2 young (2048K), 2 survivors (2048K)
 Metaspace       used 116351K, committed 117120K, reserved 1155072K
  class space    used 15271K, committed 15616K, reserved 1048576K
}
Event: 201.963 GC heap before
{Heap before GC invocations=74 (full 0):
 garbage-first heap   total 227328K, used 184104K [0x0000000080000000, 0x0000000100000000)
  region size 1024K, 71 young (72704K), 2 survivors (2048K)
 Metaspace       used 118260K, committed 119040K, reserved 1155072K
  class space    used 15515K, committed 15872K, reserved 1048576K
}
Event: 201.979 GC heap after
{Heap after GC invocations=75 (full 0):
 garbage-first heap   total 227328K, used 127662K [0x0000000080000000, 0x0000000100000000)
  region size 1024K, 9 young (9216K), 9 survivors (9216K)
 Metaspace       used 118260K, committed 119040K, reserved 1155072K
  class space    used 15515K, committed 15872K, reserved 1048576K
}
Event: 202.582 GC heap before
{Heap before GC invocations=76 (full 0):
 garbage-first heap   total 227328K, used 181934K [0x0000000080000000, 0x0000000100000000)
  region size 1024K, 63 young (64512K), 9 survivors (9216K)
 Metaspace       used 121412K, committed 122240K, reserved 1155072K
  class space    used 16035K, committed 16384K, reserved 1048576K
}
Event: 202.593 GC heap after
{Heap after GC invocations=77 (full 0):
 garbage-first heap   total 227328K, used 131942K [0x0000000080000000, 0x0000000100000000)
  region size 1024K, 5 young (5120K), 5 survivors (5120K)
 Metaspace       used 121412K, committed 122240K, reserved 1155072K
  class space    used 16035K, committed 16384K, reserved 1048576K
}
Event: 202.603 GC heap before
{Heap before GC invocations=77 (full 0):
 garbage-first heap   total 227328K, used 137062K [0x0000000080000000, 0x0000000100000000)
  region size 1024K, 11 young (11264K), 5 survivors (5120K)
 Metaspace       used 121415K, committed 122240K, reserved 1155072K
  class space    used 16035K, committed 16384K, reserved 1048576K
}
Event: 202.609 GC heap after
{Heap after GC invocations=78 (full 0):
 garbage-first heap   total 227328K, used 131987K [0x0000000080000000, 0x0000000100000000)
  region size 1024K, 2 young (2048K), 2 survivors (2048K)
 Metaspace       used 121415K, committed 122240K, reserved 1155072K
  class space    used 16035K, committed 16384K, reserved 1048576K
}
Event: 202.627 GC heap before
{Heap before GC invocations=78 (full 0):
 garbage-first heap   total 227328K, used 141203K [0x0000000080000000, 0x0000000100000000)
  region size 1024K, 12 young (12288K), 2 survivors (2048K)
 Metaspace       used 121421K, committed 122240K, reserved 1155072K
  class space    used 16036K, committed 16384K, reserved 1048576K
}

Dll operation events (2 events):
Event: 0.577 Loaded shared library C:\Program Files\Android\Android Studio\jbr\bin\java.dll
Event: 2.085 Loaded shared library C:\Program Files\Android\Android Studio\jbr\bin\verify.dll

Deoptimization events (20 events):
Event: 202.577 Thread 0x0000025507de29c0 DEOPT PACKING pc=0x000002556cf1e338 sp=0x000000a422df9ef0
Event: 202.577 Thread 0x0000025507de29c0 DEOPT UNPACKING pc=0x00000255729a7143 sp=0x000000a422df9420 mode 0
Event: 202.577 Thread 0x0000025507de29c0 DEOPT PACKING pc=0x000002556cf1e200 sp=0x000000a422df9ef0
Event: 202.578 Thread 0x0000025507de29c0 DEOPT UNPACKING pc=0x00000255729a7143 sp=0x000000a422df9420 mode 0
Event: 202.578 Thread 0x00000255075463a0 DEOPT PACKING pc=0x000002556cf1e200 sp=0x000000a4247fa270
Event: 202.578 Thread 0x00000255075463a0 DEOPT UNPACKING pc=0x00000255729a7143 sp=0x000000a4247f97a0 mode 0
Event: 202.579 Thread 0x00000255075463a0 DEOPT PACKING pc=0x000002556cf1e338 sp=0x000000a4247fa270
Event: 202.579 Thread 0x00000255075463a0 DEOPT UNPACKING pc=0x00000255729a7143 sp=0x000000a4247f97a0 mode 0
Event: 202.579 Thread 0x0000025507de29c0 DEOPT PACKING pc=0x000002556cfdb0df sp=0x000000a422df9d40
Event: 202.579 Thread 0x0000025507de29c0 DEOPT UNPACKING pc=0x00000255729a7143 sp=0x000000a422df92b8 mode 0
Event: 202.580 Thread 0x0000025507de29c0 DEOPT PACKING pc=0x000002556cf1e338 sp=0x000000a422df9ef0
Event: 202.580 Thread 0x0000025507de29c0 DEOPT UNPACKING pc=0x00000255729a7143 sp=0x000000a422df9420 mode 0
Event: 202.581 Thread 0x0000025507de29c0 DEOPT PACKING pc=0x000002556cf1e338 sp=0x000000a422df9ea0
Event: 202.581 Thread 0x0000025507de29c0 DEOPT UNPACKING pc=0x00000255729a7143 sp=0x000000a422df93d0 mode 0
Event: 202.593 Thread 0x00000255075463a0 DEOPT PACKING pc=0x000002556cf1e338 sp=0x000000a4247fa1a0
Event: 202.593 Thread 0x00000255075463a0 DEOPT UNPACKING pc=0x00000255729a7143 sp=0x000000a4247f96d0 mode 0
Event: 202.602 Thread 0x00000255075463a0 DEOPT PACKING pc=0x000002556cfdb0df sp=0x000000a4247f9d90
Event: 202.602 Thread 0x00000255075463a0 DEOPT UNPACKING pc=0x00000255729a7143 sp=0x000000a4247f9308 mode 0
Event: 202.619 Thread 0x00000255075463a0 DEOPT PACKING pc=0x000002556cfdb0df sp=0x000000a4247f9c30
Event: 202.619 Thread 0x00000255075463a0 DEOPT UNPACKING pc=0x00000255729a7143 sp=0x000000a4247f91a8 mode 0

Classes unloaded (0 events):
No events

Classes redefined (0 events):
No events

Internal exceptions (20 events):
Event: 201.168 Thread 0x00000255075463a0 Exception <a 'java/lang/IncompatibleClassChangeError'{0x0000000088d23f50}: Found class java.lang.Object, but interface was expected> (0x0000000088d23f50) 
thrown [s\src\hotspot\share\interpreter\linkResolver.cpp, line 838]
Event: 201.168 Thread 0x000002550754a230 Exception <a 'java/lang/IncompatibleClassChangeError'{0x0000000088fe69a0}: Found class java.lang.Object, but interface was expected> (0x0000000088fe69a0) 
thrown [s\src\hotspot\share\interpreter\linkResolver.cpp, line 838]
Event: 201.168 Thread 0x0000025507548550 Exception <a 'java/lang/IncompatibleClassChangeError'{0x0000000088fdb510}: Found class java.lang.Object, but interface was expected> (0x0000000088fdb510) 
thrown [s\src\hotspot\share\interpreter\linkResolver.cpp, line 838]
Event: 201.168 Thread 0x00000255047d6950 Exception <a 'java/lang/IncompatibleClassChangeError'{0x0000000088ceef38}: Found class java.lang.Object, but interface was expected> (0x0000000088ceef38) 
thrown [s\src\hotspot\share\interpreter\linkResolver.cpp, line 838]
Event: 201.168 Thread 0x0000025509ca5540 Exception <a 'java/lang/IncompatibleClassChangeError'{0x0000000088cf3470}: Found class java.lang.Object, but interface was expected> (0x0000000088cf3470) 
thrown [s\src\hotspot\share\interpreter\linkResolver.cpp, line 838]
Event: 201.168 Thread 0x00000255049323b0 Exception <a 'java/lang/IncompatibleClassChangeError'{0x0000000088fff6f0}: Found class java.lang.Object, but interface was expected> (0x0000000088fff6f0) 
thrown [s\src\hotspot\share\interpreter\linkResolver.cpp, line 838]
Event: 201.240 Thread 0x00000255075463a0 Exception <a 'java/lang/NoSuchMethodError'{0x000000008dd61370}: 'java.lang.Object java.lang.invoke.DirectMethodHandle$Holder.newInvokeSpecial(java.lang.Object, java.lang.Object, int, java.lang.Object, java.lang.Object)'> (0x000000008dd61370) 
thrown [s\src\hotspot\share\interpreter\linkResolver.cpp, line 771]
Event: 201.240 Thread 0x0000025507de29c0 Exception <a 'java/lang/NoSuchMethodError'{0x000000008dd94d88}: 'java.lang.Object java.lang.invoke.DirectMethodHandle$Holder.newInvokeSpecial(java.lang.Object, java.lang.Object, int, java.lang.Object, java.lang.Object)'> (0x000000008dd94d88) 
thrown [s\src\hotspot\share\interpreter\linkResolver.cpp, line 771]
Event: 201.240 Thread 0x0000025507548550 Exception <a 'java/lang/NoSuchMethodError'{0x000000008d958fb0}: 'java.lang.Object java.lang.invoke.DirectMethodHandle$Holder.newInvokeSpecial(java.lang.Object, java.lang.Object, int, java.lang.Object, java.lang.Object)'> (0x000000008d958fb0) 
thrown [s\src\hotspot\share\interpreter\linkResolver.cpp, line 771]
Event: 201.240 Thread 0x0000025509ca5540 Exception <a 'java/lang/NoSuchMethodError'{0x000000008d950e68}: 'java.lang.Object java.lang.invoke.DirectMethodHandle$Holder.newInvokeSpecial(java.lang.Object, java.lang.Object, int, java.lang.Object, java.lang.Object)'> (0x000000008d950e68) 
thrown [s\src\hotspot\share\interpreter\linkResolver.cpp, line 771]
Event: 201.598 Thread 0x00000255075463a0 Exception <a 'java/lang/NoSuchMethodError'{0x000000008d6d1250}: 'java.lang.Object java.lang.invoke.DirectMethodHandle$Holder.newInvokeSpecial(java.lang.Object, long)'> (0x000000008d6d1250) 
thrown [s\src\hotspot\share\interpreter\linkResolver.cpp, line 771]
Event: 202.109 Thread 0x0000025509ca63b0 Exception <a 'java/lang/NoSuchMethodError'{0x000000008d660de0}: 'java.lang.Object java.lang.invoke.DirectMethodHandle$Holder.invokeVirtual(java.lang.Object, java.lang.Object, int)'> (0x000000008d660de0) 
thrown [s\src\hotspot\share\interpreter\linkResolver.cpp, line 771]
Event: 202.139 Thread 0x0000025509ca63b0 Exception <a 'java/lang/NoSuchMethodError'{0x000000008d66d630}: 'void java.lang.invoke.DirectMethodHandle$Holder.invokeStatic(java.lang.Object, java.lang.Object, java.lang.Object, int)'> (0x000000008d66d630) 
thrown [s\src\hotspot\share\interpreter\linkResolver.cpp, line 771]
Event: 202.213 Thread 0x00000255047d6950 Exception <a 'java/lang/IncompatibleClassChangeError'{0x000000008d01e9a0}: Found class java.lang.Object, but interface was expected> (0x000000008d01e9a0) 
thrown [s\src\hotspot\share\interpreter\linkResolver.cpp, line 838]
Event: 202.213 Thread 0x0000025507de29c0 Exception <a 'java/lang/IncompatibleClassChangeError'{0x000000008d039a88}: Found class java.lang.Object, but interface was expected> (0x000000008d039a88) 
thrown [s\src\hotspot\share\interpreter\linkResolver.cpp, line 838]
Event: 202.213 Thread 0x000002550754a230 Exception <a 'java/lang/IncompatibleClassChangeError'{0x000000008d0867c0}: Found class java.lang.Object, but interface was expected> (0x000000008d0867c0) 
thrown [s\src\hotspot\share\interpreter\linkResolver.cpp, line 838]
Event: 202.213 Thread 0x0000025509ca5540 Exception <a 'java/lang/IncompatibleClassChangeError'{0x000000008d09b068}: Found class java.lang.Object, but interface was expected> (0x000000008d09b068) 
thrown [s\src\hotspot\share\interpreter\linkResolver.cpp, line 838]
Event: 202.213 Thread 0x00000255075463a0 Exception <a 'java/lang/IncompatibleClassChangeError'{0x000000008d76a1c0}: Found class java.lang.Object, but interface was expected> (0x000000008d76a1c0) 
thrown [s\src\hotspot\share\interpreter\linkResolver.cpp, line 838]
Event: 202.213 Thread 0x0000025507548550 Exception <a 'java/lang/IncompatibleClassChangeError'{0x000000008d06cc88}: Found class java.lang.Object, but interface was expected> (0x000000008d06cc88) 
thrown [s\src\hotspot\share\interpreter\linkResolver.cpp, line 838]
Event: 202.214 Thread 0x00000255049323b0 Exception <a 'java/lang/IncompatibleClassChangeError'{0x000000008d07cbe0}: Found class java.lang.Object, but interface was expected> (0x000000008d07cbe0) 
thrown [s\src\hotspot\share\interpreter\linkResolver.cpp, line 838]

VM Operations (20 events):
Event: 202.337 Executing VM operation: HandshakeAllThreads done
Event: 202.339 Executing VM operation: HandshakeAllThreads
Event: 202.339 Executing VM operation: HandshakeAllThreads done
Event: 202.340 Executing VM operation: HandshakeAllThreads
Event: 202.341 Executing VM operation: HandshakeAllThreads done
Event: 202.435 Executing VM operation: HandshakeAllThreads
Event: 202.456 Executing VM operation: HandshakeAllThreads done
Event: 202.456 Executing VM operation: HandshakeAllThreads
Event: 202.457 Executing VM operation: HandshakeAllThreads done
Event: 202.458 Executing VM operation: HandshakeAllThreads
Event: 202.458 Executing VM operation: HandshakeAllThreads done
Event: 202.471 Executing VM operation: HandshakeAllThreads
Event: 202.472 Executing VM operation: HandshakeAllThreads done
Event: 202.539 Executing VM operation: HandshakeAllThreads
Event: 202.539 Executing VM operation: HandshakeAllThreads done
Event: 202.581 Executing VM operation: G1CollectForAllocation
Event: 202.593 Executing VM operation: G1CollectForAllocation done
Event: 202.603 Executing VM operation: G1CollectForAllocation
Event: 202.609 Executing VM operation: G1CollectForAllocation done
Event: 202.627 Executing VM operation: G1TryInitiateConcMark

Events (20 events):
Event: 202.342 loading class sun/nio/cs/Surrogate$Parser done
Event: 202.342 loading class sun/nio/cs/Surrogate
Event: 202.343 loading class sun/nio/cs/Surrogate done
Event: 202.423 loading class java/util/TreeMap$AscendingSubMap
Event: 202.455 loading class java/util/TreeMap$AscendingSubMap done
Event: 202.458 loading class java/util/TreeMap$NavigableSubMap$SubMapKeyIterator
Event: 202.458 loading class java/util/TreeMap$NavigableSubMap$SubMapKeyIterator done
Event: 202.460 Thread 0x000002550302d210 flushing nmethod 0x000002557317c390
Event: 202.461 Thread 0x000002550302d210 flushing nmethod 0x0000025573260f10
Event: 202.461 Thread 0x000002550302d210 flushing nmethod 0x0000025573261210
Event: 202.464 Thread 0x000002550302d210 flushing nmethod 0x000002556b4b5310
Event: 202.465 Thread 0x000002550302d210 flushing nmethod 0x000002556b5a1390
Event: 202.466 Thread 0x000002550302d210 flushing nmethod 0x000002556b713190
Event: 202.467 Thread 0x000002550302d210 flushing nmethod 0x000002556b773890
Event: 202.467 Thread 0x000002550302d210 flushing nmethod 0x000002556b783690
Event: 202.484 Thread 0x000002550302d210 flushing nmethod 0x000002556c7d6f90
Event: 202.489 Thread 0x000002550302d210 flushing nmethod 0x000002556cea7f10
Event: 202.489 Thread 0x000002550302d210 flushing nmethod 0x000002556cea9a10
Event: 202.489 Thread 0x000002550302d210 flushing nmethod 0x000002556cebc210
Event: 202.489 Thread 0x000002550302d210 flushing nmethod 0x000002556cebc590


Dynamic libraries:
0x00007ff749330000 - 0x00007ff74933a000 	C:\Program Files\Android\Android Studio\jbr\bin\java.exe
0x00007ffad9dd0000 - 0x00007ffad9fc8000 	C:\WINDOWS\SYSTEM32\ntdll.dll
0x00007ffad90f0000 - 0x00007ffad91af000 	C:\WINDOWS\System32\KERNEL32.DLL
0x00007ffad78d0000 - 0x00007ffad7bc6000 	C:\WINDOWS\System32\KERNELBASE.dll
0x00007ffad74e0000 - 0x00007ffad75e0000 	C:\WINDOWS\System32\ucrtbase.dll
0x00007ffacbb40000 - 0x00007ffacbb57000 	C:\Program Files\Android\Android Studio\jbr\bin\jli.dll
0x00007ffacba60000 - 0x00007ffacba7b000 	C:\Program Files\Android\Android Studio\jbr\bin\VCRUNTIME140.dll
0x00007ffad7ee0000 - 0x00007ffad807d000 	C:\WINDOWS\System32\USER32.dll
0x00007ffad7c80000 - 0x00007ffad7ca2000 	C:\WINDOWS\System32\win32u.dll
0x00007ffaca0b0000 - 0x00007ffaca34a000 	C:\WINDOWS\WinSxS\amd64_microsoft.windows.common-controls_6595b64144ccf1df_6.0.19041.1110_none_60b5254171f9507e\COMCTL32.dll
0x00007ffad90c0000 - 0x00007ffad90ec000 	C:\WINDOWS\System32\GDI32.dll
0x00007ffad77b0000 - 0x00007ffad78c5000 	C:\WINDOWS\System32\gdi32full.dll
0x00007ffad9c10000 - 0x00007ffad9cae000 	C:\WINDOWS\System32\msvcrt.dll
0x00007ffad7d00000 - 0x00007ffad7d9d000 	C:\WINDOWS\System32\msvcp_win.dll
0x00007ffad8860000 - 0x00007ffad8890000 	C:\WINDOWS\System32\IMM32.DLL
0x00007ffad1ae0000 - 0x00007ffad1aec000 	C:\Program Files\Android\Android Studio\jbr\bin\vcruntime140_1.dll
0x00007ffabde40000 - 0x00007ffabdecd000 	C:\Program Files\Android\Android Studio\jbr\bin\msvcp140.dll
0x00007ffa69b50000 - 0x00007ffa6a7bd000 	C:\Program Files\Android\Android Studio\jbr\bin\server\jvm.dll
0x00007ffad91c0000 - 0x00007ffad926f000 	C:\WINDOWS\System32\ADVAPI32.dll
0x00007ffad7e40000 - 0x00007ffad7edc000 	C:\WINDOWS\System32\sechost.dll
0x00007ffad8730000 - 0x00007ffad8856000 	C:\WINDOWS\System32\RPCRT4.dll
0x00007ffad1eb0000 - 0x00007ffad1eba000 	C:\WINDOWS\SYSTEM32\VERSION.dll
0x00007ffac6280000 - 0x00007ffac6289000 	C:\WINDOWS\SYSTEM32\WSOCK32.dll
0x00007ffad8b50000 - 0x00007ffad8bbb000 	C:\WINDOWS\System32\WS2_32.dll
0x00007ffac55d0000 - 0x00007ffac55f7000 	C:\WINDOWS\SYSTEM32\WINMM.dll
0x00007ffad5350000 - 0x00007ffad5362000 	C:\WINDOWS\SYSTEM32\kernel.appcore.dll
0x00007ffacbb90000 - 0x00007ffacbb9a000 	C:\Program Files\Android\Android Studio\jbr\bin\jimage.dll
0x00007ffac8cf0000 - 0x00007ffac8ed4000 	C:\WINDOWS\SYSTEM32\DBGHELP.DLL
0x00007ffad3800000 - 0x00007ffad3834000 	C:\WINDOWS\SYSTEM32\dbgcore.DLL
0x00007ffad7da0000 - 0x00007ffad7e22000 	C:\WINDOWS\System32\bcryptPrimitives.dll
0x00007ffac6190000 - 0x00007ffac61b5000 	C:\Program Files\Android\Android Studio\jbr\bin\java.dll
0x00007ffabfe90000 - 0x00007ffabfea8000 	C:\Program Files\Android\Android Studio\jbr\bin\zip.dll
0x00007ffad9390000 - 0x00007ffad9ad4000 	C:\WINDOWS\System32\SHELL32.dll
0x00007ffad5550000 - 0x00007ffad5ce3000 	C:\WINDOWS\SYSTEM32\windows.storage.dll
0x00007ffad8cd0000 - 0x00007ffad9024000 	C:\WINDOWS\System32\combase.dll
0x00007ffad6e20000 - 0x00007ffad6e4e000 	C:\WINDOWS\SYSTEM32\Wldp.dll
0x00007ffad89c0000 - 0x00007ffad8a6d000 	C:\WINDOWS\System32\SHCORE.dll
0x00007ffad8890000 - 0x00007ffad88e5000 	C:\WINDOWS\System32\shlwapi.dll
0x00007ffad73e0000 - 0x00007ffad7405000 	C:\WINDOWS\SYSTEM32\profapi.dll
0x00007ffabce80000 - 0x00007ffabce99000 	C:\Program Files\Android\Android Studio\jbr\bin\net.dll
0x00007ffacfe10000 - 0x00007ffacff1a000 	C:\WINDOWS\SYSTEM32\WINHTTP.dll
0x00007ffad6b80000 - 0x00007ffad6bea000 	C:\WINDOWS\system32\mswsock.dll
0x00007ffabcdb0000 - 0x00007ffabcdc6000 	C:\Program Files\Android\Android Studio\jbr\bin\nio.dll
0x00007ffac5870000 - 0x00007ffac5880000 	C:\Program Files\Android\Android Studio\jbr\bin\verify.dll
0x00007ffac61f0000 - 0x00007ffac6217000 	C:\Users\jaisw\.gradle\native\68d5fa5c4cc2d200863cafc0d521ce42e7d3e7ee720ec0a83991735586a16f82\windows-amd64\native-platform.dll
0x00007ffab43e0000 - 0x00007ffab4524000 	C:\Users\jaisw\.gradle\native\e376f236ea51e6404a007f0833ffe2c6e607c4080706a723a18a27aeea778392\windows-amd64\native-platform-file-events.dll
0x00007ffacbac0000 - 0x00007ffacbac9000 	C:\Program Files\Android\Android Studio\jbr\bin\management.dll
0x00007ffacb990000 - 0x00007ffacb99b000 	C:\Program Files\Android\Android Studio\jbr\bin\management_ext.dll
0x00007ffad7e30000 - 0x00007ffad7e38000 	C:\WINDOWS\System32\PSAPI.DLL
0x00007ffad6d80000 - 0x00007ffad6d98000 	C:\WINDOWS\SYSTEM32\CRYPTSP.dll
0x00007ffad6490000 - 0x00007ffad64c4000 	C:\WINDOWS\system32\rsaenh.dll
0x00007ffad74b0000 - 0x00007ffad74d7000 	C:\WINDOWS\System32\bcrypt.dll
0x00007ffad73a0000 - 0x00007ffad73ce000 	C:\WINDOWS\SYSTEM32\USERENV.dll
0x00007ffad6d70000 - 0x00007ffad6d7c000 	C:\WINDOWS\SYSTEM32\CRYPTBASE.dll
0x00007ffad6870000 - 0x00007ffad68ab000 	C:\WINDOWS\SYSTEM32\IPHLPAPI.DLL
0x00007ffad91b0000 - 0x00007ffad91b8000 	C:\WINDOWS\System32\NSI.dll
0x00007ffad0c90000 - 0x00007ffad0ca7000 	C:\WINDOWS\SYSTEM32\dhcpcsvc6.DLL
0x00007ffad1120000 - 0x00007ffad113d000 	C:\WINDOWS\SYSTEM32\dhcpcsvc.DLL
0x00007ffad68b0000 - 0x00007ffad697a000 	C:\WINDOWS\SYSTEM32\DNSAPI.dll
0x00007ffac4fd0000 - 0x00007ffac4fd7000 	C:\WINDOWS\system32\wshunix.dll
0x00007ffad3fb0000 - 0x00007ffad3fba000 	C:\Windows\System32\rasadhlp.dll
0x00007ffad0da0000 - 0x00007ffad0e22000 	C:\WINDOWS\System32\fwpuclnt.dll
0x00007ffa93df0000 - 0x00007ffa93f88000 	C:\Program Files\Android\Android Studio\jbr\bin\awt.dll
0x00007ffad88f0000 - 0x00007ffad89bd000 	C:\WINDOWS\System32\OLEAUT32.dll
0x00007ffad5170000 - 0x00007ffad519f000 	C:\WINDOWS\SYSTEM32\dwmapi.dll
0x00007ffad4cd0000 - 0x00007ffad4d61000 	C:\WINDOWS\SYSTEM32\apphelp.dll
0x00007ffad4e80000 - 0x00007ffad4f1e000 	C:\WINDOWS\system32\uxtheme.dll
0x00007ffad9270000 - 0x00007ffad9384000 	C:\WINDOWS\System32\MSCTF.dll
0x00007ffad9ae0000 - 0x00007ffad9c0a000 	C:\WINDOWS\System32\ole32.dll
0x00007ffad65b0000 - 0x00007ffad65e3000 	C:\WINDOWS\SYSTEM32\ntmarta.dll

dbghelp: loaded successfully - version: 4.0.5 - missing functions: none
symbol engine: initialized successfully - sym options: 0x614 - pdb path: .;C:\Program Files\Android\Android Studio\jbr\bin;C:\WINDOWS\SYSTEM32;C:\WINDOWS\WinSxS\amd64_microsoft.windows.common-controls_6595b64144ccf1df_6.0.19041.1110_none_60b5254171f9507e;C:\Program Files\Android\Android Studio\jbr\bin\server;C:\Users\jaisw\.gradle\native\68d5fa5c4cc2d200863cafc0d521ce42e7d3e7ee720ec0a83991735586a16f82\windows-amd64;C:\Users\jaisw\.gradle\native\e376f236ea51e6404a007f0833ffe2c6e607c4080706a723a18a27aeea778392\windows-amd64

VM Arguments:
jvm_args: --add-opens=java.base/java.util=ALL-UNNAMED --add-opens=java.base/java.lang=ALL-UNNAMED --add-opens=java.base/java.lang.invoke=ALL-UNNAMED --add-opens=java.prefs/java.util.prefs=ALL-UNNAMED --add-opens=java.base/java.nio.charset=ALL-UNNAMED --add-opens=java.base/java.net=ALL-UNNAMED --add-opens=java.base/java.util.concurrent.atomic=ALL-UNNAMED -Xmx2048m -Dfile.encoding=UTF-8 -Duser.country=US -Duser.language=en -Duser.variant 
java_command: org.gradle.launcher.daemon.bootstrap.GradleDaemon 8.0
java_class_path (initial): C:\Users\jaisw\.gradle\wrapper\dists\gradle-8.0-bin\ca5e32bp14vu59qr306oxotwh\gradle-8.0\lib\gradle-launcher-8.0.jar
Launcher Type: SUN_STANDARD

[Global flags]
     intx CICompilerCount                          = 4                                         {product} {ergonomic}
     uint ConcGCThreads                            = 2                                         {product} {ergonomic}
     uint G1ConcRefinementThreads                  = 8                                         {product} {ergonomic}
   size_t G1HeapRegionSize                         = 1048576                                   {product} {ergonomic}
    uintx GCDrainStackTargetSize                   = 64                                        {product} {ergonomic}
   size_t InitialHeapSize                          = 100663296                                 {product} {ergonomic}
   size_t MarkStackSize                            = 4194304                                   {product} {ergonomic}
   size_t MaxHeapSize                              = 2147483648                                {product} {command line}
   size_t MaxNewSize                               = 1287651328                                {product} {ergonomic}
   size_t MinHeapDeltaBytes                        = 1048576                                   {product} {ergonomic}
   size_t MinHeapSize                              = 8388608                                   {product} {ergonomic}
    uintx NonNMethodCodeHeapSize                   = 5839372                                {pd product} {ergonomic}
    uintx NonProfiledCodeHeapSize                  = 122909434                              {pd product} {ergonomic}
    uintx ProfiledCodeHeapSize                     = 122909434                              {pd product} {ergonomic}
    uintx ReservedCodeCacheSize                    = 251658240                              {pd product} {ergonomic}
     bool SegmentedCodeCache                       = true                                      {product} {ergonomic}
   size_t SoftMaxHeapSize                          = 2147483648                             {manageable} {ergonomic}
     bool UseCompressedClassPointers               = true                           {product lp64_product} {ergonomic}
     bool UseCompressedOops                        = true                           {product lp64_product} {ergonomic}
     bool UseG1GC                                  = true                                      {product} {ergonomic}
     bool UseLargePagesIndividualAllocation        = false                                  {pd product} {ergonomic}

Logging:
Log output configuration:
 #0: stdout all=warning uptime,level,tags
 #1: stderr all=off uptime,level,tags

Environment Variables:
JAVA_HOME=C:\Program Files\Java\jdk-20
PATH=C:\Program Files\Common Files\Oracle\Java\javapath;C:\Users\jaisw\AppData\Local\Programs\Python\Python311\Scripts\;C:\Users\jaisw\AppData\Local\Programs\Python\Python311\;C:\windows\system32;C:\windows;C:\windows\System32\Wbem;C:\windows\System32\WindowsPowerShell\v1.0\;C:\windows\System32\OpenSSH\;C:\Program Files (x86)\NVIDIA Corporation\PhysX\Common;C:\Program Files\NVIDIA Corporation\NVIDIA NvDLISR;C:\WINDOWS\system32;C:\WINDOWS;C:\WINDOWS\System32\Wbem;C:\WINDOWS\System32\WindowsPowerShell\v1.0\;C:\WINDOWS\System32\OpenSSH\;C:\Program Files\Git\cmd;C:\Program Files\Java\jdk-20\bin;C:\windows\system32;C:\windows;C:\windows\System32\Wbem;C:\windows\System32\WindowsPowerShell\v1.0\;C:\windows\System32\OpenSSH\;C:\Program Files (x86)\NVIDIA Corporation\PhysX\Common;C:\Program Files\NVIDIA Corporation\NVIDIA NvDLISR;C:\WINDOWS\system32;C:\WINDOWS;C:\WINDOWS\System32\Wbem;C:\WINDOWS\System32\WindowsPowerShell\v1.0\;C:\WINDOWS\System32\OpenSSH\;C:\Program Files\swipl\bin;C:\Program Files\Git\cmd;C:\windows\system32;C:\windows;C:\windows\System32\Wbem;C:\windows\System32\WindowsPowerShell\v1.0\;C:\windows\System32\OpenSSH\;C:\Program Files (x86)\NVIDIA Corporation\PhysX\Common;C:\Program Files\NVIDIA Corporation\NVIDIA NvDLISR;C:\WINDOWS\system32;C:\WINDOWS;C:\WINDOWS\System32\Wbem;C:\WINDOWS\System32\WindowsPowerShell\v1.0\;C:\WINDOWS\System32\OpenSSH\;C:\Program Files\swipl\bin;C:\Program Files\Git\cmd;C:\Users\jaisw\AppData\Local\Microsoft\WindowsApps;C:\Program Files\Jet;C:\Users\jaisw\AppData\Local\Programs\Python\Python310\Scripts;;C:\Users\jaisw\AppData\Local\Programs\Microsoft VS Code\bin
USERNAME=jaisw
OS=Windows_NT
PROCESSOR_IDENTIFIER=AMD64 Family 23 Model 24 Stepping 1, AuthenticAMD
TMP=C:\Users\jaisw\AppData\Local\Temp
TEMP=C:\Users\jaisw\AppData\Local\Temp



---------------  S Y S T E M  ---------------

OS:
 Windows 10 , 64 bit Build 19041 (10.0.19041.3155)
OS uptime: 1 days 15:17 hours

CPU: total 8 (initial active 8) (8 cores per cpu, 2 threads per core) family 23 model 24 stepping 1 microcode 0x0, cx8, cmov, fxsr, ht, mmx, 3dnowpref, sse, sse2, sse3, ssse3, sse4a, sse4.1, sse4.2, popcnt, lzcnt, tsc, tscinvbit, avx, avx2, aes, clmul, bmi1, bmi2, adx, sha, fma, vzeroupper, clflush, clflushopt

Memory: 4k page, system-wide physical 6021M (253M free)
TotalPageFile size 24412M (AvailPageFile size 132M)
current process WorkingSet (physical memory assigned to process): 460M, peak: 497M
current process commit charge ("private bytes"): 561M, peak: 871M

vm_info: OpenJDK 64-Bit Server VM (17.0.6+0-b2043.56-9586694) for windows-amd64 JRE (17.0.6+0-b2043.56-9586694), built on Feb  9 2023 20:06:20 by "androidbuild" with MS VC++ 16.10 / 16.11 (VS2019)

END.
